#
# There is insufficient memory for the Java Runtime Environment to continue.
# Native memory allocation (malloc) failed to allocate 1547136 bytes. Error detail: Chunk::new
# Possible reasons:
#   The system is out of physical RAM or swap space
#   This process is running with CompressedOops enabled, and the Java Heap may be blocking the growth of the native heap
# Possible solutions:
#   Reduce memory load on the system
#   Increase physical memory or swap space
#   Check if swap backing store is full
#   Decrease Java heap size (-Xmx/-Xms)
#   Decrease number of Java threads
#   Decrease Java thread stack sizes (-Xss)
#   Set larger code cache with -XX:ReservedCodeCacheSize=
#   JVM is running with Unscaled Compressed Oops mode in which the Java heap is
#     placed in the first 4GB address space. The Java Heap base address is the
#     maximum limit for the native heap growth. Please use -XX:HeapBaseMinAddress
#     to set the Java Heap base and to place the Java Heap above 4GB virtual address.
# This output file may be truncated or incomplete.
#
#  Out of Memory Error (arena.cpp:191), pid=10928, tid=28040
#
# JRE version: OpenJDK Runtime Environment Temurin-17.0.11+9 (17.0.11+9) (build 17.0.11+9)
# Java VM: OpenJDK 64-Bit Server VM Temurin-17.0.11+9 (17.0.11+9, mixed mode, tiered, compressed oops, compressed class ptrs, g1 gc, windows-amd64)
# No core dump will be written. Minidumps are not enabled by default on client versions of Windows
#

---------------  S U M M A R Y ------------

Command Line: -Dfile.encoding=UTF-8 -Djavax.net.ssl.trustStoreType=WINDOWS-ROOT -Dsun.java2d.d3d=false com.st.microxplorer.maingui.STM32CubeMX D:\workspace\cubemx\jp360ica_96755\jp360ica_96755.ioc

Host: Intel(R) Core(TM) i5-1035G1 CPU @ 1.00GHz, 8 cores, 7G,  Windows 11 , 64 bit Build 22621 (10.0.22621.3958)
Time: Mon Aug 26 15:22:50 2024  Windows 11 , 64 bit Build 22621 (10.0.22621.3958) elapsed time: 16.468436 seconds (0d 0h 0m 16s)

---------------  T H R E A D  ---------------

Current thread (0x000001e66b00c3e0):  JavaThread "C2 CompilerThread0" daemon [_thread_in_native, id=28040, stack(0x0000002a52700000,0x0000002a52800000)]


Current CompileTask:
C2:  16468 6632       4       com.st.ipmodeconfigmanager.engine.ConditionMgr::parseCondition (97 bytes)

Stack: [0x0000002a52700000,0x0000002a52800000]
Native frames: (J=compiled Java code, j=interpreted, Vv=VM code, C=native code)
V  [jvm.dll+0x67d429]
V  [jvm.dll+0x834b7a]
V  [jvm.dll+0x83663e]
V  [jvm.dll+0x836ca3]
V  [jvm.dll+0x247dbf]
V  [jvm.dll+0xac534]
V  [jvm.dll+0xacb7c]
V  [jvm.dll+0x2af2cf]
V  [jvm.dll+0x5848b7]
V  [jvm.dll+0x222d82]
V  [jvm.dll+0x22317f]
V  [jvm.dll+0x21c2a0]
V  [jvm.dll+0x2197a1]
V  [jvm.dll+0x1a534d]
V  [jvm.dll+0x2295cd]
V  [jvm.dll+0x22779c]
V  [jvm.dll+0x7e9d07]
V  [jvm.dll+0x7e410a]
V  [jvm.dll+0x67c315]
C  [ucrtbase.dll+0x29333]
C  [KERNEL32.DLL+0x1257d]
C  [ntdll.dll+0x5af28]


---------------  P R O C E S S  ---------------

Threads class SMR info:
_java_thread_list=0x000001e66b6a7960, length=35, elements={
0x000001e66b020260, 0x000001e66b021120, 0x000001e66b007b80, 0x000001e66b00a460,
0x000001e66b00ad30, 0x000001e66b00b6f0, 0x000001e66b00c3e0, 0x000001e66b02df90,
0x000001e66b02e4b0, 0x000001e66b1e0e00, 0x000001e66b1eb9b0, 0x000001e66b94e0e0,
0x000001e66b89c620, 0x000001e66b99f0a0, 0x000001e66d5ebf30, 0x000001e66df19a00,
0x000001e66d590ec0, 0x000001e66d5909b0, 0x000001e66fd45580, 0x000001e66fd44650,
0x000001e66fd49240, 0x000001e66fd427f0, 0x000001e66fd422e0, 0x000001e66fd47e00,
0x000001e66fd48820, 0x000001e66fd43720, 0x000001e66da5bd60, 0x000001e66fee8c60,
0x000001e66fd48310, 0x000001e66fd45fa0, 0x000001e66fd44140, 0x000001e66fd464b0,
0x000001e66fd44b60, 0x000001e66fd45070, 0x000001e66d5904a0
}

Java Threads: ( => current thread )
  0x000001e66b020260 JavaThread "Reference Handler" daemon [_thread_blocked, id=3000, stack(0x0000002a52100000,0x0000002a52200000)]
  0x000001e66b021120 JavaThread "Finalizer" daemon [_thread_blocked, id=19584, stack(0x0000002a52200000,0x0000002a52300000)]
  0x000001e66b007b80 JavaThread "Signal Dispatcher" daemon [_thread_blocked, id=13992, stack(0x0000002a52300000,0x0000002a52400000)]
  0x000001e66b00a460 JavaThread "Attach Listener" daemon [_thread_blocked, id=28080, stack(0x0000002a52400000,0x0000002a52500000)]
  0x000001e66b00ad30 JavaThread "Service Thread" daemon [_thread_blocked, id=15344, stack(0x0000002a52500000,0x0000002a52600000)]
  0x000001e66b00b6f0 JavaThread "Monitor Deflation Thread" daemon [_thread_blocked, id=4680, stack(0x0000002a52600000,0x0000002a52700000)]
=>0x000001e66b00c3e0 JavaThread "C2 CompilerThread0" daemon [_thread_in_native, id=28040, stack(0x0000002a52700000,0x0000002a52800000)]
  0x000001e66b02df90 JavaThread "C1 CompilerThread0" daemon [_thread_blocked, id=14028, stack(0x0000002a52800000,0x0000002a52900000)]
  0x000001e66b02e4b0 JavaThread "Sweeper thread" daemon [_thread_blocked, id=4968, stack(0x0000002a52900000,0x0000002a52a00000)]
  0x000001e66b1e0e00 JavaThread "Notification Thread" daemon [_thread_blocked, id=13072, stack(0x0000002a52a00000,0x0000002a52b00000)]
  0x000001e66b1eb9b0 JavaThread "Common-Cleaner" daemon [_thread_blocked, id=27536, stack(0x0000002a52c00000,0x0000002a52d00000)]
  0x000001e66b94e0e0 JavaThread "Java2D Disposer" daemon [_thread_blocked, id=21060, stack(0x0000002a53400000,0x0000002a53500000)]
  0x000001e66b89c620 JavaThread "AWT-Shutdown" [_thread_blocked, id=10884, stack(0x0000002a53600000,0x0000002a53700000)]
  0x000001e66b99f0a0 JavaThread "AWT-Windows" daemon [_thread_in_native, id=23400, stack(0x0000002a53700000,0x0000002a53800000)]
  0x000001e66d5ebf30 JavaThread "AWT-EventQueue-0" [_thread_in_native, id=20500, stack(0x0000002a53900000,0x0000002a53a00000)]
  0x000001e66df19a00 JavaThread "SplashThread" [_thread_blocked, id=16584, stack(0x0000002a53a00000,0x0000002a53b00000)]
  0x000001e66d590ec0 JavaThread "DestroyJavaVM" [_thread_blocked, id=10840, stack(0x0000002a51a00000,0x0000002a51b00000)]
  0x000001e66d5909b0 JavaThread "TimerQueue" daemon [_thread_blocked, id=5932, stack(0x0000002a53b00000,0x0000002a53c00000)]
  0x000001e66fd45580 JavaThread "Keep-Alive-Timer" daemon [_thread_blocked, id=25024, stack(0x0000002a54500000,0x0000002a54600000)]
  0x000001e66fd44650 JavaThread "Thread-2" [_thread_blocked, id=13508, stack(0x0000002a54a00000,0x0000002a54b00000)]
  0x000001e66fd49240 JavaThread "IPC Server Thread" daemon [_thread_in_native, id=21760, stack(0x0000002a53e00000,0x0000002a53f00000)]
  0x000001e66fd427f0 JavaThread "Chromium Process Thread" [_thread_in_native, id=15636, stack(0x0000002a54300000,0x0000002a54400000)]
  0x000001e66fd422e0 JavaThread "Chromium Process Logger" daemon [_thread_in_native, id=27788, stack(0x0000002a54400000,0x0000002a54500000)]
  0x000001e66fd47e00 JavaThread "IPC Memory Reader Thread" [_thread_in_native, id=24664, stack(0x0000002a54b00000,0x0000002a54c00000)]
  0x000001e66fd48820 JavaThread "Browser Thread: 21a6a262-72e9-4655-803b-60917ec3af06" daemon [_thread_blocked, id=28016, stack(0x0000002a54c00000,0x0000002a54d00000)]
  0x000001e66fd43720 JavaThread "Socket Connection Checker: 21a6a262-72e9-4655-803b-60917ec3af06" [_thread_in_native, id=17028, stack(0x0000002a54d00000,0x0000002a54e00000)]
  0x000001e66da5bd60 JavaThread "C2 CompilerThread1" daemon [_thread_in_native, id=12728, stack(0x0000002a54e00000,0x0000002a54f00000)]
  0x000001e66fee8c60 JavaThread "C2 CompilerThread2" daemon [_thread_in_native, id=12864, stack(0x0000002a54f00000,0x0000002a55000000)]
  0x000001e66fd48310 JavaThread "GPU Thread: bb1ecae1-9bc0-4e33-a625-c911d88f16f1" daemon [_thread_blocked, id=7204, stack(0x0000002a55200000,0x0000002a55300000)]
  0x000001e66fd45fa0 JavaThread "IPC Memory Reader Thread" [_thread_in_native, id=18908, stack(0x0000002a55100000,0x0000002a55200000)]
  0x000001e66fd44140 JavaThread "Socket Connection Checker: bb1ecae1-9bc0-4e33-a625-c911d88f16f1" [_thread_in_native, id=27996, stack(0x0000002a55300000,0x0000002a55400000)]
  0x000001e66fd464b0 JavaThread "Render Thread: 5566afb6-2cb3-41f8-8770-bf354e103cbb" daemon [_thread_blocked, id=9156, stack(0x0000002a55600000,0x0000002a55700000)]
  0x000001e66fd44b60 JavaThread "IPC Memory Reader Thread" [_thread_in_native, id=17296, stack(0x0000002a55500000,0x0000002a55600000)]
  0x000001e66fd45070 JavaThread "Socket Connection Checker: 5566afb6-2cb3-41f8-8770-bf354e103cbb" [_thread_in_native, id=7404, stack(0x0000002a55700000,0x0000002a55800000)]
  0x000001e66d5904a0 JavaThread "SwingWorker-pool-4-thread-1" daemon [_thread_in_Java, id=16052, stack(0x0000002a53f00000,0x0000002a54000000)]

Other Threads:
  0x000001e666d831e0 VMThread "VM Thread" [stack: 0x0000002a52000000,0x0000002a52100000] [id=8824]
  0x000001e66b1e32f0 WatcherThread [stack: 0x0000002a52b00000,0x0000002a52c00000] [id=19588]
  0x000001e6485cff00 GCTaskThread "GC Thread#0" [stack: 0x0000002a51b00000,0x0000002a51c00000] [id=15220]
  0x000001e66b7936c0 GCTaskThread "GC Thread#1" [stack: 0x0000002a52d00000,0x0000002a52e00000] [id=28032]
  0x000001e66b8d3970 GCTaskThread "GC Thread#2" [stack: 0x0000002a52e00000,0x0000002a52f00000] [id=14772]
  0x000001e66b7727b0 GCTaskThread "GC Thread#3" [stack: 0x0000002a52f00000,0x0000002a53000000] [id=13944]
  0x000001e66b772a70 GCTaskThread "GC Thread#4" [stack: 0x0000002a53000000,0x0000002a53100000] [id=6592]
  0x000001e66b772d30 GCTaskThread "GC Thread#5" [stack: 0x0000002a53100000,0x0000002a53200000] [id=17036]
  0x000001e66b772ff0 GCTaskThread "GC Thread#6" [stack: 0x0000002a53200000,0x0000002a53300000] [id=21664]
  0x000001e66b7752c0 GCTaskThread "GC Thread#7" [stack: 0x0000002a53300000,0x0000002a53400000] [id=26048]
  0x000001e6485e0190 ConcurrentGCThread "G1 Main Marker" [stack: 0x0000002a51c00000,0x0000002a51d00000] [id=14472]
  0x000001e6485e1350 ConcurrentGCThread "G1 Conc#0" [stack: 0x0000002a51d00000,0x0000002a51e00000] [id=20676]
  0x000001e66b893880 ConcurrentGCThread "G1 Conc#1" [stack: 0x0000002a53800000,0x0000002a53900000] [id=17152]
  0x000001e64861d410 ConcurrentGCThread "G1 Refine#0" [stack: 0x0000002a51e00000,0x0000002a51f00000] [id=27720]
  0x000001e66e19b890 ConcurrentGCThread "G1 Refine#1" [stack: 0x0000002a53c00000,0x0000002a53d00000] [id=5328]
  0x000001e66e0db350 ConcurrentGCThread "G1 Refine#2" [stack: 0x0000002a53d00000,0x0000002a53e00000] [id=18372]
  0x000001e64861de40 ConcurrentGCThread "G1 Service" [stack: 0x0000002a51f00000,0x0000002a52000000] [id=23380]

Threads with active compile tasks:
C2 CompilerThread0    16541 6632       4       com.st.ipmodeconfigmanager.engine.ConditionMgr::parseCondition (97 bytes)
C1 CompilerThread0    16541 6843       2       org.apache.xerces.impl.XMLScanner::scanPseudoAttribute (359 bytes)
C2 CompilerThread1    16541 6634       4       com.st.ipmodeconfigmanager.engine.ConditionMgr::computedDependency (163 bytes)
C2 CompilerThread2    16541 6732   !   4       org.apache.xerces.impl.XMLDocumentFragmentScannerImpl$FragmentContentDispatcher::dispatch (1126 bytes)

VM state: not at safepoint (normal execution)

VM Mutex/Monitor currently owned by a thread: None

Heap address: 0x0000000086600000, size: 1946 MB, Compressed Oops mode: 32-bit

CDS archive(s) not mapped
Compressed class space mapped at: 0x0000000100000000-0x0000000140000000, reserved size: 1073741824
Narrow klass base: 0x0000000000000000, Narrow klass shift: 3, Narrow klass range: 0x140000000

GC Precious Log:
 CPUs: 8 total, 8 available
 Memory: 7778M
 Large Page Support: Disabled
 NUMA Support: Disabled
 Compressed Oops: Enabled (32-bit)
 Heap Region Size: 1M
 Heap Min Capacity: 8M
 Heap Initial Capacity: 122M
 Heap Max Capacity: 1946M
 Pre-touch: Disabled
 Parallel Workers: 8
 Concurrent Workers: 2
 Concurrent Refinement Workers: 8
 Periodic GC: Disabled

Heap:
 garbage-first heap   total 348160K, used 201421K [0x0000000086600000, 0x0000000100000000)
  region size 1024K, 101 young (103424K), 2 survivors (2048K)
 Metaspace       used 76938K, committed 77888K, reserved 1179648K
  class space    used 8787K, committed 9216K, reserved 1048576K

Heap Regions: E=young(eden), S=young(survivor), O=old, HS=humongous(starts), HC=humongous(continues), CS=collection set, F=free, OA=open archive, CA=closed archive, TAMS=top-at-mark-start (previous, next)
|   0|0x0000000086600000, 0x0000000086700000, 0x0000000086700000|100%|HS|  |TAMS 0x0000000086700000, 0x0000000086600000| Complete 
|   1|0x0000000086700000, 0x0000000086800000, 0x0000000086800000|100%|HC|  |TAMS 0x0000000086800000, 0x0000000086700000| Complete 
|   2|0x0000000086800000, 0x0000000086900000, 0x0000000086900000|100%|HC|  |TAMS 0x0000000086900000, 0x0000000086800000| Complete 
|   3|0x0000000086900000, 0x0000000086a00000, 0x0000000086a00000|100%|HC|  |TAMS 0x0000000086a00000, 0x0000000086900000| Complete 
|   4|0x0000000086a00000, 0x0000000086b00000, 0x0000000086b00000|100%|HC|  |TAMS 0x0000000086b00000, 0x0000000086a00000| Complete 
|   5|0x0000000086b00000, 0x0000000086c00000, 0x0000000086c00000|100%|HC|  |TAMS 0x0000000086c00000, 0x0000000086b00000| Complete 
|   6|0x0000000086c00000, 0x0000000086d00000, 0x0000000086d00000|100%|HS|  |TAMS 0x0000000086d00000, 0x0000000086c00000| Complete 
|   7|0x0000000086d00000, 0x0000000086e00000, 0x0000000086e00000|100%| O|  |TAMS 0x0000000086e00000, 0x0000000086d00000| Untracked 
|   8|0x0000000086e00000, 0x0000000086f00000, 0x0000000086f00000|100%|HS|  |TAMS 0x0000000086f00000, 0x0000000086e00000| Complete 
|   9|0x0000000086f00000, 0x0000000087000000, 0x0000000087000000|100%| O|  |TAMS 0x0000000087000000, 0x0000000086f00000| Untracked 
|  10|0x0000000087000000, 0x0000000087100000, 0x0000000087100000|100%| O|  |TAMS 0x0000000087100000, 0x0000000087000000| Untracked 
|  11|0x0000000087100000, 0x0000000087200000, 0x0000000087200000|100%| O|  |TAMS 0x0000000087200000, 0x0000000087100000| Untracked 
|  12|0x0000000087200000, 0x0000000087300000, 0x0000000087300000|100%|HS|  |TAMS 0x0000000087300000, 0x0000000087200000| Complete 
|  13|0x0000000087300000, 0x0000000087400000, 0x0000000087400000|100%|HC|  |TAMS 0x0000000087400000, 0x0000000087300000| Complete 
|  14|0x0000000087400000, 0x0000000087500000, 0x0000000087500000|100%|HS|  |TAMS 0x0000000087500000, 0x0000000087400000| Complete 
|  15|0x0000000087500000, 0x0000000087600000, 0x0000000087600000|100%|HC|  |TAMS 0x0000000087600000, 0x0000000087500000| Complete 
|  16|0x0000000087600000, 0x0000000087700000, 0x0000000087700000|100%|HC|  |TAMS 0x0000000087700000, 0x0000000087600000| Complete 
|  17|0x0000000087700000, 0x0000000087800000, 0x0000000087800000|100%|HC|  |TAMS 0x0000000087800000, 0x0000000087700000| Complete 
|  18|0x0000000087800000, 0x0000000087900000, 0x0000000087900000|100%|HC|  |TAMS 0x0000000087900000, 0x0000000087800000| Complete 
|  19|0x0000000087900000, 0x0000000087a00000, 0x0000000087a00000|100%| O|  |TAMS 0x0000000087a00000, 0x0000000087900000| Untracked 
|  20|0x0000000087a00000, 0x0000000087b00000, 0x0000000087b00000|100%| O|  |TAMS 0x0000000087b00000, 0x0000000087a00000| Untracked 
|  21|0x0000000087b00000, 0x0000000087c00000, 0x0000000087c00000|100%| O|  |TAMS 0x0000000087c00000, 0x0000000087b00000| Untracked 
|  22|0x0000000087c00000, 0x0000000087d00000, 0x0000000087d00000|100%| O|  |TAMS 0x0000000087d00000, 0x0000000087c00000| Untracked 
|  23|0x0000000087d00000, 0x0000000087e00000, 0x0000000087e00000|100%| O|  |TAMS 0x0000000087e00000, 0x0000000087d00000| Untracked 
|  24|0x0000000087e00000, 0x0000000087f00000, 0x0000000087f00000|100%| O|  |TAMS 0x0000000087f00000, 0x0000000087e00000| Untracked 
|  25|0x0000000087f00000, 0x0000000088000000, 0x0000000088000000|100%| O|  |TAMS 0x0000000088000000, 0x0000000087f00000| Untracked 
|  26|0x0000000088000000, 0x0000000088100000, 0x0000000088100000|100%| O|  |TAMS 0x0000000088100000, 0x0000000088000000| Untracked 
|  27|0x0000000088100000, 0x0000000088200000, 0x0000000088200000|100%| O|  |TAMS 0x0000000088200000, 0x0000000088100000| Untracked 
|  28|0x0000000088200000, 0x0000000088300000, 0x0000000088300000|100%| O|  |TAMS 0x0000000088300000, 0x0000000088200000| Untracked 
|  29|0x0000000088300000, 0x0000000088400000, 0x0000000088400000|100%| O|  |TAMS 0x0000000088400000, 0x0000000088300000| Untracked 
|  30|0x0000000088400000, 0x0000000088500000, 0x0000000088500000|100%|HS|  |TAMS 0x0000000088500000, 0x0000000088400000| Complete 
|  31|0x0000000088500000, 0x0000000088600000, 0x0000000088600000|100%| O|  |TAMS 0x0000000088600000, 0x0000000088500000| Untracked 
|  32|0x0000000088600000, 0x0000000088700000, 0x0000000088700000|100%| O|  |TAMS 0x0000000088700000, 0x0000000088600000| Untracked 
|  33|0x0000000088700000, 0x0000000088800000, 0x0000000088800000|100%| O|  |TAMS 0x0000000088800000, 0x0000000088700000| Untracked 
|  34|0x0000000088800000, 0x0000000088900000, 0x0000000088900000|100%| O|  |TAMS 0x0000000088900000, 0x0000000088800000| Untracked 
|  35|0x0000000088900000, 0x0000000088a00000, 0x0000000088a00000|100%|HS|  |TAMS 0x0000000088a00000, 0x0000000088900000| Complete 
|  36|0x0000000088a00000, 0x0000000088b00000, 0x0000000088b00000|100%|HC|  |TAMS 0x0000000088b00000, 0x0000000088a00000| Complete 
|  37|0x0000000088b00000, 0x0000000088c00000, 0x0000000088c00000|100%| O|  |TAMS 0x0000000088c00000, 0x0000000088b00000| Untracked 
|  38|0x0000000088c00000, 0x0000000088d00000, 0x0000000088d00000|100%| O|  |TAMS 0x0000000088d00000, 0x0000000088c00000| Untracked 
|  39|0x0000000088d00000, 0x0000000088e00000, 0x0000000088e00000|100%| O|  |TAMS 0x0000000088e00000, 0x0000000088d00000| Untracked 
|  40|0x0000000088e00000, 0x0000000088f00000, 0x0000000088f00000|100%| O|  |TAMS 0x0000000088e00000, 0x0000000088e00000| Untracked 
|  41|0x0000000088f00000, 0x0000000089000000, 0x0000000089000000|100%| O|  |TAMS 0x0000000089000000, 0x0000000088f00000| Untracked 
|  42|0x0000000089000000, 0x0000000089100000, 0x0000000089100000|100%| O|  |TAMS 0x0000000089100000, 0x0000000089000000| Untracked 
|  43|0x0000000089100000, 0x0000000089200000, 0x0000000089200000|100%| O|  |TAMS 0x0000000089200000, 0x0000000089100000| Untracked 
|  44|0x0000000089200000, 0x0000000089300000, 0x0000000089300000|100%|HS|  |TAMS 0x0000000089300000, 0x0000000089200000| Complete 
|  45|0x0000000089300000, 0x0000000089400000, 0x0000000089400000|100%|HC|  |TAMS 0x0000000089400000, 0x0000000089300000| Complete 
|  46|0x0000000089400000, 0x0000000089500000, 0x0000000089500000|100%|HS|  |TAMS 0x0000000089500000, 0x0000000089400000| Complete 
|  47|0x0000000089500000, 0x0000000089600000, 0x0000000089600000|100%|HC|  |TAMS 0x0000000089600000, 0x0000000089500000| Complete 
|  48|0x0000000089600000, 0x0000000089700000, 0x0000000089700000|100%|HC|  |TAMS 0x0000000089700000, 0x0000000089600000| Complete 
|  49|0x0000000089700000, 0x0000000089800000, 0x0000000089800000|100%|HS|  |TAMS 0x0000000089800000, 0x0000000089700000| Complete 
|  50|0x0000000089800000, 0x0000000089900000, 0x0000000089900000|100%|HC|  |TAMS 0x0000000089900000, 0x0000000089800000| Complete 
|  51|0x0000000089900000, 0x0000000089a00000, 0x0000000089a00000|100%|HC|  |TAMS 0x0000000089a00000, 0x0000000089900000| Complete 
|  52|0x0000000089a00000, 0x0000000089b00000, 0x0000000089b00000|100%|HS|  |TAMS 0x0000000089b00000, 0x0000000089a00000| Complete 
|  53|0x0000000089b00000, 0x0000000089c00000, 0x0000000089c00000|100%|HC|  |TAMS 0x0000000089c00000, 0x0000000089b00000| Complete 
|  54|0x0000000089c00000, 0x0000000089d00000, 0x0000000089d00000|100%|HC|  |TAMS 0x0000000089d00000, 0x0000000089c00000| Complete 
|  55|0x0000000089d00000, 0x0000000089e00000, 0x0000000089e00000|100%|HS|  |TAMS 0x0000000089e00000, 0x0000000089d00000| Complete 
|  56|0x0000000089e00000, 0x0000000089f00000, 0x0000000089f00000|100%|HC|  |TAMS 0x0000000089f00000, 0x0000000089e00000| Complete 
|  57|0x0000000089f00000, 0x000000008a000000, 0x000000008a000000|100%|HC|  |TAMS 0x000000008a000000, 0x0000000089f00000| Complete 
|  58|0x000000008a000000, 0x000000008a100000, 0x000000008a100000|100%|HS|  |TAMS 0x000000008a100000, 0x000000008a000000| Complete 
|  59|0x000000008a100000, 0x000000008a200000, 0x000000008a200000|100%|HC|  |TAMS 0x000000008a200000, 0x000000008a100000| Complete 
|  60|0x000000008a200000, 0x000000008a300000, 0x000000008a300000|100%|HC|  |TAMS 0x000000008a300000, 0x000000008a200000| Complete 
|  61|0x000000008a300000, 0x000000008a400000, 0x000000008a400000|100%|HS|  |TAMS 0x000000008a400000, 0x000000008a300000| Complete 
|  62|0x000000008a400000, 0x000000008a500000, 0x000000008a500000|100%|HC|  |TAMS 0x000000008a500000, 0x000000008a400000| Complete 
|  63|0x000000008a500000, 0x000000008a600000, 0x000000008a600000|100%|HC|  |TAMS 0x000000008a600000, 0x000000008a500000| Complete 
|  64|0x000000008a600000, 0x000000008a700000, 0x000000008a700000|100%|HC|  |TAMS 0x000000008a700000, 0x000000008a600000| Complete 
|  65|0x000000008a700000, 0x000000008a800000, 0x000000008a800000|100%| O|  |TAMS 0x000000008a800000, 0x000000008a700000| Untracked 
|  66|0x000000008a800000, 0x000000008a900000, 0x000000008a900000|100%|HS|  |TAMS 0x000000008a900000, 0x000000008a800000| Complete 
|  67|0x000000008a900000, 0x000000008aa00000, 0x000000008aa00000|100%|HC|  |TAMS 0x000000008aa00000, 0x000000008a900000| Complete 
|  68|0x000000008aa00000, 0x000000008ab00000, 0x000000008ab00000|100%|HC|  |TAMS 0x000000008ab00000, 0x000000008aa00000| Complete 
|  69|0x000000008ab00000, 0x000000008ac00000, 0x000000008ac00000|100%|HC|  |TAMS 0x000000008ac00000, 0x000000008ab00000| Complete 
|  70|0x000000008ac00000, 0x000000008ad00000, 0x000000008ad00000|100%|HS|  |TAMS 0x000000008ad00000, 0x000000008ac00000| Complete 
|  71|0x000000008ad00000, 0x000000008ae00000, 0x000000008ae00000|100%|HC|  |TAMS 0x000000008ae00000, 0x000000008ad00000| Complete 
|  72|0x000000008ae00000, 0x000000008af00000, 0x000000008af00000|100%|HC|  |TAMS 0x000000008af00000, 0x000000008ae00000| Complete 
|  73|0x000000008af00000, 0x000000008b000000, 0x000000008b000000|100%|HC|  |TAMS 0x000000008b000000, 0x000000008af00000| Complete 
|  74|0x000000008b000000, 0x000000008b100000, 0x000000008b100000|100%|HS|  |TAMS 0x000000008b100000, 0x000000008b000000| Complete 
|  75|0x000000008b100000, 0x000000008b200000, 0x000000008b200000|100%|HC|  |TAMS 0x000000008b200000, 0x000000008b100000| Complete 
|  76|0x000000008b200000, 0x000000008b300000, 0x000000008b300000|100%|HC|  |TAMS 0x000000008b300000, 0x000000008b200000| Complete 
|  77|0x000000008b300000, 0x000000008b400000, 0x000000008b400000|100%|HC|  |TAMS 0x000000008b400000, 0x000000008b300000| Complete 
|  78|0x000000008b400000, 0x000000008b500000, 0x000000008b500000|100%|HS|  |TAMS 0x000000008b500000, 0x000000008b400000| Complete 
|  79|0x000000008b500000, 0x000000008b600000, 0x000000008b600000|100%|HC|  |TAMS 0x000000008b600000, 0x000000008b500000| Complete 
|  80|0x000000008b600000, 0x000000008b700000, 0x000000008b700000|100%|HC|  |TAMS 0x000000008b700000, 0x000000008b600000| Complete 
|  81|0x000000008b700000, 0x000000008b800000, 0x000000008b800000|100%|HC|  |TAMS 0x000000008b800000, 0x000000008b700000| Complete 
|  82|0x000000008b800000, 0x000000008b900000, 0x000000008b900000|100%| O|  |TAMS 0x000000008b900000, 0x000000008b800000| Untracked 
|  83|0x000000008b900000, 0x000000008ba00000, 0x000000008ba00000|100%| O|  |TAMS 0x000000008ba00000, 0x000000008b900000| Untracked 
|  84|0x000000008ba00000, 0x000000008bb00000, 0x000000008bb00000|100%| O|  |TAMS 0x000000008bb00000, 0x000000008ba00000| Untracked 
|  85|0x000000008bb00000, 0x000000008bc00000, 0x000000008bc00000|100%| O|  |TAMS 0x000000008bc00000, 0x000000008bb00000| Untracked 
|  86|0x000000008bc00000, 0x000000008bd00000, 0x000000008bd00000|100%| O|  |TAMS 0x000000008bd00000, 0x000000008bc00000| Untracked 
|  87|0x000000008bd00000, 0x000000008be00000, 0x000000008be00000|100%| O|  |TAMS 0x000000008be00000, 0x000000008bd00000| Untracked 
|  88|0x000000008be00000, 0x000000008bf00000, 0x000000008bf00000|100%| O|  |TAMS 0x000000008bf00000, 0x000000008be00000| Untracked 
|  89|0x000000008bf00000, 0x000000008c000000, 0x000000008c000000|100%| O|  |TAMS 0x000000008c000000, 0x000000008bf00000| Untracked 
|  90|0x000000008c000000, 0x000000008c100000, 0x000000008c100000|100%| O|  |TAMS 0x000000008c000000, 0x000000008c000000| Untracked 
|  91|0x000000008c100000, 0x000000008c200000, 0x000000008c200000|100%| O|  |TAMS 0x000000008c100000, 0x000000008c100000| Untracked 
|  92|0x000000008c200000, 0x000000008c300000, 0x000000008c300000|100%| O|  |TAMS 0x000000008c200000, 0x000000008c200000| Untracked 
|  93|0x000000008c300000, 0x000000008c400000, 0x000000008c400000|100%| O|  |TAMS 0x000000008c400000, 0x000000008c300000| Untracked 
|  94|0x000000008c400000, 0x000000008c500000, 0x000000008c500000|100%| O|  |TAMS 0x000000008c500000, 0x000000008c400000| Untracked 
|  95|0x000000008c500000, 0x000000008c600000, 0x000000008c600000|100%| O|  |TAMS 0x000000008c600000, 0x000000008c500000| Untracked 
|  96|0x000000008c600000, 0x000000008c600000, 0x000000008c700000|  0%| F|  |TAMS 0x000000008c600000, 0x000000008c600000| Untracked 
|  97|0x000000008c700000, 0x000000008c800000, 0x000000008c800000|100%| O|  |TAMS 0x000000008c700000, 0x000000008c700000| Untracked 
|  98|0x000000008c800000, 0x000000008c80fa00, 0x000000008c900000|  6%| O|  |TAMS 0x000000008c800000, 0x000000008c800000| Untracked 
|  99|0x000000008c900000, 0x000000008c900000, 0x000000008ca00000|  0%| F|  |TAMS 0x000000008c900000, 0x000000008c900000| Untracked 
| 100|0x000000008ca00000, 0x000000008ca00000, 0x000000008cb00000|  0%| F|  |TAMS 0x000000008ca00000, 0x000000008ca00000| Untracked 
| 101|0x000000008cb00000, 0x000000008cb00000, 0x000000008cc00000|  0%| F|  |TAMS 0x000000008cb00000, 0x000000008cb00000| Untracked 
| 102|0x000000008cc00000, 0x000000008cc00000, 0x000000008cd00000|  0%| F|  |TAMS 0x000000008cc00000, 0x000000008cc00000| Untracked 
| 103|0x000000008cd00000, 0x000000008cd00000, 0x000000008ce00000|  0%| F|  |TAMS 0x000000008cd00000, 0x000000008cd00000| Untracked 
| 104|0x000000008ce00000, 0x000000008ce00000, 0x000000008cf00000|  0%| F|  |TAMS 0x000000008ce00000, 0x000000008ce00000| Untracked 
| 105|0x000000008cf00000, 0x000000008cf00000, 0x000000008d000000|  0%| F|  |TAMS 0x000000008cf00000, 0x000000008cf00000| Untracked 
| 106|0x000000008d000000, 0x000000008d000000, 0x000000008d100000|  0%| F|  |TAMS 0x000000008d000000, 0x000000008d000000| Untracked 
| 107|0x000000008d100000, 0x000000008d100000, 0x000000008d200000|  0%| F|  |TAMS 0x000000008d100000, 0x000000008d100000| Untracked 
| 108|0x000000008d200000, 0x000000008d200000, 0x000000008d300000|  0%| F|  |TAMS 0x000000008d200000, 0x000000008d200000| Untracked 
| 109|0x000000008d300000, 0x000000008d300000, 0x000000008d400000|  0%| F|  |TAMS 0x000000008d300000, 0x000000008d300000| Untracked 
| 110|0x000000008d400000, 0x000000008d400000, 0x000000008d500000|  0%| F|  |TAMS 0x000000008d400000, 0x000000008d400000| Untracked 
| 111|0x000000008d500000, 0x000000008d500000, 0x000000008d600000|  0%| F|  |TAMS 0x000000008d500000, 0x000000008d500000| Untracked 
| 112|0x000000008d600000, 0x000000008d600000, 0x000000008d700000|  0%| F|  |TAMS 0x000000008d600000, 0x000000008d600000| Untracked 
| 113|0x000000008d700000, 0x000000008d700000, 0x000000008d800000|  0%| F|  |TAMS 0x000000008d700000, 0x000000008d700000| Untracked 
| 114|0x000000008d800000, 0x000000008d800000, 0x000000008d900000|  0%| F|  |TAMS 0x000000008d800000, 0x000000008d800000| Untracked 
| 115|0x000000008d900000, 0x000000008d900000, 0x000000008da00000|  0%| F|  |TAMS 0x000000008d900000, 0x000000008d900000| Untracked 
| 116|0x000000008da00000, 0x000000008da00000, 0x000000008db00000|  0%| F|  |TAMS 0x000000008da00000, 0x000000008da00000| Untracked 
| 117|0x000000008db00000, 0x000000008db00000, 0x000000008dc00000|  0%| F|  |TAMS 0x000000008db00000, 0x000000008db00000| Untracked 
| 118|0x000000008dc00000, 0x000000008dc00000, 0x000000008dd00000|  0%| F|  |TAMS 0x000000008dc00000, 0x000000008dc00000| Untracked 
| 119|0x000000008dd00000, 0x000000008dd00000, 0x000000008de00000|  0%| F|  |TAMS 0x000000008dd00000, 0x000000008dd00000| Untracked 
| 120|0x000000008de00000, 0x000000008de00000, 0x000000008df00000|  0%| F|  |TAMS 0x000000008de00000, 0x000000008de00000| Untracked 
| 121|0x000000008df00000, 0x000000008df00000, 0x000000008e000000|  0%| F|  |TAMS 0x000000008df00000, 0x000000008df00000| Untracked 
| 122|0x000000008e000000, 0x000000008e000000, 0x000000008e100000|  0%| F|  |TAMS 0x000000008e000000, 0x000000008e000000| Untracked 
| 123|0x000000008e100000, 0x000000008e100000, 0x000000008e200000|  0%| F|  |TAMS 0x000000008e100000, 0x000000008e100000| Untracked 
| 124|0x000000008e200000, 0x000000008e200000, 0x000000008e300000|  0%| F|  |TAMS 0x000000008e200000, 0x000000008e200000| Untracked 
| 125|0x000000008e300000, 0x000000008e300000, 0x000000008e400000|  0%| F|  |TAMS 0x000000008e300000, 0x000000008e300000| Untracked 
| 126|0x000000008e400000, 0x000000008e400000, 0x000000008e500000|  0%| F|  |TAMS 0x000000008e400000, 0x000000008e400000| Untracked 
| 127|0x000000008e500000, 0x000000008e500000, 0x000000008e600000|  0%| F|  |TAMS 0x000000008e500000, 0x000000008e500000| Untracked 
| 128|0x000000008e600000, 0x000000008e600000, 0x000000008e700000|  0%| F|  |TAMS 0x000000008e600000, 0x000000008e600000| Untracked 
| 129|0x000000008e700000, 0x000000008e700000, 0x000000008e800000|  0%| F|  |TAMS 0x000000008e700000, 0x000000008e700000| Untracked 
| 130|0x000000008e800000, 0x000000008e800000, 0x000000008e900000|  0%| F|  |TAMS 0x000000008e800000, 0x000000008e800000| Untracked 
| 131|0x000000008e900000, 0x000000008e900000, 0x000000008ea00000|  0%| F|  |TAMS 0x000000008e900000, 0x000000008e900000| Untracked 
| 132|0x000000008ea00000, 0x000000008ea00000, 0x000000008eb00000|  0%| F|  |TAMS 0x000000008ea00000, 0x000000008ea00000| Untracked 
| 133|0x000000008eb00000, 0x000000008eb00000, 0x000000008ec00000|  0%| F|  |TAMS 0x000000008eb00000, 0x000000008eb00000| Untracked 
| 134|0x000000008ec00000, 0x000000008ec00000, 0x000000008ed00000|  0%| F|  |TAMS 0x000000008ec00000, 0x000000008ec00000| Untracked 
| 135|0x000000008ed00000, 0x000000008ed00000, 0x000000008ee00000|  0%| F|  |TAMS 0x000000008ed00000, 0x000000008ed00000| Untracked 
| 136|0x000000008ee00000, 0x000000008ee00000, 0x000000008ef00000|  0%| F|  |TAMS 0x000000008ee00000, 0x000000008ee00000| Untracked 
| 137|0x000000008ef00000, 0x000000008ef00000, 0x000000008f000000|  0%| F|  |TAMS 0x000000008ef00000, 0x000000008ef00000| Untracked 
| 138|0x000000008f000000, 0x000000008f000000, 0x000000008f100000|  0%| F|  |TAMS 0x000000008f000000, 0x000000008f000000| Untracked 
| 139|0x000000008f100000, 0x000000008f100000, 0x000000008f200000|  0%| F|  |TAMS 0x000000008f100000, 0x000000008f100000| Untracked 
| 140|0x000000008f200000, 0x000000008f200000, 0x000000008f300000|  0%| F|  |TAMS 0x000000008f200000, 0x000000008f200000| Untracked 
| 141|0x000000008f300000, 0x000000008f300000, 0x000000008f400000|  0%| F|  |TAMS 0x000000008f300000, 0x000000008f300000| Untracked 
| 142|0x000000008f400000, 0x000000008f400000, 0x000000008f500000|  0%| F|  |TAMS 0x000000008f400000, 0x000000008f400000| Untracked 
| 143|0x000000008f500000, 0x000000008f500000, 0x000000008f600000|  0%| F|  |TAMS 0x000000008f500000, 0x000000008f500000| Untracked 
| 144|0x000000008f600000, 0x000000008f600000, 0x000000008f700000|  0%| F|  |TAMS 0x000000008f600000, 0x000000008f600000| Untracked 
| 145|0x000000008f700000, 0x000000008f700000, 0x000000008f800000|  0%| F|  |TAMS 0x000000008f700000, 0x000000008f700000| Untracked 
| 146|0x000000008f800000, 0x000000008f800000, 0x000000008f900000|  0%| F|  |TAMS 0x000000008f800000, 0x000000008f800000| Untracked 
| 147|0x000000008f900000, 0x000000008f900000, 0x000000008fa00000|  0%| F|  |TAMS 0x000000008f900000, 0x000000008f900000| Untracked 
| 148|0x000000008fa00000, 0x000000008fa00000, 0x000000008fb00000|  0%| F|  |TAMS 0x000000008fa00000, 0x000000008fa00000| Untracked 
| 149|0x000000008fb00000, 0x000000008fb00000, 0x000000008fc00000|  0%| F|  |TAMS 0x000000008fb00000, 0x000000008fb00000| Untracked 
| 150|0x000000008fc00000, 0x000000008fc00000, 0x000000008fd00000|  0%| F|  |TAMS 0x000000008fc00000, 0x000000008fc00000| Untracked 
| 151|0x000000008fd00000, 0x000000008fd00000, 0x000000008fe00000|  0%| F|  |TAMS 0x000000008fd00000, 0x000000008fd00000| Untracked 
| 152|0x000000008fe00000, 0x000000008fe00000, 0x000000008ff00000|  0%| F|  |TAMS 0x000000008fe00000, 0x000000008fe00000| Untracked 
| 153|0x000000008ff00000, 0x000000008ff00000, 0x0000000090000000|  0%| F|  |TAMS 0x000000008ff00000, 0x000000008ff00000| Untracked 
| 154|0x0000000090000000, 0x0000000090000000, 0x0000000090100000|  0%| F|  |TAMS 0x0000000090000000, 0x0000000090000000| Untracked 
| 155|0x0000000090100000, 0x0000000090100000, 0x0000000090200000|  0%| F|  |TAMS 0x0000000090100000, 0x0000000090100000| Untracked 
| 156|0x0000000090200000, 0x0000000090200000, 0x0000000090300000|  0%| F|  |TAMS 0x0000000090200000, 0x0000000090200000| Untracked 
| 157|0x0000000090300000, 0x0000000090300000, 0x0000000090400000|  0%| F|  |TAMS 0x0000000090300000, 0x0000000090300000| Untracked 
| 158|0x0000000090400000, 0x0000000090400000, 0x0000000090500000|  0%| F|  |TAMS 0x0000000090400000, 0x0000000090400000| Untracked 
| 159|0x0000000090500000, 0x0000000090500000, 0x0000000090600000|  0%| F|  |TAMS 0x0000000090500000, 0x0000000090500000| Untracked 
| 160|0x0000000090600000, 0x0000000090600000, 0x0000000090700000|  0%| F|  |TAMS 0x0000000090600000, 0x0000000090600000| Untracked 
| 161|0x0000000090700000, 0x0000000090700000, 0x0000000090800000|  0%| F|  |TAMS 0x0000000090700000, 0x0000000090700000| Untracked 
| 162|0x0000000090800000, 0x0000000090800000, 0x0000000090900000|  0%| F|  |TAMS 0x0000000090800000, 0x0000000090800000| Untracked 
| 163|0x0000000090900000, 0x0000000090900000, 0x0000000090a00000|  0%| F|  |TAMS 0x0000000090900000, 0x0000000090900000| Untracked 
| 164|0x0000000090a00000, 0x0000000090a00000, 0x0000000090b00000|  0%| F|  |TAMS 0x0000000090a00000, 0x0000000090a00000| Untracked 
| 165|0x0000000090b00000, 0x0000000090b00000, 0x0000000090c00000|  0%| F|  |TAMS 0x0000000090b00000, 0x0000000090b00000| Untracked 
| 166|0x0000000090c00000, 0x0000000090c00000, 0x0000000090d00000|  0%| F|  |TAMS 0x0000000090c00000, 0x0000000090c00000| Untracked 
| 167|0x0000000090d00000, 0x0000000090d00000, 0x0000000090e00000|  0%| F|  |TAMS 0x0000000090d00000, 0x0000000090d00000| Untracked 
| 168|0x0000000090e00000, 0x0000000090e00000, 0x0000000090f00000|  0%| F|  |TAMS 0x0000000090e00000, 0x0000000090e00000| Untracked 
| 169|0x0000000090f00000, 0x0000000090f00000, 0x0000000091000000|  0%| F|  |TAMS 0x0000000090f00000, 0x0000000090f00000| Untracked 
| 170|0x0000000091000000, 0x0000000091000000, 0x0000000091100000|  0%| F|  |TAMS 0x0000000091000000, 0x0000000091000000| Untracked 
| 171|0x0000000091100000, 0x0000000091100000, 0x0000000091200000|  0%| F|  |TAMS 0x0000000091100000, 0x0000000091100000| Untracked 
| 172|0x0000000091200000, 0x0000000091200000, 0x0000000091300000|  0%| F|  |TAMS 0x0000000091200000, 0x0000000091200000| Untracked 
| 173|0x0000000091300000, 0x0000000091300000, 0x0000000091400000|  0%| F|  |TAMS 0x0000000091300000, 0x0000000091300000| Untracked 
| 174|0x0000000091400000, 0x0000000091400000, 0x0000000091500000|  0%| F|  |TAMS 0x0000000091400000, 0x0000000091400000| Untracked 
| 175|0x0000000091500000, 0x0000000091500000, 0x0000000091600000|  0%| F|  |TAMS 0x0000000091500000, 0x0000000091500000| Untracked 
| 176|0x0000000091600000, 0x0000000091600000, 0x0000000091700000|  0%| F|  |TAMS 0x0000000091600000, 0x0000000091600000| Untracked 
| 177|0x0000000091700000, 0x0000000091700000, 0x0000000091800000|  0%| F|  |TAMS 0x0000000091700000, 0x0000000091700000| Untracked 
| 178|0x0000000091800000, 0x0000000091800000, 0x0000000091900000|  0%| F|  |TAMS 0x0000000091800000, 0x0000000091800000| Untracked 
| 179|0x0000000091900000, 0x0000000091900000, 0x0000000091a00000|  0%| F|  |TAMS 0x0000000091900000, 0x0000000091900000| Untracked 
| 180|0x0000000091a00000, 0x0000000091a00000, 0x0000000091b00000|  0%| F|  |TAMS 0x0000000091a00000, 0x0000000091a00000| Untracked 
| 181|0x0000000091b00000, 0x0000000091b00000, 0x0000000091c00000|  0%| F|  |TAMS 0x0000000091b00000, 0x0000000091b00000| Untracked 
| 182|0x0000000091c00000, 0x0000000091c00000, 0x0000000091d00000|  0%| F|  |TAMS 0x0000000091c00000, 0x0000000091c00000| Untracked 
| 183|0x0000000091d00000, 0x0000000091d00000, 0x0000000091e00000|  0%| F|  |TAMS 0x0000000091d00000, 0x0000000091d00000| Untracked 
| 184|0x0000000091e00000, 0x0000000091e00000, 0x0000000091f00000|  0%| F|  |TAMS 0x0000000091e00000, 0x0000000091e00000| Untracked 
| 185|0x0000000091f00000, 0x0000000091f00000, 0x0000000092000000|  0%| F|  |TAMS 0x0000000091f00000, 0x0000000091f00000| Untracked 
| 186|0x0000000092000000, 0x0000000092000000, 0x0000000092100000|  0%| F|  |TAMS 0x0000000092000000, 0x0000000092000000| Untracked 
| 187|0x0000000092100000, 0x0000000092100000, 0x0000000092200000|  0%| F|  |TAMS 0x0000000092100000, 0x0000000092100000| Untracked 
| 188|0x0000000092200000, 0x0000000092200000, 0x0000000092300000|  0%| F|  |TAMS 0x0000000092200000, 0x0000000092200000| Untracked 
| 189|0x0000000092300000, 0x0000000092300000, 0x0000000092400000|  0%| F|  |TAMS 0x0000000092300000, 0x0000000092300000| Untracked 
| 190|0x0000000092400000, 0x0000000092400000, 0x0000000092500000|  0%| F|  |TAMS 0x0000000092400000, 0x0000000092400000| Untracked 
| 191|0x0000000092500000, 0x0000000092500000, 0x0000000092600000|  0%| F|  |TAMS 0x0000000092500000, 0x0000000092500000| Untracked 
| 192|0x0000000092600000, 0x0000000092600000, 0x0000000092700000|  0%| F|  |TAMS 0x0000000092600000, 0x0000000092600000| Untracked 
| 193|0x0000000092700000, 0x0000000092700000, 0x0000000092800000|  0%| F|  |TAMS 0x0000000092700000, 0x0000000092700000| Untracked 
| 194|0x0000000092800000, 0x0000000092800000, 0x0000000092900000|  0%| F|  |TAMS 0x0000000092800000, 0x0000000092800000| Untracked 
| 195|0x0000000092900000, 0x0000000092900000, 0x0000000092a00000|  0%| F|  |TAMS 0x0000000092900000, 0x0000000092900000| Untracked 
| 196|0x0000000092a00000, 0x0000000092a00000, 0x0000000092b00000|  0%| F|  |TAMS 0x0000000092a00000, 0x0000000092a00000| Untracked 
| 197|0x0000000092b00000, 0x0000000092b00000, 0x0000000092c00000|  0%| F|  |TAMS 0x0000000092b00000, 0x0000000092b00000| Untracked 
| 198|0x0000000092c00000, 0x0000000092c00000, 0x0000000092d00000|  0%| F|  |TAMS 0x0000000092c00000, 0x0000000092c00000| Untracked 
| 199|0x0000000092d00000, 0x0000000092d00000, 0x0000000092e00000|  0%| F|  |TAMS 0x0000000092d00000, 0x0000000092d00000| Untracked 
| 200|0x0000000092e00000, 0x0000000092e00000, 0x0000000092f00000|  0%| F|  |TAMS 0x0000000092e00000, 0x0000000092e00000| Untracked 
| 201|0x0000000092f00000, 0x0000000092f00000, 0x0000000093000000|  0%| F|  |TAMS 0x0000000092f00000, 0x0000000092f00000| Untracked 
| 202|0x0000000093000000, 0x0000000093000000, 0x0000000093100000|  0%| F|  |TAMS 0x0000000093000000, 0x0000000093000000| Untracked 
| 203|0x0000000093100000, 0x0000000093100000, 0x0000000093200000|  0%| F|  |TAMS 0x0000000093100000, 0x0000000093100000| Untracked 
| 204|0x0000000093200000, 0x0000000093200000, 0x0000000093300000|  0%| F|  |TAMS 0x0000000093200000, 0x0000000093200000| Untracked 
| 205|0x0000000093300000, 0x0000000093300000, 0x0000000093400000|  0%| F|  |TAMS 0x0000000093300000, 0x0000000093300000| Untracked 
| 206|0x0000000093400000, 0x0000000093400000, 0x0000000093500000|  0%| F|  |TAMS 0x0000000093400000, 0x0000000093400000| Untracked 
| 207|0x0000000093500000, 0x0000000093500000, 0x0000000093600000|  0%| F|  |TAMS 0x0000000093500000, 0x0000000093500000| Untracked 
| 208|0x0000000093600000, 0x0000000093600000, 0x0000000093700000|  0%| F|  |TAMS 0x0000000093600000, 0x0000000093600000| Untracked 
| 209|0x0000000093700000, 0x0000000093700000, 0x0000000093800000|  0%| F|  |TAMS 0x0000000093700000, 0x0000000093700000| Untracked 
| 210|0x0000000093800000, 0x0000000093800000, 0x0000000093900000|  0%| F|  |TAMS 0x0000000093800000, 0x0000000093800000| Untracked 
| 211|0x0000000093900000, 0x0000000093900000, 0x0000000093a00000|  0%| F|  |TAMS 0x0000000093900000, 0x0000000093900000| Untracked 
| 212|0x0000000093a00000, 0x0000000093a00000, 0x0000000093b00000|  0%| F|  |TAMS 0x0000000093a00000, 0x0000000093a00000| Untracked 
| 213|0x0000000093b00000, 0x0000000093b00000, 0x0000000093c00000|  0%| F|  |TAMS 0x0000000093b00000, 0x0000000093b00000| Untracked 
| 214|0x0000000093c00000, 0x0000000093c00000, 0x0000000093d00000|  0%| F|  |TAMS 0x0000000093c00000, 0x0000000093c00000| Untracked 
| 215|0x0000000093d00000, 0x0000000093d00000, 0x0000000093e00000|  0%| F|  |TAMS 0x0000000093d00000, 0x0000000093d00000| Untracked 
| 216|0x0000000093e00000, 0x0000000093e00000, 0x0000000093f00000|  0%| F|  |TAMS 0x0000000093e00000, 0x0000000093e00000| Untracked 
| 217|0x0000000093f00000, 0x0000000093f00000, 0x0000000094000000|  0%| F|  |TAMS 0x0000000093f00000, 0x0000000093f00000| Untracked 
| 218|0x0000000094000000, 0x0000000094000000, 0x0000000094100000|  0%| F|  |TAMS 0x0000000094000000, 0x0000000094000000| Untracked 
| 219|0x0000000094100000, 0x0000000094100000, 0x0000000094200000|  0%| F|  |TAMS 0x0000000094100000, 0x0000000094100000| Untracked 
| 220|0x0000000094200000, 0x0000000094200000, 0x0000000094300000|  0%| F|  |TAMS 0x0000000094200000, 0x0000000094200000| Untracked 
| 221|0x0000000094300000, 0x0000000094300000, 0x0000000094400000|  0%| F|  |TAMS 0x0000000094300000, 0x0000000094300000| Untracked 
| 222|0x0000000094400000, 0x0000000094400000, 0x0000000094500000|  0%| F|  |TAMS 0x0000000094400000, 0x0000000094400000| Untracked 
| 223|0x0000000094500000, 0x0000000094500000, 0x0000000094600000|  0%| F|  |TAMS 0x0000000094500000, 0x0000000094500000| Untracked 
| 224|0x0000000094600000, 0x0000000094600000, 0x0000000094700000|  0%| F|  |TAMS 0x0000000094600000, 0x0000000094600000| Untracked 
| 225|0x0000000094700000, 0x0000000094700000, 0x0000000094800000|  0%| F|  |TAMS 0x0000000094700000, 0x0000000094700000| Untracked 
| 226|0x0000000094800000, 0x0000000094800000, 0x0000000094900000|  0%| F|  |TAMS 0x0000000094800000, 0x0000000094800000| Untracked 
| 227|0x0000000094900000, 0x0000000094900000, 0x0000000094a00000|  0%| F|  |TAMS 0x0000000094900000, 0x0000000094900000| Untracked 
| 228|0x0000000094a00000, 0x0000000094a00000, 0x0000000094b00000|  0%| F|  |TAMS 0x0000000094a00000, 0x0000000094a00000| Untracked 
| 229|0x0000000094b00000, 0x0000000094b00000, 0x0000000094c00000|  0%| F|  |TAMS 0x0000000094b00000, 0x0000000094b00000| Untracked 
| 230|0x0000000094c00000, 0x0000000094c00000, 0x0000000094d00000|  0%| F|  |TAMS 0x0000000094c00000, 0x0000000094c00000| Untracked 
| 231|0x0000000094d00000, 0x0000000094d00000, 0x0000000094e00000|  0%| F|  |TAMS 0x0000000094d00000, 0x0000000094d00000| Untracked 
| 232|0x0000000094e00000, 0x0000000094e00000, 0x0000000094f00000|  0%| F|  |TAMS 0x0000000094e00000, 0x0000000094e00000| Untracked 
| 233|0x0000000094f00000, 0x0000000094f00000, 0x0000000095000000|  0%| F|  |TAMS 0x0000000094f00000, 0x0000000094f00000| Untracked 
| 234|0x0000000095000000, 0x0000000095000000, 0x0000000095100000|  0%| F|  |TAMS 0x0000000095000000, 0x0000000095000000| Untracked 
| 235|0x0000000095100000, 0x0000000095100000, 0x0000000095200000|  0%| F|  |TAMS 0x0000000095100000, 0x0000000095100000| Untracked 
| 236|0x0000000095200000, 0x0000000095200000, 0x0000000095300000|  0%| F|  |TAMS 0x0000000095200000, 0x0000000095200000| Untracked 
| 237|0x0000000095300000, 0x0000000095300000, 0x0000000095400000|  0%| F|  |TAMS 0x0000000095300000, 0x0000000095300000| Untracked 
| 238|0x0000000095400000, 0x0000000095400000, 0x0000000095500000|  0%| F|  |TAMS 0x0000000095400000, 0x0000000095400000| Untracked 
| 239|0x0000000095500000, 0x0000000095600000, 0x0000000095600000|100%| E|  |TAMS 0x0000000095500000, 0x0000000095500000| Complete 
| 240|0x0000000095600000, 0x0000000095700000, 0x0000000095700000|100%| E|CS|TAMS 0x0000000095600000, 0x0000000095600000| Complete 
| 241|0x0000000095700000, 0x0000000095800000, 0x0000000095800000|100%| E|CS|TAMS 0x0000000095700000, 0x0000000095700000| Complete 
| 242|0x0000000095800000, 0x0000000095900000, 0x0000000095900000|100%| E|CS|TAMS 0x0000000095800000, 0x0000000095800000| Complete 
| 243|0x0000000095900000, 0x0000000095a00000, 0x0000000095a00000|100%| E|CS|TAMS 0x0000000095900000, 0x0000000095900000| Complete 
| 244|0x0000000095a00000, 0x0000000095b00000, 0x0000000095b00000|100%| E|CS|TAMS 0x0000000095a00000, 0x0000000095a00000| Complete 
| 245|0x0000000095b00000, 0x0000000095c00000, 0x0000000095c00000|100%| E|CS|TAMS 0x0000000095b00000, 0x0000000095b00000| Complete 
| 246|0x0000000095c00000, 0x0000000095d00000, 0x0000000095d00000|100%| E|CS|TAMS 0x0000000095c00000, 0x0000000095c00000| Complete 
| 247|0x0000000095d00000, 0x0000000095e00000, 0x0000000095e00000|100%| E|CS|TAMS 0x0000000095d00000, 0x0000000095d00000| Complete 
| 248|0x0000000095e00000, 0x0000000095f00000, 0x0000000095f00000|100%| E|CS|TAMS 0x0000000095e00000, 0x0000000095e00000| Complete 
| 249|0x0000000095f00000, 0x0000000096000000, 0x0000000096000000|100%| E|CS|TAMS 0x0000000095f00000, 0x0000000095f00000| Complete 
| 250|0x0000000096000000, 0x0000000096100000, 0x0000000096100000|100%| E|CS|TAMS 0x0000000096000000, 0x0000000096000000| Complete 
| 251|0x0000000096100000, 0x0000000096200000, 0x0000000096200000|100%| E|CS|TAMS 0x0000000096100000, 0x0000000096100000| Complete 
| 252|0x0000000096200000, 0x0000000096300000, 0x0000000096300000|100%| E|CS|TAMS 0x0000000096200000, 0x0000000096200000| Complete 
| 253|0x0000000096300000, 0x0000000096400000, 0x0000000096400000|100%| E|CS|TAMS 0x0000000096300000, 0x0000000096300000| Complete 
| 254|0x0000000096400000, 0x0000000096500000, 0x0000000096500000|100%| E|CS|TAMS 0x0000000096400000, 0x0000000096400000| Complete 
| 255|0x0000000096500000, 0x0000000096600000, 0x0000000096600000|100%| E|CS|TAMS 0x0000000096500000, 0x0000000096500000| Complete 
| 256|0x0000000096600000, 0x0000000096700000, 0x0000000096700000|100%| E|CS|TAMS 0x0000000096600000, 0x0000000096600000| Complete 
| 257|0x0000000096700000, 0x0000000096800000, 0x0000000096800000|100%| E|CS|TAMS 0x0000000096700000, 0x0000000096700000| Complete 
| 258|0x0000000096800000, 0x0000000096900000, 0x0000000096900000|100%| E|CS|TAMS 0x0000000096800000, 0x0000000096800000| Complete 
| 259|0x0000000096900000, 0x0000000096a00000, 0x0000000096a00000|100%| E|CS|TAMS 0x0000000096900000, 0x0000000096900000| Complete 
| 260|0x0000000096a00000, 0x0000000096b00000, 0x0000000096b00000|100%| E|CS|TAMS 0x0000000096a00000, 0x0000000096a00000| Complete 
| 261|0x0000000096b00000, 0x0000000096c00000, 0x0000000096c00000|100%| E|CS|TAMS 0x0000000096b00000, 0x0000000096b00000| Complete 
| 262|0x0000000096c00000, 0x0000000096d00000, 0x0000000096d00000|100%| E|CS|TAMS 0x0000000096c00000, 0x0000000096c00000| Complete 
| 263|0x0000000096d00000, 0x0000000096e00000, 0x0000000096e00000|100%| E|CS|TAMS 0x0000000096d00000, 0x0000000096d00000| Complete 
| 264|0x0000000096e00000, 0x0000000096f00000, 0x0000000096f00000|100%| E|CS|TAMS 0x0000000096e00000, 0x0000000096e00000| Complete 
| 265|0x0000000096f00000, 0x0000000097000000, 0x0000000097000000|100%| E|CS|TAMS 0x0000000096f00000, 0x0000000096f00000| Complete 
| 266|0x0000000097000000, 0x0000000097100000, 0x0000000097100000|100%| E|CS|TAMS 0x0000000097000000, 0x0000000097000000| Complete 
| 267|0x0000000097100000, 0x0000000097200000, 0x0000000097200000|100%| E|CS|TAMS 0x0000000097100000, 0x0000000097100000| Complete 
| 268|0x0000000097200000, 0x0000000097300000, 0x0000000097300000|100%| E|CS|TAMS 0x0000000097200000, 0x0000000097200000| Complete 
| 269|0x0000000097300000, 0x0000000097400000, 0x0000000097400000|100%| E|CS|TAMS 0x0000000097300000, 0x0000000097300000| Complete 
| 270|0x0000000097400000, 0x0000000097500000, 0x0000000097500000|100%| E|CS|TAMS 0x0000000097400000, 0x0000000097400000| Complete 
| 271|0x0000000097500000, 0x0000000097600000, 0x0000000097600000|100%| E|CS|TAMS 0x0000000097500000, 0x0000000097500000| Complete 
| 272|0x0000000097600000, 0x0000000097700000, 0x0000000097700000|100%| E|CS|TAMS 0x0000000097600000, 0x0000000097600000| Complete 
| 273|0x0000000097700000, 0x0000000097800000, 0x0000000097800000|100%| E|CS|TAMS 0x0000000097700000, 0x0000000097700000| Complete 
| 274|0x0000000097800000, 0x0000000097900000, 0x0000000097900000|100%| E|CS|TAMS 0x0000000097800000, 0x0000000097800000| Complete 
| 275|0x0000000097900000, 0x0000000097a00000, 0x0000000097a00000|100%| E|CS|TAMS 0x0000000097900000, 0x0000000097900000| Complete 
| 276|0x0000000097a00000, 0x0000000097b00000, 0x0000000097b00000|100%| E|CS|TAMS 0x0000000097a00000, 0x0000000097a00000| Complete 
| 277|0x0000000097b00000, 0x0000000097c00000, 0x0000000097c00000|100%| E|CS|TAMS 0x0000000097b00000, 0x0000000097b00000| Complete 
| 278|0x0000000097c00000, 0x0000000097d00000, 0x0000000097d00000|100%| E|CS|TAMS 0x0000000097c00000, 0x0000000097c00000| Complete 
| 279|0x0000000097d00000, 0x0000000097e00000, 0x0000000097e00000|100%| E|CS|TAMS 0x0000000097d00000, 0x0000000097d00000| Complete 
| 280|0x0000000097e00000, 0x0000000097f00000, 0x0000000097f00000|100%| E|CS|TAMS 0x0000000097e00000, 0x0000000097e00000| Complete 
| 281|0x0000000097f00000, 0x0000000098000000, 0x0000000098000000|100%| E|CS|TAMS 0x0000000097f00000, 0x0000000097f00000| Complete 
| 282|0x0000000098000000, 0x0000000098100000, 0x0000000098100000|100%| E|CS|TAMS 0x0000000098000000, 0x0000000098000000| Complete 
| 283|0x0000000098100000, 0x0000000098200000, 0x0000000098200000|100%| E|CS|TAMS 0x0000000098100000, 0x0000000098100000| Complete 
| 284|0x0000000098200000, 0x0000000098300000, 0x0000000098300000|100%| E|CS|TAMS 0x0000000098200000, 0x0000000098200000| Complete 
| 285|0x0000000098300000, 0x0000000098400000, 0x0000000098400000|100%| E|CS|TAMS 0x0000000098300000, 0x0000000098300000| Complete 
| 286|0x0000000098400000, 0x0000000098500000, 0x0000000098500000|100%| E|CS|TAMS 0x0000000098400000, 0x0000000098400000| Complete 
| 287|0x0000000098500000, 0x0000000098600000, 0x0000000098600000|100%| E|CS|TAMS 0x0000000098500000, 0x0000000098500000| Complete 
| 288|0x0000000098600000, 0x0000000098700000, 0x0000000098700000|100%| E|CS|TAMS 0x0000000098600000, 0x0000000098600000| Complete 
| 289|0x0000000098700000, 0x0000000098800000, 0x0000000098800000|100%| E|CS|TAMS 0x0000000098700000, 0x0000000098700000| Complete 
| 290|0x0000000098800000, 0x0000000098900000, 0x0000000098900000|100%| E|CS|TAMS 0x0000000098800000, 0x0000000098800000| Complete 
| 291|0x0000000098900000, 0x0000000098a00000, 0x0000000098a00000|100%| E|CS|TAMS 0x0000000098900000, 0x0000000098900000| Complete 
| 292|0x0000000098a00000, 0x0000000098b00000, 0x0000000098b00000|100%| E|CS|TAMS 0x0000000098a00000, 0x0000000098a00000| Complete 
| 293|0x0000000098b00000, 0x0000000098c00000, 0x0000000098c00000|100%| E|CS|TAMS 0x0000000098b00000, 0x0000000098b00000| Complete 
| 294|0x0000000098c00000, 0x0000000098d00000, 0x0000000098d00000|100%| E|CS|TAMS 0x0000000098c00000, 0x0000000098c00000| Complete 
| 295|0x0000000098d00000, 0x0000000098e00000, 0x0000000098e00000|100%| E|CS|TAMS 0x0000000098d00000, 0x0000000098d00000| Complete 
| 296|0x0000000098e00000, 0x0000000098f00000, 0x0000000098f00000|100%| E|CS|TAMS 0x0000000098e00000, 0x0000000098e00000| Complete 
| 297|0x0000000098f00000, 0x0000000099000000, 0x0000000099000000|100%| E|CS|TAMS 0x0000000098f00000, 0x0000000098f00000| Complete 
| 298|0x0000000099000000, 0x0000000099100000, 0x0000000099100000|100%| E|CS|TAMS 0x0000000099000000, 0x0000000099000000| Complete 
| 299|0x0000000099100000, 0x0000000099200000, 0x0000000099200000|100%| E|CS|TAMS 0x0000000099100000, 0x0000000099100000| Complete 
| 300|0x0000000099200000, 0x0000000099300000, 0x0000000099300000|100%| E|CS|TAMS 0x0000000099200000, 0x0000000099200000| Complete 
| 301|0x0000000099300000, 0x0000000099400000, 0x0000000099400000|100%| E|CS|TAMS 0x0000000099300000, 0x0000000099300000| Complete 
| 302|0x0000000099400000, 0x0000000099500000, 0x0000000099500000|100%| E|CS|TAMS 0x0000000099400000, 0x0000000099400000| Complete 
| 303|0x0000000099500000, 0x0000000099600000, 0x0000000099600000|100%| E|CS|TAMS 0x0000000099500000, 0x0000000099500000| Complete 
| 304|0x0000000099600000, 0x0000000099700000, 0x0000000099700000|100%| E|CS|TAMS 0x0000000099600000, 0x0000000099600000| Complete 
| 305|0x0000000099700000, 0x0000000099800000, 0x0000000099800000|100%| E|CS|TAMS 0x0000000099700000, 0x0000000099700000| Complete 
| 306|0x0000000099800000, 0x0000000099900000, 0x0000000099900000|100%| E|CS|TAMS 0x0000000099800000, 0x0000000099800000| Complete 
| 307|0x0000000099900000, 0x0000000099a00000, 0x0000000099a00000|100%| E|CS|TAMS 0x0000000099900000, 0x0000000099900000| Complete 
| 308|0x0000000099a00000, 0x0000000099b00000, 0x0000000099b00000|100%| E|CS|TAMS 0x0000000099a00000, 0x0000000099a00000| Complete 
| 309|0x0000000099b00000, 0x0000000099c00000, 0x0000000099c00000|100%| E|CS|TAMS 0x0000000099b00000, 0x0000000099b00000| Complete 
| 310|0x0000000099c00000, 0x0000000099d00000, 0x0000000099d00000|100%| E|CS|TAMS 0x0000000099c00000, 0x0000000099c00000| Complete 
| 311|0x0000000099d00000, 0x0000000099e00000, 0x0000000099e00000|100%| E|CS|TAMS 0x0000000099d00000, 0x0000000099d00000| Complete 
| 312|0x0000000099e00000, 0x0000000099f00000, 0x0000000099f00000|100%| E|CS|TAMS 0x0000000099e00000, 0x0000000099e00000| Complete 
| 313|0x0000000099f00000, 0x000000009a000000, 0x000000009a000000|100%| E|CS|TAMS 0x0000000099f00000, 0x0000000099f00000| Complete 
| 314|0x000000009a000000, 0x000000009a100000, 0x000000009a100000|100%| E|CS|TAMS 0x000000009a000000, 0x000000009a000000| Complete 
| 315|0x000000009a100000, 0x000000009a200000, 0x000000009a200000|100%| E|CS|TAMS 0x000000009a100000, 0x000000009a100000| Complete 
| 316|0x000000009a200000, 0x000000009a300000, 0x000000009a300000|100%| E|CS|TAMS 0x000000009a200000, 0x000000009a200000| Complete 
| 317|0x000000009a300000, 0x000000009a400000, 0x000000009a400000|100%| E|CS|TAMS 0x000000009a300000, 0x000000009a300000| Complete 
| 318|0x000000009a400000, 0x000000009a500000, 0x000000009a500000|100%| E|CS|TAMS 0x000000009a400000, 0x000000009a400000| Complete 
| 319|0x000000009a500000, 0x000000009a600000, 0x000000009a600000|100%| E|CS|TAMS 0x000000009a500000, 0x000000009a500000| Complete 
| 320|0x000000009a600000, 0x000000009a700000, 0x000000009a700000|100%| E|CS|TAMS 0x000000009a600000, 0x000000009a600000| Complete 
| 321|0x000000009a700000, 0x000000009a800000, 0x000000009a800000|100%| E|CS|TAMS 0x000000009a700000, 0x000000009a700000| Complete 
| 322|0x000000009a800000, 0x000000009a900000, 0x000000009a900000|100%| E|CS|TAMS 0x000000009a800000, 0x000000009a800000| Complete 
| 323|0x000000009a900000, 0x000000009aa00000, 0x000000009aa00000|100%| E|CS|TAMS 0x000000009a900000, 0x000000009a900000| Complete 
| 324|0x000000009aa00000, 0x000000009ab00000, 0x000000009ab00000|100%| E|CS|TAMS 0x000000009aa00000, 0x000000009aa00000| Complete 
| 325|0x000000009ab00000, 0x000000009ac00000, 0x000000009ac00000|100%| E|CS|TAMS 0x000000009ab00000, 0x000000009ab00000| Complete 
| 326|0x000000009ac00000, 0x000000009ad00000, 0x000000009ad00000|100%| E|CS|TAMS 0x000000009ac00000, 0x000000009ac00000| Complete 
| 327|0x000000009ad00000, 0x000000009ada3c50, 0x000000009ae00000| 63%| S|CS|TAMS 0x000000009ad00000, 0x000000009ad00000| Complete 
| 328|0x000000009ae00000, 0x000000009af00000, 0x000000009af00000|100%| S|CS|TAMS 0x000000009ae00000, 0x000000009ae00000| Complete 
| 329|0x000000009af00000, 0x000000009b000000, 0x000000009b000000|100%| E|CS|TAMS 0x000000009af00000, 0x000000009af00000| Complete 
| 330|0x000000009b000000, 0x000000009b100000, 0x000000009b100000|100%| E|CS|TAMS 0x000000009b000000, 0x000000009b000000| Complete 
| 331|0x000000009b100000, 0x000000009b200000, 0x000000009b200000|100%| E|CS|TAMS 0x000000009b100000, 0x000000009b100000| Complete 
| 332|0x000000009b200000, 0x000000009b300000, 0x000000009b300000|100%| E|CS|TAMS 0x000000009b200000, 0x000000009b200000| Complete 
| 333|0x000000009b300000, 0x000000009b400000, 0x000000009b400000|100%| E|CS|TAMS 0x000000009b300000, 0x000000009b300000| Complete 
| 344|0x000000009be00000, 0x000000009bf00000, 0x000000009bf00000|100%| E|CS|TAMS 0x000000009be00000, 0x000000009be00000| Complete 
| 345|0x000000009bf00000, 0x000000009c000000, 0x000000009c000000|100%| E|CS|TAMS 0x000000009bf00000, 0x000000009bf00000| Complete 
| 346|0x000000009c000000, 0x000000009c100000, 0x000000009c100000|100%| E|CS|TAMS 0x000000009c000000, 0x000000009c000000| Complete 
| 347|0x000000009c100000, 0x000000009c200000, 0x000000009c200000|100%| E|CS|TAMS 0x000000009c100000, 0x000000009c100000| Complete 
| 348|0x000000009c200000, 0x000000009c300000, 0x000000009c300000|100%| E|CS|TAMS 0x000000009c200000, 0x000000009c200000| Complete 
| 349|0x000000009c300000, 0x000000009c400000, 0x000000009c400000|100%| E|CS|TAMS 0x000000009c300000, 0x000000009c300000| Complete 

Card table byte_map: [0x000001e65fee0000,0x000001e6602b0000] _byte_map_base: 0x000001e65faad000

Marking Bits (Prev, Next): (CMBitMap*) 0x000001e6485d0520, (CMBitMap*) 0x000001e6485d0560
 Prev Bits: [0x000001e660680000, 0x000001e6624e8000)
 Next Bits: [0x000001e6624f0000, 0x000001e664358000)

Polling page: 0x000001e647d20000

Metaspace:

Usage:
  Non-class:     66.60 MB used.
      Class:      8.59 MB used.
       Both:     75.19 MB used.

Virtual space:
  Non-class space:      128.00 MB reserved,      67.12 MB ( 52%) committed,  2 nodes.
      Class space:        1.00 GB reserved,       9.06 MB ( <1%) committed,  1 nodes.
             Both:        1.12 GB reserved,      76.19 MB (  7%) committed. 

Chunk freelists:
   Non-Class:  12.92 MB
       Class:  7.00 MB
        Both:  19.92 MB

MaxMetaspaceSize: unlimited
CompressedClassSpaceSize: 1.00 GB
Initial GC threshold: 21.00 MB
Current GC threshold: 120.56 MB
CDS: off
MetaspaceReclaimPolicy: balanced
 - commit_granule_bytes: 65536.
 - commit_granule_words: 8192.
 - virtual_space_node_default_size: 8388608.
 - enlarge_chunks_in_place: 1.
 - new_chunks_are_fully_committed: 0.
 - uncommit_free_chunks: 1.
 - use_allocation_guard: 0.
 - handle_deallocations: 1.


Internal statistics:

num_allocs_failed_limit: 3.
num_arena_births: 782.
num_arena_deaths: 0.
num_vsnodes_births: 3.
num_vsnodes_deaths: 0.
num_space_committed: 1219.
num_space_uncommitted: 0.
num_chunks_returned_to_freelist: 3.
num_chunks_taken_from_freelist: 2769.
num_chunk_merges: 0.
num_chunk_splits: 1930.
num_chunks_enlarged: 1354.
num_inconsistent_stats: 0.

CodeHeap 'non-profiled nmethods': size=120000Kb used=3931Kb max_used=3931Kb free=116068Kb
 bounds [0x000001e6582a0000, 0x000001e658680000, 0x000001e65f7d0000]
CodeHeap 'profiled nmethods': size=120000Kb used=11928Kb max_used=11937Kb free=108071Kb
 bounds [0x000001e6507d0000, 0x000001e651380000, 0x000001e657d00000]
CodeHeap 'non-nmethods': size=5760Kb used=1484Kb max_used=1569Kb free=4275Kb
 bounds [0x000001e657d00000, 0x000001e657f70000, 0x000001e6582a0000]
 total_blobs=6714 nmethods=5871 adapters=755
 compilation: enabled
              stopped_count=0, restarted_count=0
 full_count=0

Compilation events (20 events):
Event: 16.394 Thread 0x000001e66b02df90 6815       2       javax.swing.text.WhitespaceBasedBreakIterator::adjacent (43 bytes)
Event: 16.395 Thread 0x000001e66b02df90 nmethod 6815 0x000001e650c1d890 code [0x000001e650c1da40, 0x000001e650c1dc28]
Event: 16.395 Thread 0x000001e66b02df90 6813       2       javax.swing.event.UndoableEditEvent::<init> (11 bytes)
Event: 16.396 Thread 0x000001e66b02df90 nmethod 6813 0x000001e650c1d390 code [0x000001e650c1d540, 0x000001e650c1d7c8]
Event: 16.397 Thread 0x000001e66b02df90 6817       2       javax.swing.text.WhitespaceBasedBreakIterator::checkhit (27 bytes)
Event: 16.397 Thread 0x000001e66b02df90 nmethod 6817 0x000001e650c1ce90 code [0x000001e650c1d020, 0x000001e650c1d178]
Event: 16.397 Thread 0x000001e66b02df90 6816       2       javax.swing.text.GapContent$MarkVector::insertElementAt (19 bytes)
Event: 16.398 Thread 0x000001e66b02df90 nmethod 6816 0x000001e65080c590 code [0x000001e65080c740, 0x000001e65080c968]
Event: 16.398 Thread 0x000001e66b02df90 6802       1       javax.swing.text.html.parser.Element::getAttributes (5 bytes)
Event: 16.399 Thread 0x000001e66b02df90 nmethod 6802 0x000001e658674790 code [0x000001e658674920, 0x000001e6586749f8]
Event: 16.403 Thread 0x000001e66b02df90 6819       2       java.lang.invoke.InvokerBytecodeGenerator$ClassData::<init> (20 bytes)
Event: 16.404 Thread 0x000001e66b02df90 nmethod 6819 0x000001e65080c110 code [0x000001e65080c2a0, 0x000001e65080c4b8]
Event: 16.404 Thread 0x000001e66b02df90 6820       2       java.lang.invoke.InvokerBytecodeGenerator::emitIconstInsn (75 bytes)
Event: 16.406 Thread 0x000001e66b02df90 nmethod 6820 0x000001e65080bb10 code [0x000001e65080bd00, 0x000001e65080bff8]
Event: 16.406 Thread 0x000001e66b02df90 6821   !   2       java.lang.invoke.LambdaForm::lambdaName (49 bytes)
Event: 16.406 Thread 0x000001e66b02df90 nmethod 6821 0x000001e65080b790 code [0x000001e65080b920, 0x000001e65080ba38]
Event: 16.407 Thread 0x000001e66b02df90 6822       2       java.lang.invoke.InvokerBytecodeGenerator::emitReturn (107 bytes)
Event: 16.408 Thread 0x000001e66b02df90 nmethod 6822 0x000001e65080b110 code [0x000001e65080b2e0, 0x000001e65080b578]
Event: 16.439 Thread 0x000001e66b02df90 6825       2       sun.awt.AWTAutoShutdown::isReadyToShutdown (37 bytes)
Event: 16.439 Thread 0x000001e66b02df90 nmethod 6825 0x000001e65080ad10 code [0x000001e65080aec0, 0x000001e65080b058]

GC Heap History (20 events):
Event: 11.109 GC heap before
{Heap before GC invocations=25 (full 0):
 garbage-first heap   total 133120K, used 108114K [0x0000000086600000, 0x0000000100000000)
  region size 1024K, 26 young (26624K), 1 survivors (1024K)
 Metaspace       used 64600K, committed 65472K, reserved 1114112K
  class space    used 7455K, committed 7872K, reserved 1048576K
}
Event: 11.114 GC heap after
{Heap after GC invocations=26 (full 0):
 garbage-first heap   total 133120K, used 83911K [0x0000000086600000, 0x0000000100000000)
  region size 1024K, 2 young (2048K), 2 survivors (2048K)
 Metaspace       used 64600K, committed 65472K, reserved 1114112K
  class space    used 7455K, committed 7872K, reserved 1048576K
}
Event: 11.237 GC heap before
{Heap before GC invocations=26 (full 0):
 garbage-first heap   total 133120K, used 86983K [0x0000000086600000, 0x0000000100000000)
  region size 1024K, 6 young (6144K), 2 survivors (2048K)
 Metaspace       used 65645K, committed 66624K, reserved 1114112K
  class space    used 7563K, committed 8000K, reserved 1048576K
}
Event: 11.240 GC heap after
{Heap after GC invocations=27 (full 0):
 garbage-first heap   total 133120K, used 84086K [0x0000000086600000, 0x0000000100000000)
  region size 1024K, 1 young (1024K), 1 survivors (1024K)
 Metaspace       used 65645K, committed 66624K, reserved 1114112K
  class space    used 7563K, committed 8000K, reserved 1048576K
}
Event: 12.604 GC heap before
{Heap before GC invocations=27 (full 0):
 garbage-first heap   total 133120K, used 112758K [0x0000000086600000, 0x0000000100000000)
  region size 1024K, 30 young (30720K), 1 survivors (1024K)
 Metaspace       used 69912K, committed 70912K, reserved 1114112K
  class space    used 8051K, committed 8512K, reserved 1048576K
}
Event: 12.610 GC heap after
{Heap after GC invocations=28 (full 0):
 garbage-first heap   total 133120K, used 86440K [0x0000000086600000, 0x0000000100000000)
  region size 1024K, 3 young (3072K), 3 survivors (3072K)
 Metaspace       used 69912K, committed 70912K, reserved 1114112K
  class space    used 8051K, committed 8512K, reserved 1048576K
}
Event: 12.879 GC heap before
{Heap before GC invocations=29 (full 0):
 garbage-first heap   total 153600K, used 113064K [0x0000000086600000, 0x0000000100000000)
  region size 1024K, 29 young (29696K), 3 survivors (3072K)
 Metaspace       used 70394K, committed 71424K, reserved 1114112K
  class space    used 8095K, committed 8576K, reserved 1048576K
}
Event: 12.884 GC heap after
{Heap after GC invocations=30 (full 0):
 garbage-first heap   total 153600K, used 89173K [0x0000000086600000, 0x0000000100000000)
  region size 1024K, 4 young (4096K), 4 survivors (4096K)
 Metaspace       used 70394K, committed 71424K, reserved 1114112K
  class space    used 8095K, committed 8576K, reserved 1048576K
}
Event: 12.899 GC heap before
{Heap before GC invocations=30 (full 0):
 garbage-first heap   total 153600K, used 92245K [0x0000000086600000, 0x0000000100000000)
  region size 1024K, 7 young (7168K), 4 survivors (4096K)
 Metaspace       used 70398K, committed 71424K, reserved 1114112K
  class space    used 8095K, committed 8576K, reserved 1048576K
}
Event: 12.906 GC heap after
{Heap after GC invocations=31 (full 0):
 garbage-first heap   total 153600K, used 90934K [0x0000000086600000, 0x0000000100000000)
  region size 1024K, 1 young (1024K), 1 survivors (1024K)
 Metaspace       used 70398K, committed 71424K, reserved 1114112K
  class space    used 8095K, committed 8576K, reserved 1048576K
}
Event: 13.226 GC heap before
{Heap before GC invocations=31 (full 0):
 garbage-first heap   total 153600K, used 126774K [0x0000000086600000, 0x0000000100000000)
  region size 1024K, 36 young (36864K), 1 survivors (1024K)
 Metaspace       used 70985K, committed 72000K, reserved 1114112K
  class space    used 8156K, committed 8640K, reserved 1048576K
}
Event: 13.235 GC heap after
{Heap after GC invocations=32 (full 0):
 garbage-first heap   total 153600K, used 100352K [0x0000000086600000, 0x0000000100000000)
  region size 1024K, 5 young (5120K), 5 survivors (5120K)
 Metaspace       used 70985K, committed 72000K, reserved 1114112K
  class space    used 8156K, committed 8640K, reserved 1048576K
}
Event: 13.529 GC heap before
{Heap before GC invocations=33 (full 0):
 garbage-first heap   total 179200K, used 126976K [0x0000000086600000, 0x0000000100000000)
  region size 1024K, 31 young (31744K), 5 survivors (5120K)
 Metaspace       used 71867K, committed 72832K, reserved 1114112K
  class space    used 8247K, committed 8704K, reserved 1048576K
}
Event: 13.536 GC heap after
{Heap after GC invocations=34 (full 0):
 garbage-first heap   total 179200K, used 102273K [0x0000000086600000, 0x0000000100000000)
  region size 1024K, 2 young (2048K), 2 survivors (2048K)
 Metaspace       used 71867K, committed 72832K, reserved 1114112K
  class space    used 8247K, committed 8704K, reserved 1048576K
}
Event: 13.838 GC heap before
{Heap before GC invocations=34 (full 0):
 garbage-first heap   total 179200K, used 137089K [0x0000000086600000, 0x0000000100000000)
  region size 1024K, 36 young (36864K), 2 survivors (2048K)
 Metaspace       used 72884K, committed 73920K, reserved 1114112K
  class space    used 8358K, committed 8832K, reserved 1048576K
}
Event: 13.844 GC heap after
{Heap after GC invocations=35 (full 0):
 garbage-first heap   total 358400K, used 103014K [0x0000000086600000, 0x0000000100000000)
  region size 1024K, 3 young (3072K), 3 survivors (3072K)
 Metaspace       used 72884K, committed 73920K, reserved 1114112K
  class space    used 8358K, committed 8832K, reserved 1048576K
}
Event: 15.520 GC heap before
{Heap before GC invocations=36 (full 0):
 garbage-first heap   total 348160K, used 221319K [0x0000000086600000, 0x0000000100000000)
  region size 1024K, 124 young (126976K), 3 survivors (3072K)
 Metaspace       used 75080K, committed 76096K, reserved 1179648K
  class space    used 8598K, committed 9088K, reserved 1048576K
}
Event: 15.528 GC heap after
{Heap after GC invocations=37 (full 0):
 garbage-first heap   total 348160K, used 100550K [0x0000000086600000, 0x0000000100000000)
  region size 1024K, 6 young (6144K), 6 survivors (6144K)
 Metaspace       used 75080K, committed 76096K, reserved 1179648K
  class space    used 8598K, committed 9088K, reserved 1048576K
}
Event: 15.581 GC heap before
{Heap before GC invocations=37 (full 0):
 garbage-first heap   total 348160K, used 110790K [0x0000000086600000, 0x0000000100000000)
  region size 1024K, 17 young (17408K), 6 survivors (6144K)
 Metaspace       used 75314K, committed 76288K, reserved 1179648K
  class space    used 8622K, committed 9088K, reserved 1048576K
}
Event: 15.586 GC heap after
{Heap after GC invocations=38 (full 0):
 garbage-first heap   total 348160K, used 101069K [0x0000000086600000, 0x0000000100000000)
  region size 1024K, 2 young (2048K), 2 survivors (2048K)
 Metaspace       used 75314K, committed 76288K, reserved 1179648K
  class space    used 8622K, committed 9088K, reserved 1048576K
}

Dll operation events (18 events):
Event: 0.013 Loaded shared library D:\software\STMicroelectronics\STM32Cube\STM32CubeMX\jre\bin\java.dll
Event: 0.049 Loaded shared library D:\software\STMicroelectronics\STM32Cube\STM32CubeMX\jre\bin\jsvml.dll
Event: 0.189 Loaded shared library D:\software\STMicroelectronics\STM32Cube\STM32CubeMX\jre\bin\net.dll
Event: 0.192 Loaded shared library D:\software\STMicroelectronics\STM32Cube\STM32CubeMX\jre\bin\nio.dll
Event: 0.270 Loaded shared library D:\software\STMicroelectronics\STM32Cube\STM32CubeMX\jre\bin\zip.dll
Event: 0.365 Loaded shared library D:\software\STMicroelectronics\STM32Cube\STM32CubeMX\jre\bin\jimage.dll
Event: 0.844 Loaded shared library D:\software\STMicroelectronics\STM32Cube\STM32CubeMX\jre\bin\management.dll
Event: 0.862 Loaded shared library D:\software\STMicroelectronics\STM32Cube\STM32CubeMX\jre\bin\management_ext.dll
Event: 1.801 Loaded shared library D:\software\STMicroelectronics\STM32Cube\STM32CubeMX\jre\bin\awt.dll
Event: 2.366 Loaded shared library D:\software\STMicroelectronics\STM32Cube\STM32CubeMX\jre\bin\freetype.dll
Event: 2.369 Loaded shared library D:\software\STMicroelectronics\STM32Cube\STM32CubeMX\jre\bin\fontmanager.dll
Event: 2.712 Loaded shared library D:\software\STMicroelectronics\STM32Cube\STM32CubeMX\jre\bin\verify.dll
Event: 2.894 Loaded shared library D:\software\STMicroelectronics\STM32Cube\STM32CubeMX\jre\bin\prefs.dll
Event: 8.505 Loaded shared library D:\software\STMicroelectronics\STM32Cube\STM32CubeMX\jre\bin\sunmscapi.dll
Event: 8.941 Loaded shared library D:\software\STMicroelectronics\STM32Cube\STM32CubeMX\jre\bin\extnet.dll
Event: 9.502 Loaded shared library D:\software\STMicroelectronics\STM32Cube\STM32CubeMX\jre\bin\javajpeg.dll
Event: 11.356 Loaded shared library C:\Users\23317\.stm32cubemx\.jxbrowser-7.38.2\Chromium\toolkit64.dll
Event: 11.835 Loaded shared library C:\Users\23317\.stm32cubemx\.jxbrowser-7.38.2\Chromium\ipc64.dll

Deoptimization events (20 events):
Event: 16.253 Thread 0x000001e66d5918e0 Uncommon trap: trap_request=0xffffffc6 fr.pc=0x000001e65865cda4 relative=0x0000000000001d04
Event: 16.253 Thread 0x000001e66d5918e0 Uncommon trap: reason=bimorphic_or_optimized_type_check action=maybe_recompile pc=0x000001e65865cda4 method=com.st.components.pdscmanager.xml.components.Component.getAllFiles(Lorg/w3c/dom/Node;)V @ 31 c2
Event: 16.253 Thread 0x000001e66d5918e0 DEOPT PACKING pc=0x000001e65865cda4 sp=0x0000002a540feb30
Event: 16.253 Thread 0x000001e66d5918e0 DEOPT UNPACKING pc=0x000001e657d5a1a3 sp=0x0000002a540feb20 mode 2
Event: 16.253 Thread 0x000001e66d5918e0 Uncommon trap: trap_request=0xffffffc6 fr.pc=0x000001e65865cda4 relative=0x0000000000001d04
Event: 16.253 Thread 0x000001e66d5918e0 Uncommon trap: reason=bimorphic_or_optimized_type_check action=maybe_recompile pc=0x000001e65865cda4 method=com.st.components.pdscmanager.xml.components.Component.getAllFiles(Lorg/w3c/dom/Node;)V @ 31 c2
Event: 16.253 Thread 0x000001e66d5918e0 DEOPT PACKING pc=0x000001e65865cda4 sp=0x0000002a540feb30
Event: 16.253 Thread 0x000001e66d5918e0 DEOPT UNPACKING pc=0x000001e657d5a1a3 sp=0x0000002a540feb20 mode 2
Event: 16.253 Thread 0x000001e66d5918e0 Uncommon trap: trap_request=0xffffffc6 fr.pc=0x000001e65865cda4 relative=0x0000000000001d04
Event: 16.253 Thread 0x000001e66d5918e0 Uncommon trap: reason=bimorphic_or_optimized_type_check action=maybe_recompile pc=0x000001e65865cda4 method=com.st.components.pdscmanager.xml.components.Component.getAllFiles(Lorg/w3c/dom/Node;)V @ 31 c2
Event: 16.253 Thread 0x000001e66d5918e0 DEOPT PACKING pc=0x000001e65865cda4 sp=0x0000002a540feb30
Event: 16.253 Thread 0x000001e66d5918e0 DEOPT UNPACKING pc=0x000001e657d5a1a3 sp=0x0000002a540feb20 mode 2
Event: 16.253 Thread 0x000001e66d5918e0 Uncommon trap: trap_request=0xffffffc6 fr.pc=0x000001e65865cda4 relative=0x0000000000001d04
Event: 16.253 Thread 0x000001e66d5918e0 Uncommon trap: reason=bimorphic_or_optimized_type_check action=maybe_recompile pc=0x000001e65865cda4 method=com.st.components.pdscmanager.xml.components.Component.getAllFiles(Lorg/w3c/dom/Node;)V @ 31 c2
Event: 16.253 Thread 0x000001e66d5918e0 DEOPT PACKING pc=0x000001e65865cda4 sp=0x0000002a540feb30
Event: 16.253 Thread 0x000001e66d5918e0 DEOPT UNPACKING pc=0x000001e657d5a1a3 sp=0x0000002a540feb20 mode 2
Event: 16.366 Thread 0x000001e66d5ebf30 Uncommon trap: trap_request=0xffffffde fr.pc=0x000001e658539d78 relative=0x00000000000002f8
Event: 16.366 Thread 0x000001e66d5ebf30 Uncommon trap: reason=class_check action=maybe_recompile pc=0x000001e658539d78 method=javax.swing.RepaintManager.addDirtyRegion0(Ljava/awt/Container;IIII)V @ 58 c2
Event: 16.366 Thread 0x000001e66d5ebf30 DEOPT PACKING pc=0x000001e658539d78 sp=0x0000002a539fdfd0
Event: 16.366 Thread 0x000001e66d5ebf30 DEOPT UNPACKING pc=0x000001e657d5a1a3 sp=0x0000002a539fde38 mode 2

Classes unloaded (0 events):
No events

Classes redefined (0 events):
No events

Internal exceptions (20 events):
Event: 16.321 Thread 0x000001e66d5918e0 Exception <a 'java/io/IOException'{0x0000000095816460}> (0x0000000095816460) 
thrown [s\src\hotspot\share\prims\jni.cpp, line 516]
Event: 16.321 Thread 0x000001e66d5918e0 Exception <a 'java/io/IOException'{0x0000000095816808}> (0x0000000095816808) 
thrown [s\src\hotspot\share\prims\jni.cpp, line 516]
Event: 16.322 Thread 0x000001e66d5918e0 Exception <a 'java/io/IOException'{0x0000000095817410}> (0x0000000095817410) 
thrown [s\src\hotspot\share\prims\jni.cpp, line 516]
Event: 16.322 Thread 0x000001e66d5918e0 Exception <a 'java/io/IOException'{0x00000000958177b8}> (0x00000000958177b8) 
thrown [s\src\hotspot\share\prims\jni.cpp, line 516]
Event: 16.322 Thread 0x000001e66d5ebf30 Exception <a 'java/io/IOException'{0x0000000095881278}> (0x0000000095881278) 
thrown [s\src\hotspot\share\prims\jni.cpp, line 516]
Event: 16.322 Thread 0x000001e66d5ebf30 Exception <a 'java/io/IOException'{0x00000000958818c8}> (0x00000000958818c8) 
thrown [s\src\hotspot\share\prims\jni.cpp, line 516]
Event: 16.324 Thread 0x000001e66d5ebf30 Exception <a 'java/io/IOException'{0x0000000095887360}> (0x0000000095887360) 
thrown [s\src\hotspot\share\prims\jni.cpp, line 516]
Event: 16.324 Thread 0x000001e66d5ebf30 Exception <a 'java/io/IOException'{0x00000000958879b0}> (0x00000000958879b0) 
thrown [s\src\hotspot\share\prims\jni.cpp, line 516]
Event: 16.334 Thread 0x000001e66d5ebf30 Exception <a 'java/io/IOException'{0x00000000958940a0}> (0x00000000958940a0) 
thrown [s\src\hotspot\share\prims\jni.cpp, line 516]
Event: 16.334 Thread 0x000001e66d5ebf30 Exception <a 'java/io/IOException'{0x00000000958946f0}> (0x00000000958946f0) 
thrown [s\src\hotspot\share\prims\jni.cpp, line 516]
Event: 16.407 Thread 0x000001e66d5ebf30 Exception <a 'java/lang/NoSuchMethodError'{0x000000009560d540}: 'java.lang.Object java.lang.invoke.DirectMethodHandle$Holder.invokeSpecial(java.lang.Object, java.lang.Object, java.lang.Object, long, long)'> (0x000000009560d540) 
thrown [s\src\hotspot\share\interpreter\linkResolver.cpp, line 759]
Event: 16.407 Thread 0x000001e66d5ebf30 Exception <a 'java/lang/NoSuchMethodError'{0x0000000095611050}: 'java.lang.Object java.lang.invoke.Invokers$Holder.linkToTargetMethod(java.lang.Object, long, long, java.lang.Object)'> (0x0000000095611050) 
thrown [s\src\hotspot\share\interpreter\linkResolver.cpp, line 759]
Event: 16.409 Thread 0x000001e66d5ebf30 Exception <a 'java/io/IOException'{0x0000000095614af8}> (0x0000000095614af8) 
thrown [s\src\hotspot\share\prims\jni.cpp, line 516]
Event: 16.409 Thread 0x000001e66d5ebf30 Exception <a 'java/io/IOException'{0x0000000095615148}> (0x0000000095615148) 
thrown [s\src\hotspot\share\prims\jni.cpp, line 516]
Event: 16.437 Thread 0x000001e66d5ebf30 Exception <a 'java/io/IOException'{0x0000000095625168}> (0x0000000095625168) 
thrown [s\src\hotspot\share\prims\jni.cpp, line 516]
Event: 16.437 Thread 0x000001e66d5ebf30 Exception <a 'java/io/IOException'{0x00000000956257b8}> (0x00000000956257b8) 
thrown [s\src\hotspot\share\prims\jni.cpp, line 516]
Event: 16.438 Thread 0x000001e66d5ebf30 Exception <a 'java/io/IOException'{0x00000000956266e0}> (0x00000000956266e0) 
thrown [s\src\hotspot\share\prims\jni.cpp, line 516]
Event: 16.438 Thread 0x000001e66d5ebf30 Exception <a 'java/io/IOException'{0x0000000095626d30}> (0x0000000095626d30) 
thrown [s\src\hotspot\share\prims\jni.cpp, line 516]
Event: 16.440 Thread 0x000001e66d5ebf30 Exception <a 'java/io/IOException'{0x0000000095627de0}> (0x0000000095627de0) 
thrown [s\src\hotspot\share\prims\jni.cpp, line 516]
Event: 16.440 Thread 0x000001e66d5ebf30 Exception <a 'java/io/IOException'{0x0000000095628430}> (0x0000000095628430) 
thrown [s\src\hotspot\share\prims\jni.cpp, line 516]

VM Operations (20 events):
Event: 13.226 Executing VM operation: G1CollectForAllocation
Event: 13.235 Executing VM operation: G1CollectForAllocation done
Event: 13.307 Executing VM operation: G1PauseRemark
Event: 13.314 Executing VM operation: G1PauseRemark done
Event: 13.314 Executing VM operation: G1PauseCleanup
Event: 13.314 Executing VM operation: G1PauseCleanup done
Event: 13.529 Executing VM operation: G1CollectForAllocation
Event: 13.536 Executing VM operation: G1CollectForAllocation done
Event: 13.838 Executing VM operation: G1CollectForAllocation
Event: 13.845 Executing VM operation: G1CollectForAllocation done
Event: 13.897 Executing VM operation: G1PauseRemark
Event: 13.903 Executing VM operation: G1PauseRemark done
Event: 13.927 Executing VM operation: G1PauseCleanup
Event: 13.928 Executing VM operation: G1PauseCleanup done
Event: 14.940 Executing VM operation: Cleanup
Event: 14.940 Executing VM operation: Cleanup done
Event: 15.502 Executing VM operation: G1CollectForAllocation
Event: 15.530 Executing VM operation: G1CollectForAllocation done
Event: 15.566 Executing VM operation: G1CollectForAllocation
Event: 15.586 Executing VM operation: G1CollectForAllocation done

Events (20 events):
Event: 16.338 loading class java/awt/SentEvent done
Event: 16.392 loading class javax/swing/event/AncestorEvent
Event: 16.392 loading class javax/swing/event/AncestorEvent done
Event: 16.394 loading class javax/swing/TimerQueue$DelayedTimer
Event: 16.394 loading class java/util/concurrent/Delayed
Event: 16.394 loading class java/util/concurrent/Delayed done
Event: 16.394 loading class javax/swing/TimerQueue$DelayedTimer done
Event: 16.395 loading class java/util/concurrent/TimeUnit$1
Event: 16.396 loading class java/util/concurrent/TimeUnit$1 done
Event: 16.442 loading class javax/swing/text/AbstractDocument$UndoRedoDocumentEvent
Event: 16.442 loading class javax/swing/text/AbstractDocument$UndoRedoDocumentEvent done
Event: 16.442 loading class javax/swing/event/UndoableEditListener
Event: 16.442 loading class javax/swing/event/UndoableEditListener done
Event: 16.443 loading class javax/swing/text/DefaultCaret$1
Event: 16.443 loading class javax/swing/text/DefaultCaret$1 done
Event: 16.464 loading class javax/swing/SwingWorker$DoSubmitAccumulativeRunnable
Event: 16.464 loading class sun/swing/AccumulativeRunnable
Event: 16.465 loading class sun/swing/AccumulativeRunnable done
Event: 16.465 loading class javax/swing/SwingWorker$DoSubmitAccumulativeRunnable done
Event: 16.465 loading class javax/swing/SwingWorker$1


Dynamic libraries:
0x00007ff69cd20000 - 0x00007ff69cd2e000 	D:\software\STMicroelectronics\STM32Cube\STM32CubeMX\jre\bin\javaw.exe
0x00007fff77e50000 - 0x00007fff78067000 	C:\WINDOWS\SYSTEM32\ntdll.dll
0x00007fff76cd0000 - 0x00007fff76d94000 	C:\WINDOWS\System32\KERNEL32.DLL
0x00007fff75290000 - 0x00007fff7563d000 	C:\WINDOWS\System32\KERNELBASE.dll
0x00007fff70110000 - 0x00007fff701a7000 	C:\WINDOWS\SYSTEM32\apphelp.dll
0x00007fff756b0000 - 0x00007fff757c1000 	C:\WINDOWS\System32\ucrtbase.dll
0x00007fff6fa00000 - 0x00007fff6fa17000 	D:\software\STMicroelectronics\STM32Cube\STM32CubeMX\jre\bin\jli.dll
0x00007fff6dbc0000 - 0x00007fff6dbdb000 	D:\software\STMicroelectronics\STM32Cube\STM32CubeMX\jre\bin\VCRUNTIME140.dll
0x00007fff76350000 - 0x00007fff764fe000 	C:\WINDOWS\System32\USER32.dll
0x00007fff74440000 - 0x00007fff746d3000 	C:\WINDOWS\WinSxS\amd64_microsoft.windows.common-controls_6595b64144ccf1df_6.0.22621.3672_none_2713b9d173822955\COMCTL32.dll
0x00007fff772f0000 - 0x00007fff77397000 	C:\WINDOWS\System32\msvcrt.dll
0x00007fff758f0000 - 0x00007fff75916000 	C:\WINDOWS\System32\win32u.dll
0x00007fff76320000 - 0x00007fff76349000 	C:\WINDOWS\System32\GDI32.dll
0x00007fff75170000 - 0x00007fff75289000 	C:\WINDOWS\System32\gdi32full.dll
0x00007fff757d0000 - 0x00007fff7586a000 	C:\WINDOWS\System32\msvcp_win.dll
0x00007fff77d80000 - 0x00007fff77db1000 	C:\WINDOWS\System32\IMM32.DLL
0x00007fff6ded0000 - 0x00007fff6dedc000 	D:\software\STMicroelectronics\STM32Cube\STM32CubeMX\jre\bin\vcruntime140_1.dll
0x00007fff4b720000 - 0x00007fff4b7ad000 	D:\software\STMicroelectronics\STM32Cube\STM32CubeMX\jre\bin\msvcp140.dll
0x00007ffef8230000 - 0x00007ffef8e92000 	D:\software\STMicroelectronics\STM32Cube\STM32CubeMX\jre\bin\server\jvm.dll
0x00007fff766c0000 - 0x00007fff76772000 	C:\WINDOWS\System32\ADVAPI32.dll
0x00007fff75e90000 - 0x00007fff75f39000 	C:\WINDOWS\System32\sechost.dll
0x00007fff75920000 - 0x00007fff75948000 	C:\WINDOWS\System32\bcrypt.dll
0x00007fff76500000 - 0x00007fff76614000 	C:\WINDOWS\System32\RPCRT4.dll
0x00007fff6de90000 - 0x00007fff6dec4000 	C:\WINDOWS\SYSTEM32\WINMM.dll
0x00007fff6db00000 - 0x00007fff6db0a000 	C:\WINDOWS\SYSTEM32\VERSION.dll
0x00007fff61760000 - 0x00007fff61769000 	C:\WINDOWS\SYSTEM32\WSOCK32.dll
0x00007fff75030000 - 0x00007fff7507d000 	C:\WINDOWS\SYSTEM32\POWRPROF.dll
0x00007fff75f60000 - 0x00007fff75fd1000 	C:\WINDOWS\System32\WS2_32.dll
0x00007fff74f60000 - 0x00007fff74f73000 	C:\WINDOWS\SYSTEM32\UMPDC.dll
0x00007fff73880000 - 0x00007fff73898000 	C:\WINDOWS\SYSTEM32\kernel.appcore.dll
0x00007fff616c0000 - 0x00007fff616ca000 	D:\software\STMicroelectronics\STM32Cube\STM32CubeMX\jre\bin\jimage.dll
0x00007fff74ac0000 - 0x00007fff74cf2000 	C:\WINDOWS\SYSTEM32\DBGHELP.DLL
0x00007fff76780000 - 0x00007fff76b0d000 	C:\WINDOWS\System32\combase.dll
0x00007fff773a0000 - 0x00007fff77477000 	C:\WINDOWS\System32\OLEAUT32.dll
0x00007fff748c0000 - 0x00007fff748f2000 	C:\WINDOWS\SYSTEM32\dbgcore.DLL
0x00007fff75870000 - 0x00007fff758eb000 	C:\WINDOWS\System32\bcryptPrimitives.dll
0x00007fff60a80000 - 0x00007fff60aa5000 	D:\software\STMicroelectronics\STM32Cube\STM32CubeMX\jre\bin\java.dll
0x00007fff30520000 - 0x00007fff305f7000 	D:\software\STMicroelectronics\STM32Cube\STM32CubeMX\jre\bin\jsvml.dll
0x00007fff77500000 - 0x00007fff77d68000 	C:\WINDOWS\System32\SHELL32.dll
0x00007fff727d0000 - 0x00007fff730ce000 	C:\WINDOWS\SYSTEM32\windows.storage.dll
0x00007fff72660000 - 0x00007fff7279f000 	C:\WINDOWS\SYSTEM32\wintypes.dll
0x00007fff75c30000 - 0x00007fff75d29000 	C:\WINDOWS\System32\SHCORE.dll
0x00007fff762c0000 - 0x00007fff7631e000 	C:\WINDOWS\System32\shlwapi.dll
0x00007fff750a0000 - 0x00007fff750c1000 	C:\WINDOWS\SYSTEM32\profapi.dll
0x00007fff60c00000 - 0x00007fff60c19000 	D:\software\STMicroelectronics\STM32Cube\STM32CubeMX\jre\bin\net.dll
0x00007fff70b10000 - 0x00007fff70c46000 	C:\WINDOWS\SYSTEM32\WINHTTP.dll
0x00007fff73cb0000 - 0x00007fff73d19000 	C:\WINDOWS\system32\mswsock.dll
0x00007fff60990000 - 0x00007fff609a6000 	D:\software\STMicroelectronics\STM32Cube\STM32CubeMX\jre\bin\nio.dll
0x00007fff60570000 - 0x00007fff60588000 	D:\software\STMicroelectronics\STM32Cube\STM32CubeMX\jre\bin\zip.dll
0x00007fff616b0000 - 0x00007fff616b9000 	D:\software\STMicroelectronics\STM32Cube\STM32CubeMX\jre\bin\management.dll
0x00007fff61600000 - 0x00007fff6160b000 	D:\software\STMicroelectronics\STM32Cube\STM32CubeMX\jre\bin\management_ext.dll
0x00007fff760e0000 - 0x00007fff760e8000 	C:\WINDOWS\System32\PSAPI.DLL
0x00007fff485b0000 - 0x00007fff485c7000 	C:\WINDOWS\system32\napinsp.dll
0x00007fff48590000 - 0x00007fff485ab000 	C:\WINDOWS\system32\pnrpnsp.dll
0x00007fff733a0000 - 0x00007fff73498000 	C:\WINDOWS\SYSTEM32\DNSAPI.dll
0x00007fff73330000 - 0x00007fff7335d000 	C:\WINDOWS\SYSTEM32\IPHLPAPI.DLL
0x00007fff76620000 - 0x00007fff76629000 	C:\WINDOWS\System32\NSI.dll
0x00007fff48570000 - 0x00007fff48581000 	C:\WINDOWS\System32\winrnr.dll
0x00007fff4de30000 - 0x00007fff4de45000 	C:\WINDOWS\system32\wshbth.dll
0x00007fff48540000 - 0x00007fff48567000 	C:\WINDOWS\system32\nlansp_c.dll
0x00007fff6ced0000 - 0x00007fff6ceda000 	C:\Windows\System32\rasadhlp.dll
0x00007fff6d630000 - 0x00007fff6d6b3000 	C:\WINDOWS\System32\fwpuclnt.dll
0x00007fff1e920000 - 0x00007fff1eab0000 	D:\software\STMicroelectronics\STM32Cube\STM32CubeMX\jre\bin\awt.dll
0x00007fff74d10000 - 0x00007fff74d2b000 	C:\WINDOWS\SYSTEM32\CRYPTSP.dll
0x00007fff73f70000 - 0x00007fff73fa5000 	C:\WINDOWS\system32\rsaenh.dll
0x00007fff73d20000 - 0x00007fff73d48000 	C:\WINDOWS\SYSTEM32\USERENV.dll
0x00007fff73f50000 - 0x00007fff73f5c000 	C:\WINDOWS\SYSTEM32\CRYPTBASE.dll
0x00007fff707a0000 - 0x00007fff707b9000 	C:\WINDOWS\SYSTEM32\dhcpcsvc6.DLL
0x00007fff70700000 - 0x00007fff7071f000 	C:\WINDOWS\SYSTEM32\dhcpcsvc.DLL
0x00007fff71c60000 - 0x00007fff71d10000 	C:\WINDOWS\system32\uxtheme.dll
0x00007fff75d30000 - 0x00007fff75e8b000 	C:\WINDOWS\System32\MSCTF.dll
0x00007fff76110000 - 0x00007fff762b5000 	C:\WINDOWS\System32\ole32.dll
0x00007fff71e90000 - 0x00007fff71ebb000 	C:\WINDOWS\system32\DWMAPI.DLL
0x00007fff4c6e0000 - 0x00007fff4c7e0000 	C:\WINDOWS\system32\opengl32.dll
0x00007fff4cc00000 - 0x00007fff4cc2d000 	C:\WINDOWS\SYSTEM32\GLU32.dll
0x00007fff71d40000 - 0x00007fff71d77000 	C:\WINDOWS\SYSTEM32\dxcore.dll
0x00007fff27b60000 - 0x00007fff27be7000 	D:\software\STMicroelectronics\STM32Cube\STM32CubeMX\jre\bin\freetype.dll
0x00007fff24760000 - 0x00007fff24842000 	D:\software\STMicroelectronics\STM32Cube\STM32CubeMX\jre\bin\fontmanager.dll
0x00007fff614d0000 - 0x00007fff614e0000 	D:\software\STMicroelectronics\STM32Cube\STM32CubeMX\jre\bin\verify.dll
0x00007fff61490000 - 0x00007fff61499000 	D:\software\STMicroelectronics\STM32Cube\STM32CubeMX\jre\bin\prefs.dll
0x00007fff612f0000 - 0x00007fff612fe000 	D:\software\STMicroelectronics\STM32Cube\STM32CubeMX\jre\bin\sunmscapi.dll
0x00007fff75a10000 - 0x00007fff75b77000 	C:\WINDOWS\System32\CRYPT32.dll
0x00007fff74320000 - 0x00007fff7434e000 	C:\WINDOWS\SYSTEM32\ncrypt.dll
0x00007fff742e0000 - 0x00007fff74317000 	C:\WINDOWS\SYSTEM32\NTASN1.dll
0x00007fff73fc0000 - 0x00007fff73fd2000 	C:\WINDOWS\SYSTEM32\MSASN1.dll
0x00007fff73f20000 - 0x00007fff73f46000 	C:\WINDOWS\SYSTEM32\gpapi.dll
0x00007fff60e70000 - 0x00007fff60e79000 	D:\software\STMicroelectronics\STM32Cube\STM32CubeMX\jre\bin\extnet.dll
0x00007fff5fff0000 - 0x00007fff6001d000 	D:\software\STMicroelectronics\STM32Cube\STM32CubeMX\jre\bin\javajpeg.dll
0x00007fff75b80000 - 0x00007fff75c30000 	C:\WINDOWS\System32\clbcatq.dll
0x00007fff71890000 - 0x00007fff71a41000 	C:\WINDOWS\SYSTEM32\WindowsCodecs.dll
0x00007fff51870000 - 0x00007fff518ce000 	C:\WINDOWS\system32\dataexchange.dll
0x00007fff6ad60000 - 0x00007fff6afea000 	C:\WINDOWS\system32\twinapi.appcore.dll
0x00007fff6c340000 - 0x00007fff6c48e000 	C:\WINDOWS\SYSTEM32\textinputframework.dll
0x00007fff519d0000 - 0x00007fff51a39000 	C:\WINDOWS\system32\Oleacc.dll
0x00007fff24f40000 - 0x00007fff2504b000 	C:\Users\23317\.stm32cubemx\.jxbrowser-7.38.2\Chromium\toolkit64.dll
0x00007fff20a70000 - 0x00007fff20b7c000 	C:\Users\23317\.stm32cubemx\.jxbrowser-7.38.2\Chromium\ipc64.dll

dbghelp: loaded successfully - version: 4.0.5 - missing functions: none
symbol engine: initialized successfully - sym options: 0x614 - pdb path: .;D:\software\STMicroelectronics\STM32Cube\STM32CubeMX\jre\bin;C:\WINDOWS\SYSTEM32;C:\WINDOWS\WinSxS\amd64_microsoft.windows.common-controls_6595b64144ccf1df_6.0.22621.3672_none_2713b9d173822955;D:\software\STMicroelectronics\STM32Cube\STM32CubeMX\jre\bin\server;C:\Users\23317\.stm32cubemx\.jxbrowser-7.38.2\Chromium

VM Arguments:
jvm_args: -Dfile.encoding=UTF-8 -Djavax.net.ssl.trustStoreType=WINDOWS-ROOT -Dsun.java2d.d3d=false 
java_command: com.st.microxplorer.maingui.STM32CubeMX D:\workspace\cubemx\jp360ica_96755\jp360ica_96755.ioc
java_class_path (initial): D:\software\STMicroelectronics\STM32Cube\STM32CubeMX\STM32CubeMX.exe;anything
Launcher Type: SUN_STANDARD

[Global flags]
     intx CICompilerCount                          = 4                                         {product} {ergonomic}
     uint ConcGCThreads                            = 2                                         {product} {ergonomic}
     uint G1ConcRefinementThreads                  = 8                                         {product} {ergonomic}
   size_t G1HeapRegionSize                         = 1048576                                   {product} {ergonomic}
    uintx GCDrainStackTargetSize                   = 64                                        {product} {ergonomic}
   size_t InitialHeapSize                          = 127926272                                 {product} {ergonomic}
   size_t MarkStackSize                            = 4194304                                   {product} {ergonomic}
   size_t MaxHeapSize                              = 2040528896                                {product} {ergonomic}
   size_t MaxNewSize                               = 1223688192                                {product} {ergonomic}
   size_t MinHeapDeltaBytes                        = 1048576                                   {product} {ergonomic}
   size_t MinHeapSize                              = 8388608                                   {product} {ergonomic}
    uintx NonNMethodCodeHeapSize                   = 5839372                                {pd product} {ergonomic}
    uintx NonProfiledCodeHeapSize                  = 122909434                              {pd product} {ergonomic}
    uintx ProfiledCodeHeapSize                     = 122909434                              {pd product} {ergonomic}
    uintx ReservedCodeCacheSize                    = 251658240                              {pd product} {ergonomic}
     bool SegmentedCodeCache                       = true                                      {product} {ergonomic}
   size_t SoftMaxHeapSize                          = 2040528896                             {manageable} {ergonomic}
     bool UseCompressedClassPointers               = true                           {product lp64_product} {ergonomic}
     bool UseCompressedOops                        = true                           {product lp64_product} {ergonomic}
     bool UseG1GC                                  = true                                      {product} {ergonomic}
     bool UseLargePagesIndividualAllocation        = false                                  {pd product} {ergonomic}

Logging:
Log output configuration:
 #0: stdout all=warning uptime,level,tags
 #1: stderr all=off uptime,level,tags

Environment Variables:
JAVA_TOOL_OPTIONS=-Dfile.encoding=UTF-8
PATH=D:\software\STMicroelectronics\STM32Cube\STM32CubeMX\;C:\WINDOWS\system32;C:\WINDOWS;C:\WINDOWS\System32\Wbem;C:\WINDOWS\System32\WindowsPowerShell\v1.0\;C:\WINDOWS\System32\OpenSSH\;C:\Program Files\Microsoft VS Code\bin;D:\software\PortableGit\cmd;C:\Users\23317\AppData\Local\Microsoft\WindowsApps;C:\ProgramData\miniconda3;C:\ProgramData\miniconda3\Scripts;C:\ProgramData\miniconda3\Library\lib;D:\software\mingw64\bin;C:\Users\23317\AppData\Roaming\yt_config_tool\ninja-win;C:\Users\23317\AppData\Roaming\yt_config_tool\gcc-arm-none-eabi-10.3-2021.10\bin;C:\Users\23317\AppData\Roaming\yt_config_tool\cmake-3.26.4-windows-x86_64\bin;D:\binmerge\bin-merge;C:\Keil_v5\ARM\Segger;;D:\software\STMicroelectronics\STM32Cube\STM32CubeMX\.\jre\\bin
USERNAME=23317
OS=Windows_NT
PROCESSOR_IDENTIFIER=Intel64 Family 6 Model 126 Stepping 5, GenuineIntel
TMP=C:\Users\23317\AppData\Local\Temp
TEMP=C:\Users\23317\AppData\Local\Temp



Periodic native trim disabled


---------------  S Y S T E M  ---------------

OS:
 Windows 11 , 64 bit Build 22621 (10.0.22621.3958)
OS uptime: 11 days 22:15 hours
Hyper-V role detected

CPU: total 8 (initial active 8) (4 cores per cpu, 2 threads per core) family 6 model 126 stepping 5 microcode 0xbc, cx8, cmov, fxsr, ht, mmx, 3dnowpref, sse, sse2, sse3, ssse3, sse4.1, sse4.2, popcnt, lzcnt, tsc, tscinvbit, avx, avx2, aes, erms, clmul, bmi1, bmi2, adx, avx512f, avx512dq, avx512cd, avx512bw, avx512vl, sha, fma, vzeroupper, avx512_vpopcntdq, avx512_vpclmulqdq, avx512_vaes, avx512_vnni, clflush, clflushopt, avx512_vbmi2, avx512_vbmi, hv
Processor Information for all 8 processors :
  Max Mhz: 1190, Current Mhz: 991, Mhz Limit: 987

Memory: 4k page, system-wide physical 7778M (436M free)
TotalPageFile size 20326M (AvailPageFile size 4M)
current process WorkingSet (physical memory assigned to process): 528M, peak: 530M
current process commit charge ("private bytes"): 611M, peak: 624M

vm_info: OpenJDK 64-Bit Server VM (17.0.11+9) for windows-amd64 JRE (17.0.11+9), built on Apr 17 2024 06:07:48 by "admin" with MS VC++ 16.10 / 16.11 (VS2019)

END.
