#
# There is insufficient memory for the Java Runtime Environment to continue.
# Native memory allocation (malloc) failed to allocate 1416496 bytes. Error detail: Chunk::new
# Possible reasons:
#   The system is out of physical RAM or swap space
#   This process is running with CompressedOops enabled, and the Java Heap may be blocking the growth of the native heap
# Possible solutions:
#   Reduce memory load on the system
#   Increase physical memory or swap space
#   Check if swap backing store is full
#   Decrease Java heap size (-Xmx/-Xms)
#   Decrease number of Java threads
#   Decrease Java thread stack sizes (-Xss)
#   Set larger code cache with -XX:ReservedCodeCacheSize=
#   JVM is running with Unscaled Compressed Oops mode in which the Java heap is
#     placed in the first 4GB address space. The Java Heap base address is the
#     maximum limit for the native heap growth. Please use -XX:HeapBaseMinAddress
#     to set the Java Heap base and to place the Java Heap above 4GB virtual address.
# This output file may be truncated or incomplete.
#
#  Out of Memory Error (arena.cpp:191), pid=18732, tid=15440
#
# JRE version: OpenJDK Runtime Environment Temurin-17.0.11+9 (17.0.11+9) (build 17.0.11+9)
# Java VM: OpenJDK 64-Bit Server VM Temurin-17.0.11+9 (17.0.11+9, mixed mode, tiered, compressed oops, compressed class ptrs, g1 gc, windows-amd64)
# No core dump will be written. Minidumps are not enabled by default on client versions of Windows
#

---------------  S U M M A R Y ------------

Command Line: -Dfile.encoding=UTF-8 -Djavax.net.ssl.trustStoreType=WINDOWS-ROOT -Dsun.java2d.d3d=false com.st.microxplorer.maingui.STM32CubeMX D:\workspace\cubemx\jp360ica_96755\jp360ica_96755.ioc

Host: Intel(R) Core(TM) i5-1035G1 CPU @ 1.00GHz, 8 cores, 7G,  Windows 11 , 64 bit Build 22621 (10.0.22621.3958)
Time: Mon Aug 26 15:22:14 2024  Windows 11 , 64 bit Build 22621 (10.0.22621.3958) elapsed time: 36.633793 seconds (0d 0h 0m 36s)

---------------  T H R E A D  ---------------

Current thread (0x000001fc7ac35f50):  JavaThread "C2 CompilerThread0" daemon [_thread_in_native, id=15440, stack(0x00000028e5500000,0x00000028e5600000)]


Current CompileTask:
C2:  36634 8238       4       com.st.ipmodeconfigmanager.engine.ConditionMgr::parseTestList (38 bytes)

Stack: [0x00000028e5500000,0x00000028e5600000]
Native frames: (J=compiled Java code, j=interpreted, Vv=VM code, C=native code)
V  [jvm.dll+0x67d429]
V  [jvm.dll+0x834b7a]
V  [jvm.dll+0x83663e]
V  [jvm.dll+0x836ca3]
V  [jvm.dll+0x247dbf]
V  [jvm.dll+0xac534]
V  [jvm.dll+0xacb7c]
V  [jvm.dll+0x2af2cf]
V  [jvm.dll+0x5848b7]
V  [jvm.dll+0x222d82]
V  [jvm.dll+0x22317f]
V  [jvm.dll+0x21c2a0]
V  [jvm.dll+0x2197a1]
V  [jvm.dll+0x1a534d]
V  [jvm.dll+0x2295cd]
V  [jvm.dll+0x22779c]
V  [jvm.dll+0x7e9d07]
V  [jvm.dll+0x7e410a]
V  [jvm.dll+0x67c315]
C  [ucrtbase.dll+0x29333]
C  [KERNEL32.DLL+0x1257d]
C  [ntdll.dll+0x5af28]


---------------  P R O C E S S  ---------------

Threads class SMR info:
_java_thread_list=0x000001fc116d93f0, length=32, elements={
0x000001fc7abcf4f0, 0x000001fc7abbc4f0, 0x000001fc7ac2f7e0, 0x000001fc7ac300b0,
0x000001fc7ac313a0, 0x000001fc7ac31d60, 0x000001fc7ac35f50, 0x000001fc7ac36d60,
0x000001fc7ac51420, 0x000001fc7adc7ad0, 0x000001fc7adcba50, 0x000001fc7f5593c0,
0x000001fc7f68ae50, 0x000001fc7f63c840, 0x000001fc102c26e0, 0x000001fc105a3070,
0x000001fc102d4f70, 0x000001fc102d4040, 0x000001fc102d4a60, 0x000001fc110dca80,
0x000001fc110e2ab0, 0x000001fc110dd9b0, 0x000001fc110e34d0, 0x000001fc110dc060,
0x000001fc110de8e0, 0x000001fc110dcf90, 0x000001fc110dc570, 0x000001fc110e0740,
0x000001fc110ddec0, 0x000001fc110de3d0, 0x000001fc110df810, 0x000001fc110dfd20
}

Java Threads: ( => current thread )
  0x000001fc7abcf4f0 JavaThread "Reference Handler" daemon [_thread_blocked, id=25444, stack(0x00000028e4f00000,0x00000028e5000000)]
  0x000001fc7abbc4f0 JavaThread "Finalizer" daemon [_thread_blocked, id=7048, stack(0x00000028e5000000,0x00000028e5100000)]
  0x000001fc7ac2f7e0 JavaThread "Signal Dispatcher" daemon [_thread_blocked, id=26392, stack(0x00000028e5100000,0x00000028e5200000)]
  0x000001fc7ac300b0 JavaThread "Attach Listener" daemon [_thread_blocked, id=6060, stack(0x00000028e5200000,0x00000028e5300000)]
  0x000001fc7ac313a0 JavaThread "Service Thread" daemon [_thread_blocked, id=18680, stack(0x00000028e5300000,0x00000028e5400000)]
  0x000001fc7ac31d60 JavaThread "Monitor Deflation Thread" daemon [_thread_blocked, id=15068, stack(0x00000028e5400000,0x00000028e5500000)]
=>0x000001fc7ac35f50 JavaThread "C2 CompilerThread0" daemon [_thread_in_native, id=15440, stack(0x00000028e5500000,0x00000028e5600000)]
  0x000001fc7ac36d60 JavaThread "C1 CompilerThread0" daemon [_thread_blocked, id=1452, stack(0x00000028e5600000,0x00000028e5700000)]
  0x000001fc7ac51420 JavaThread "Sweeper thread" daemon [_thread_blocked, id=28008, stack(0x00000028e5700000,0x00000028e5800000)]
  0x000001fc7adc7ad0 JavaThread "Notification Thread" daemon [_thread_blocked, id=3100, stack(0x00000028e5800000,0x00000028e5900000)]
  0x000001fc7adcba50 JavaThread "Common-Cleaner" daemon [_thread_blocked, id=2828, stack(0x00000028e5a00000,0x00000028e5b00000)]
  0x000001fc7f5593c0 JavaThread "Java2D Disposer" daemon [_thread_blocked, id=19916, stack(0x00000028e6200000,0x00000028e6300000)]
  0x000001fc7f68ae50 JavaThread "AWT-Shutdown" [_thread_blocked, id=28500, stack(0x00000028e6400000,0x00000028e6500000)]
  0x000001fc7f63c840 JavaThread "AWT-Windows" daemon [_thread_in_native, id=14692, stack(0x00000028e6500000,0x00000028e6600000)]
  0x000001fc102c26e0 JavaThread "AWT-EventQueue-0" [_thread_blocked, id=7576, stack(0x00000028e6600000,0x00000028e6700000)]
  0x000001fc105a3070 JavaThread "SplashThread" [_thread_blocked, id=28652, stack(0x00000028e6700000,0x00000028e6800000)]
  0x000001fc102d4f70 JavaThread "DestroyJavaVM" [_thread_blocked, id=21452, stack(0x00000028e4800000,0x00000028e4900000)]
  0x000001fc102d4040 JavaThread "thirdparty-integrity-check" [_thread_in_native, id=7156, stack(0x00000028e6d00000,0x00000028e6e00000)]
  0x000001fc102d4a60 JavaThread "TimerQueue" daemon [_thread_blocked, id=24752, stack(0x00000028e6e00000,0x00000028e6f00000)]
  0x000001fc110dca80 JavaThread "Keep-Alive-Timer" daemon [_thread_blocked, id=22524, stack(0x00000028e7000000,0x00000028e7100000)]
  0x000001fc110e2ab0 JavaThread "IPC Server Thread" daemon [_thread_in_native, id=20180, stack(0x00000028e7200000,0x00000028e7300000)]
  0x000001fc110dd9b0 JavaThread "Chromium Process Thread" [_thread_in_native, id=6628, stack(0x00000028e7800000,0x00000028e7900000)]
  0x000001fc110e34d0 JavaThread "Chromium Process Logger" daemon [_thread_in_native, id=3904, stack(0x00000028e7900000,0x00000028e7a00000)]
  0x000001fc110dc060 JavaThread "IPC Memory Reader Thread" [_thread_in_native, id=11396, stack(0x00000028e7b00000,0x00000028e7c00000)]
  0x000001fc110de8e0 JavaThread "Browser Thread: 3c1fce20-08af-459e-a8ce-b21edc5caf6a" daemon [_thread_blocked, id=14388, stack(0x00000028e7c00000,0x00000028e7d00000)]
  0x000001fc110dcf90 JavaThread "Socket Connection Checker: 3c1fce20-08af-459e-a8ce-b21edc5caf6a" [_thread_in_native, id=23456, stack(0x00000028e7d00000,0x00000028e7e00000)]
  0x000001fc110dc570 JavaThread "GPU Thread: 279eed09-e3b9-4929-9d36-176a0b91f8a9" daemon [_thread_blocked, id=1260, stack(0x00000028e7f00000,0x00000028e8000000)]
  0x000001fc110e0740 JavaThread "Socket Connection Checker: 279eed09-e3b9-4929-9d36-176a0b91f8a9" [_thread_in_native, id=22752, stack(0x00000028e8000000,0x00000028e8100000)]
  0x000001fc110ddec0 JavaThread "IPC Memory Reader Thread" [_thread_in_native, id=9040, stack(0x00000028e7e00000,0x00000028e7f00000)]
  0x000001fc110de3d0 JavaThread "Render Thread: d2c088c9-6480-4880-87cd-e948b77aa02c" daemon [_thread_blocked, id=19000, stack(0x00000028e8200000,0x00000028e8300000)]
  0x000001fc110df810 JavaThread "IPC Memory Reader Thread" [_thread_in_native, id=19864, stack(0x00000028e8100000,0x00000028e8200000)]
  0x000001fc110dfd20 JavaThread "Socket Connection Checker: d2c088c9-6480-4880-87cd-e948b77aa02c" [_thread_in_native, id=8756, stack(0x00000028e8300000,0x00000028e8400000)]

Other Threads:
  0x000001fc7ab807e0 VMThread "VM Thread" [stack: 0x00000028e4e00000,0x00000028e4f00000] [id=18480]
  0x000001fc7adc9fc0 WatcherThread [stack: 0x00000028e5900000,0x00000028e5a00000] [id=13824]
  0x000001fc6940ed70 GCTaskThread "GC Thread#0" [stack: 0x00000028e4900000,0x00000028e4a00000] [id=28632]
  0x000001fc7f440f30 GCTaskThread "GC Thread#1" [stack: 0x00000028e5b00000,0x00000028e5c00000] [id=26044]
  0x000001fc7f4d1830 GCTaskThread "GC Thread#2" [stack: 0x00000028e5c00000,0x00000028e5d00000] [id=24972]
  0x000001fc7f4da640 GCTaskThread "GC Thread#3" [stack: 0x00000028e5d00000,0x00000028e5e00000] [id=19900]
  0x000001fc7f4da900 GCTaskThread "GC Thread#4" [stack: 0x00000028e5e00000,0x00000028e5f00000] [id=24388]
  0x000001fc7f4ca900 GCTaskThread "GC Thread#5" [stack: 0x00000028e5f00000,0x00000028e6000000] [id=26420]
  0x000001fc7f4cafd0 GCTaskThread "GC Thread#6" [stack: 0x00000028e6000000,0x00000028e6100000] [id=4376]
  0x000001fc7f4cb290 GCTaskThread "GC Thread#7" [stack: 0x00000028e6100000,0x00000028e6200000] [id=9928]
  0x000001fc6941f000 ConcurrentGCThread "G1 Main Marker" [stack: 0x00000028e4a00000,0x00000028e4b00000] [id=28124]
  0x000001fc694201c0 ConcurrentGCThread "G1 Conc#0" [stack: 0x00000028e4b00000,0x00000028e4c00000] [id=8236]
  0x000001fc7f35fd30 ConcurrentGCThread "G1 Conc#1" [stack: 0x00000028e6300000,0x00000028e6400000] [id=6840]
  0x000001fc7aa1e120 ConcurrentGCThread "G1 Refine#0" [stack: 0x00000028e4c00000,0x00000028e4d00000] [id=19208]
  0x000001fc10603fc0 ConcurrentGCThread "G1 Refine#1" [stack: 0x00000028e6900000,0x00000028e6a00000] [id=11528]
  0x000001fc10dccc60 ConcurrentGCThread "G1 Refine#2" [stack: 0x00000028e6a00000,0x00000028e6b00000] [id=27256]
  0x000001fc7aa1ea60 ConcurrentGCThread "G1 Service" [stack: 0x00000028e4d00000,0x00000028e4e00000] [id=8012]

Threads with active compile tasks:
C2 CompilerThread0    36726 8238       4       com.st.ipmodeconfigmanager.engine.ConditionMgr::parseTestList (38 bytes)

VM state: not at safepoint (normal execution)

VM Mutex/Monitor currently owned by a thread: None

Heap address: 0x0000000086600000, size: 1946 MB, Compressed Oops mode: 32-bit

CDS archive(s) not mapped
Compressed class space mapped at: 0x0000000100000000-0x0000000140000000, reserved size: 1073741824
Narrow klass base: 0x0000000000000000, Narrow klass shift: 3, Narrow klass range: 0x140000000

GC Precious Log:
 CPUs: 8 total, 8 available
 Memory: 7778M
 Large Page Support: Disabled
 NUMA Support: Disabled
 Compressed Oops: Enabled (32-bit)
 Heap Region Size: 1M
 Heap Min Capacity: 8M
 Heap Initial Capacity: 122M
 Heap Max Capacity: 1946M
 Pre-touch: Disabled
 Parallel Workers: 8
 Concurrent Workers: 2
 Concurrent Refinement Workers: 8
 Periodic GC: Disabled

Heap:
 garbage-first heap   total 309248K, used 95695K [0x0000000086600000, 0x0000000100000000)
  region size 1024K, 5 young (5120K), 4 survivors (4096K)
 Metaspace       used 80715K, committed 81728K, reserved 1179648K
  class space    used 9148K, committed 9600K, reserved 1048576K

Heap Regions: E=young(eden), S=young(survivor), O=old, HS=humongous(starts), HC=humongous(continues), CS=collection set, F=free, OA=open archive, CA=closed archive, TAMS=top-at-mark-start (previous, next)
|   0|0x0000000086600000, 0x0000000086700000, 0x0000000086700000|100%|HS|  |TAMS 0x0000000086700000, 0x0000000086700000| Complete 
|   1|0x0000000086700000, 0x0000000086800000, 0x0000000086800000|100%|HC|  |TAMS 0x0000000086800000, 0x0000000086800000| Complete 
|   2|0x0000000086800000, 0x0000000086900000, 0x0000000086900000|100%|HC|  |TAMS 0x0000000086900000, 0x0000000086900000| Complete 
|   3|0x0000000086900000, 0x0000000086a00000, 0x0000000086a00000|100%|HC|  |TAMS 0x0000000086a00000, 0x0000000086a00000| Complete 
|   4|0x0000000086a00000, 0x0000000086b00000, 0x0000000086b00000|100%|HC|  |TAMS 0x0000000086b00000, 0x0000000086b00000| Complete 
|   5|0x0000000086b00000, 0x0000000086c00000, 0x0000000086c00000|100%|HC|  |TAMS 0x0000000086c00000, 0x0000000086c00000| Complete 
|   6|0x0000000086c00000, 0x0000000086d00000, 0x0000000086d00000|100%|HS|  |TAMS 0x0000000086d00000, 0x0000000086d00000| Complete 
|   7|0x0000000086d00000, 0x0000000086e00000, 0x0000000086e00000|100%| O|  |TAMS 0x0000000086e00000, 0x0000000086e00000| Untracked 
|   8|0x0000000086e00000, 0x0000000086f00000, 0x0000000086f00000|100%|HS|  |TAMS 0x0000000086f00000, 0x0000000086f00000| Complete 
|   9|0x0000000086f00000, 0x0000000087000000, 0x0000000087000000|100%| O|  |TAMS 0x0000000087000000, 0x0000000087000000| Untracked 
|  10|0x0000000087000000, 0x0000000087100000, 0x0000000087100000|100%| O|  |TAMS 0x0000000087100000, 0x0000000087100000| Untracked 
|  11|0x0000000087100000, 0x0000000087200000, 0x0000000087200000|100%| O|  |TAMS 0x0000000087200000, 0x0000000087200000| Untracked 
|  12|0x0000000087200000, 0x0000000087300000, 0x0000000087300000|100%|HS|  |TAMS 0x0000000087300000, 0x0000000087300000| Complete 
|  13|0x0000000087300000, 0x0000000087400000, 0x0000000087400000|100%|HC|  |TAMS 0x0000000087400000, 0x0000000087400000| Complete 
|  14|0x0000000087400000, 0x0000000087500000, 0x0000000087500000|100%|HS|  |TAMS 0x0000000087500000, 0x0000000087500000| Complete 
|  15|0x0000000087500000, 0x0000000087600000, 0x0000000087600000|100%|HC|  |TAMS 0x0000000087600000, 0x0000000087600000| Complete 
|  16|0x0000000087600000, 0x0000000087700000, 0x0000000087700000|100%|HC|  |TAMS 0x0000000087700000, 0x0000000087700000| Complete 
|  17|0x0000000087700000, 0x0000000087800000, 0x0000000087800000|100%|HC|  |TAMS 0x0000000087800000, 0x0000000087800000| Complete 
|  18|0x0000000087800000, 0x0000000087900000, 0x0000000087900000|100%|HC|  |TAMS 0x0000000087900000, 0x0000000087900000| Complete 
|  19|0x0000000087900000, 0x0000000087a00000, 0x0000000087a00000|100%| O|  |TAMS 0x0000000087a00000, 0x0000000087a00000| Untracked 
|  20|0x0000000087a00000, 0x0000000087b00000, 0x0000000087b00000|100%| O|  |TAMS 0x0000000087b00000, 0x0000000087b00000| Untracked 
|  21|0x0000000087b00000, 0x0000000087c00000, 0x0000000087c00000|100%| O|  |TAMS 0x0000000087c00000, 0x0000000087c00000| Untracked 
|  22|0x0000000087c00000, 0x0000000087d00000, 0x0000000087d00000|100%|HS|  |TAMS 0x0000000087d00000, 0x0000000087d00000| Complete 
|  23|0x0000000087d00000, 0x0000000087e00000, 0x0000000087e00000|100%| O|  |TAMS 0x0000000087e00000, 0x0000000087e00000| Untracked 
|  24|0x0000000087e00000, 0x0000000087f00000, 0x0000000087f00000|100%| O|  |TAMS 0x0000000087f00000, 0x0000000087f00000| Untracked 
|  25|0x0000000087f00000, 0x0000000088000000, 0x0000000088000000|100%| O|  |TAMS 0x0000000088000000, 0x0000000088000000| Untracked 
|  26|0x0000000088000000, 0x0000000088100000, 0x0000000088100000|100%| O|  |TAMS 0x0000000088100000, 0x0000000088100000| Untracked 
|  27|0x0000000088100000, 0x0000000088200000, 0x0000000088200000|100%| O|  |TAMS 0x0000000088200000, 0x0000000088200000| Untracked 
|  28|0x0000000088200000, 0x0000000088300000, 0x0000000088300000|100%| O|  |TAMS 0x0000000088300000, 0x0000000088300000| Untracked 
|  29|0x0000000088300000, 0x0000000088400000, 0x0000000088400000|100%|HS|  |TAMS 0x0000000088400000, 0x0000000088400000| Complete 
|  30|0x0000000088400000, 0x0000000088500000, 0x0000000088500000|100%|HC|  |TAMS 0x0000000088500000, 0x0000000088500000| Complete 
|  31|0x0000000088500000, 0x0000000088600000, 0x0000000088600000|100%| O|  |TAMS 0x0000000088600000, 0x0000000088600000| Untracked 
|  32|0x0000000088600000, 0x0000000088700000, 0x0000000088700000|100%| O|  |TAMS 0x0000000088700000, 0x0000000088700000| Untracked 
|  33|0x0000000088700000, 0x0000000088800000, 0x0000000088800000|100%| O|  |TAMS 0x0000000088800000, 0x0000000088800000| Untracked 
|  34|0x0000000088800000, 0x0000000088900000, 0x0000000088900000|100%| O|  |TAMS 0x0000000088900000, 0x0000000088900000| Untracked 
|  35|0x0000000088900000, 0x0000000088a00000, 0x0000000088a00000|100%| O|  |TAMS 0x0000000088a00000, 0x0000000088a00000| Untracked 
|  36|0x0000000088a00000, 0x0000000088b00000, 0x0000000088b00000|100%| O|  |TAMS 0x0000000088b00000, 0x0000000088b00000| Untracked 
|  37|0x0000000088b00000, 0x0000000088c00000, 0x0000000088c00000|100%| O|  |TAMS 0x0000000088c00000, 0x0000000088c00000| Untracked 
|  38|0x0000000088c00000, 0x0000000088d00000, 0x0000000088d00000|100%| O|  |TAMS 0x0000000088c83200, 0x0000000088d00000| Untracked 
|  39|0x0000000088d00000, 0x0000000088e00000, 0x0000000088e00000|100%|HS|  |TAMS 0x0000000088e00000, 0x0000000088e00000| Complete 
|  40|0x0000000088e00000, 0x0000000088f00000, 0x0000000088f00000|100%| O|  |TAMS 0x0000000088e00000, 0x0000000088e00000| Untracked 
|  41|0x0000000088f00000, 0x0000000089000000, 0x0000000089000000|100%| O|  |TAMS 0x0000000088f00000, 0x0000000088f00000| Untracked 
|  42|0x0000000089000000, 0x0000000089100000, 0x0000000089100000|100%| O|  |TAMS 0x0000000089000000, 0x0000000089000000| Untracked 
|  43|0x0000000089100000, 0x0000000089200000, 0x0000000089200000|100%| O|  |TAMS 0x0000000089100000, 0x0000000089200000| Untracked 
|  44|0x0000000089200000, 0x0000000089300000, 0x0000000089300000|100%| O|  |TAMS 0x0000000089200000, 0x0000000089300000| Untracked 
|  45|0x0000000089300000, 0x0000000089400000, 0x0000000089400000|100%| O|  |TAMS 0x0000000089300000, 0x0000000089400000| Untracked 
|  46|0x0000000089400000, 0x0000000089500000, 0x0000000089500000|100%| O|  |TAMS 0x0000000089400000, 0x0000000089500000| Untracked 
|  47|0x0000000089500000, 0x0000000089600000, 0x0000000089600000|100%| O|  |TAMS 0x0000000089500000, 0x000000008958f600| Untracked 
|  48|0x0000000089600000, 0x0000000089700000, 0x0000000089700000|100%|HS|  |TAMS 0x0000000089600000, 0x0000000089700000| Complete 
|  49|0x0000000089700000, 0x0000000089800000, 0x0000000089800000|100%|HC|  |TAMS 0x0000000089700000, 0x0000000089800000| Complete 
|  50|0x0000000089800000, 0x0000000089900000, 0x0000000089900000|100%|HC|  |TAMS 0x0000000089800000, 0x0000000089900000| Complete 
|  51|0x0000000089900000, 0x0000000089a00000, 0x0000000089a00000|100%| O|  |TAMS 0x0000000089900000, 0x0000000089900000| Untracked 
|  52|0x0000000089a00000, 0x0000000089b00000, 0x0000000089b00000|100%| O|  |TAMS 0x0000000089a00000, 0x0000000089a00000| Untracked 
|  53|0x0000000089b00000, 0x0000000089c00000, 0x0000000089c00000|100%| O|  |TAMS 0x0000000089b00000, 0x0000000089b00000| Untracked 
|  54|0x0000000089c00000, 0x0000000089d00000, 0x0000000089d00000|100%| O|  |TAMS 0x0000000089c00000, 0x0000000089c00000| Untracked 
|  55|0x0000000089d00000, 0x0000000089e00000, 0x0000000089e00000|100%| O|  |TAMS 0x0000000089d00000, 0x0000000089d00000| Untracked 
|  56|0x0000000089e00000, 0x0000000089f00000, 0x0000000089f00000|100%| O|  |TAMS 0x0000000089e00000, 0x0000000089e00000| Untracked 
|  57|0x0000000089f00000, 0x0000000089f27e00, 0x000000008a000000| 15%| O|  |TAMS 0x0000000089f00000, 0x0000000089f00000| Untracked 
|  58|0x000000008a000000, 0x000000008a000000, 0x000000008a100000|  0%| F|  |TAMS 0x000000008a000000, 0x000000008a000000| Untracked 
|  59|0x000000008a100000, 0x000000008a100000, 0x000000008a200000|  0%| F|  |TAMS 0x000000008a100000, 0x000000008a100000| Untracked 
|  60|0x000000008a200000, 0x000000008a200000, 0x000000008a300000|  0%| F|  |TAMS 0x000000008a200000, 0x000000008a200000| Untracked 
|  61|0x000000008a300000, 0x000000008a300000, 0x000000008a400000|  0%| F|  |TAMS 0x000000008a300000, 0x000000008a300000| Untracked 
|  62|0x000000008a400000, 0x000000008a400000, 0x000000008a500000|  0%| F|  |TAMS 0x000000008a400000, 0x000000008a400000| Untracked 
|  63|0x000000008a500000, 0x000000008a500000, 0x000000008a600000|  0%| F|  |TAMS 0x000000008a500000, 0x000000008a500000| Untracked 
|  64|0x000000008a600000, 0x000000008a600000, 0x000000008a700000|  0%| F|  |TAMS 0x000000008a600000, 0x000000008a600000| Untracked 
|  65|0x000000008a700000, 0x000000008a700000, 0x000000008a800000|  0%| F|  |TAMS 0x000000008a700000, 0x000000008a700000| Untracked 
|  66|0x000000008a800000, 0x000000008a800000, 0x000000008a900000|  0%| F|  |TAMS 0x000000008a800000, 0x000000008a800000| Untracked 
|  67|0x000000008a900000, 0x000000008a900000, 0x000000008aa00000|  0%| F|  |TAMS 0x000000008a900000, 0x000000008a900000| Untracked 
|  68|0x000000008aa00000, 0x000000008aa00000, 0x000000008ab00000|  0%| F|  |TAMS 0x000000008aa00000, 0x000000008aa00000| Untracked 
|  69|0x000000008ab00000, 0x000000008ac00000, 0x000000008ac00000|100%|HS|  |TAMS 0x000000008ab00000, 0x000000008ac00000| Complete 
|  70|0x000000008ac00000, 0x000000008ac00000, 0x000000008ad00000|  0%| F|  |TAMS 0x000000008ac00000, 0x000000008ac00000| Untracked 
|  71|0x000000008ad00000, 0x000000008ad00000, 0x000000008ae00000|  0%| F|  |TAMS 0x000000008ad00000, 0x000000008ad00000| Untracked 
|  72|0x000000008ae00000, 0x000000008ae00000, 0x000000008af00000|  0%| F|  |TAMS 0x000000008ae00000, 0x000000008ae00000| Untracked 
|  73|0x000000008af00000, 0x000000008af00000, 0x000000008b000000|  0%| F|  |TAMS 0x000000008af00000, 0x000000008af00000| Untracked 
|  74|0x000000008b000000, 0x000000008b100000, 0x000000008b100000|100%|HS|  |TAMS 0x000000008b000000, 0x000000008b000000| Complete 
|  75|0x000000008b100000, 0x000000008b200000, 0x000000008b200000|100%|HC|  |TAMS 0x000000008b100000, 0x000000008b100000| Complete 
|  76|0x000000008b200000, 0x000000008b300000, 0x000000008b300000|100%|HC|  |TAMS 0x000000008b200000, 0x000000008b200000| Complete 
|  77|0x000000008b300000, 0x000000008b400000, 0x000000008b400000|100%|HS|  |TAMS 0x000000008b300000, 0x000000008b400000| Complete 
|  78|0x000000008b400000, 0x000000008b500000, 0x000000008b500000|100%|HC|  |TAMS 0x000000008b400000, 0x000000008b500000| Complete 
|  79|0x000000008b500000, 0x000000008b600000, 0x000000008b600000|100%|HC|  |TAMS 0x000000008b500000, 0x000000008b600000| Complete 
|  80|0x000000008b600000, 0x000000008b600000, 0x000000008b700000|  0%| F|  |TAMS 0x000000008b600000, 0x000000008b600000| Untracked 
|  81|0x000000008b700000, 0x000000008b700000, 0x000000008b800000|  0%| F|  |TAMS 0x000000008b700000, 0x000000008b700000| Untracked 
|  82|0x000000008b800000, 0x000000008b800000, 0x000000008b900000|  0%| F|  |TAMS 0x000000008b800000, 0x000000008b800000| Untracked 
|  83|0x000000008b900000, 0x000000008b900000, 0x000000008ba00000|  0%| F|  |TAMS 0x000000008b900000, 0x000000008b900000| Untracked 
|  84|0x000000008ba00000, 0x000000008ba00000, 0x000000008bb00000|  0%| F|  |TAMS 0x000000008ba00000, 0x000000008ba00000| Untracked 
|  85|0x000000008bb00000, 0x000000008bb00000, 0x000000008bc00000|  0%| F|  |TAMS 0x000000008bb00000, 0x000000008bb00000| Untracked 
|  86|0x000000008bc00000, 0x000000008bd00000, 0x000000008bd00000|100%|HS|  |TAMS 0x000000008bc00000, 0x000000008bc00000| Complete 
|  87|0x000000008bd00000, 0x000000008be00000, 0x000000008be00000|100%|HC|  |TAMS 0x000000008bd00000, 0x000000008bd00000| Complete 
|  88|0x000000008be00000, 0x000000008bf00000, 0x000000008bf00000|100%|HC|  |TAMS 0x000000008be00000, 0x000000008be00000| Complete 
|  89|0x000000008bf00000, 0x000000008c000000, 0x000000008c000000|100%|HC|  |TAMS 0x000000008bf00000, 0x000000008bf00000| Complete 
|  90|0x000000008c000000, 0x000000008c000000, 0x000000008c100000|  0%| F|  |TAMS 0x000000008c000000, 0x000000008c000000| Untracked 
|  91|0x000000008c100000, 0x000000008c200000, 0x000000008c200000|100%|HS|  |TAMS 0x000000008c100000, 0x000000008c100000| Complete 
|  92|0x000000008c200000, 0x000000008c300000, 0x000000008c300000|100%|HC|  |TAMS 0x000000008c200000, 0x000000008c200000| Complete 
|  93|0x000000008c300000, 0x000000008c400000, 0x000000008c400000|100%|HC|  |TAMS 0x000000008c300000, 0x000000008c300000| Complete 
|  94|0x000000008c400000, 0x000000008c500000, 0x000000008c500000|100%|HC|  |TAMS 0x000000008c400000, 0x000000008c400000| Complete 
|  95|0x000000008c500000, 0x000000008c600000, 0x000000008c600000|100%|HS|  |TAMS 0x000000008c500000, 0x000000008c500000| Complete 
|  96|0x000000008c600000, 0x000000008c700000, 0x000000008c700000|100%|HC|  |TAMS 0x000000008c600000, 0x000000008c600000| Complete 
|  97|0x000000008c700000, 0x000000008c800000, 0x000000008c800000|100%|HC|  |TAMS 0x000000008c700000, 0x000000008c700000| Complete 
|  98|0x000000008c800000, 0x000000008c900000, 0x000000008c900000|100%|HC|  |TAMS 0x000000008c800000, 0x000000008c800000| Complete 
|  99|0x000000008c900000, 0x000000008ca00000, 0x000000008ca00000|100%|HS|  |TAMS 0x000000008c900000, 0x000000008c900000| Complete 
| 100|0x000000008ca00000, 0x000000008cb00000, 0x000000008cb00000|100%|HC|  |TAMS 0x000000008ca00000, 0x000000008ca00000| Complete 
| 101|0x000000008cb00000, 0x000000008cc00000, 0x000000008cc00000|100%|HC|  |TAMS 0x000000008cb00000, 0x000000008cb00000| Complete 
| 102|0x000000008cc00000, 0x000000008cd00000, 0x000000008cd00000|100%|HC|  |TAMS 0x000000008cc00000, 0x000000008cc00000| Complete 
| 103|0x000000008cd00000, 0x000000008ce00000, 0x000000008ce00000|100%|HS|  |TAMS 0x000000008cd00000, 0x000000008cd00000| Complete 
| 104|0x000000008ce00000, 0x000000008cf00000, 0x000000008cf00000|100%|HC|  |TAMS 0x000000008ce00000, 0x000000008ce00000| Complete 
| 105|0x000000008cf00000, 0x000000008d000000, 0x000000008d000000|100%|HC|  |TAMS 0x000000008cf00000, 0x000000008cf00000| Complete 
| 106|0x000000008d000000, 0x000000008d100000, 0x000000008d100000|100%|HC|  |TAMS 0x000000008d000000, 0x000000008d000000| Complete 
| 107|0x000000008d100000, 0x000000008d100000, 0x000000008d200000|  0%| F|  |TAMS 0x000000008d100000, 0x000000008d100000| Untracked 
| 108|0x000000008d200000, 0x000000008d200000, 0x000000008d300000|  0%| F|  |TAMS 0x000000008d200000, 0x000000008d200000| Untracked 
| 109|0x000000008d300000, 0x000000008d300000, 0x000000008d400000|  0%| F|  |TAMS 0x000000008d300000, 0x000000008d300000| Untracked 
| 110|0x000000008d400000, 0x000000008d500000, 0x000000008d500000|100%|HS|  |TAMS 0x000000008d400000, 0x000000008d500000| Complete 
| 111|0x000000008d500000, 0x000000008d600000, 0x000000008d600000|100%|HC|  |TAMS 0x000000008d500000, 0x000000008d600000| Complete 
| 112|0x000000008d600000, 0x000000008d700000, 0x000000008d700000|100%|HC|  |TAMS 0x000000008d600000, 0x000000008d700000| Complete 
| 113|0x000000008d700000, 0x000000008d700000, 0x000000008d800000|  0%| F|  |TAMS 0x000000008d700000, 0x000000008d700000| Untracked 
| 114|0x000000008d800000, 0x000000008d800000, 0x000000008d900000|  0%| F|  |TAMS 0x000000008d800000, 0x000000008d800000| Untracked 
| 115|0x000000008d900000, 0x000000008d900000, 0x000000008da00000|  0%| F|  |TAMS 0x000000008d900000, 0x000000008d900000| Untracked 
| 116|0x000000008da00000, 0x000000008da00000, 0x000000008db00000|  0%| F|  |TAMS 0x000000008da00000, 0x000000008da00000| Untracked 
| 117|0x000000008db00000, 0x000000008db00000, 0x000000008dc00000|  0%| F|  |TAMS 0x000000008db00000, 0x000000008db00000| Untracked 
| 118|0x000000008dc00000, 0x000000008dc00000, 0x000000008dd00000|  0%| F|  |TAMS 0x000000008dc00000, 0x000000008dc00000| Untracked 
| 119|0x000000008dd00000, 0x000000008de00000, 0x000000008de00000|100%|HS|  |TAMS 0x000000008dd00000, 0x000000008de00000| Complete 
| 120|0x000000008de00000, 0x000000008df00000, 0x000000008df00000|100%|HC|  |TAMS 0x000000008de00000, 0x000000008df00000| Complete 
| 121|0x000000008df00000, 0x000000008e000000, 0x000000008e000000|100%|HC|  |TAMS 0x000000008df00000, 0x000000008e000000| Complete 
| 122|0x000000008e000000, 0x000000008e000000, 0x000000008e100000|  0%| F|  |TAMS 0x000000008e000000, 0x000000008e000000| Untracked 
| 123|0x000000008e100000, 0x000000008e100000, 0x000000008e200000|  0%| F|  |TAMS 0x000000008e100000, 0x000000008e100000| Untracked 
| 124|0x000000008e200000, 0x000000008e200000, 0x000000008e300000|  0%| F|  |TAMS 0x000000008e200000, 0x000000008e200000| Untracked 
| 125|0x000000008e300000, 0x000000008e300000, 0x000000008e400000|  0%| F|  |TAMS 0x000000008e300000, 0x000000008e300000| Untracked 
| 126|0x000000008e400000, 0x000000008e400000, 0x000000008e500000|  0%| F|  |TAMS 0x000000008e400000, 0x000000008e400000| Untracked 
| 127|0x000000008e500000, 0x000000008e500000, 0x000000008e600000|  0%| F|  |TAMS 0x000000008e500000, 0x000000008e500000| Untracked 
| 128|0x000000008e600000, 0x000000008e600000, 0x000000008e700000|  0%| F|  |TAMS 0x000000008e600000, 0x000000008e600000| Untracked 
| 129|0x000000008e700000, 0x000000008e700000, 0x000000008e800000|  0%| F|  |TAMS 0x000000008e700000, 0x000000008e700000| Untracked 
| 130|0x000000008e800000, 0x000000008e800000, 0x000000008e900000|  0%| F|  |TAMS 0x000000008e800000, 0x000000008e800000| Untracked 
| 131|0x000000008e900000, 0x000000008e900000, 0x000000008ea00000|  0%| F|  |TAMS 0x000000008e900000, 0x000000008e900000| Untracked 
| 132|0x000000008ea00000, 0x000000008ea00000, 0x000000008eb00000|  0%| F|  |TAMS 0x000000008ea00000, 0x000000008ea00000| Untracked 
| 133|0x000000008eb00000, 0x000000008eb00000, 0x000000008ec00000|  0%| F|  |TAMS 0x000000008eb00000, 0x000000008eb00000| Untracked 
| 134|0x000000008ec00000, 0x000000008ec00000, 0x000000008ed00000|  0%| F|  |TAMS 0x000000008ec00000, 0x000000008ec00000| Untracked 
| 135|0x000000008ed00000, 0x000000008ed00000, 0x000000008ee00000|  0%| F|  |TAMS 0x000000008ed00000, 0x000000008ed00000| Untracked 
| 136|0x000000008ee00000, 0x000000008ee00000, 0x000000008ef00000|  0%| F|  |TAMS 0x000000008ee00000, 0x000000008ee00000| Untracked 
| 137|0x000000008ef00000, 0x000000008ef00000, 0x000000008f000000|  0%| F|  |TAMS 0x000000008ef00000, 0x000000008ef00000| Untracked 
| 138|0x000000008f000000, 0x000000008f000000, 0x000000008f100000|  0%| F|  |TAMS 0x000000008f000000, 0x000000008f000000| Untracked 
| 139|0x000000008f100000, 0x000000008f100000, 0x000000008f200000|  0%| F|  |TAMS 0x000000008f100000, 0x000000008f100000| Untracked 
| 140|0x000000008f200000, 0x000000008f200000, 0x000000008f300000|  0%| F|  |TAMS 0x000000008f200000, 0x000000008f200000| Untracked 
| 141|0x000000008f300000, 0x000000008f300000, 0x000000008f400000|  0%| F|  |TAMS 0x000000008f300000, 0x000000008f300000| Untracked 
| 142|0x000000008f400000, 0x000000008f400000, 0x000000008f500000|  0%| F|  |TAMS 0x000000008f400000, 0x000000008f400000| Untracked 
| 143|0x000000008f500000, 0x000000008f500000, 0x000000008f600000|  0%| F|  |TAMS 0x000000008f500000, 0x000000008f500000| Untracked 
| 144|0x000000008f600000, 0x000000008f600000, 0x000000008f700000|  0%| F|  |TAMS 0x000000008f600000, 0x000000008f600000| Untracked 
| 145|0x000000008f700000, 0x000000008f700000, 0x000000008f800000|  0%| F|  |TAMS 0x000000008f700000, 0x000000008f700000| Untracked 
| 146|0x000000008f800000, 0x000000008f84be40, 0x000000008f900000| 29%| S|CS|TAMS 0x000000008f800000, 0x000000008f800000| Complete 
| 147|0x000000008f900000, 0x000000008fa00000, 0x000000008fa00000|100%| S|CS|TAMS 0x000000008f900000, 0x000000008f900000| Complete 
| 148|0x000000008fa00000, 0x000000008fb00000, 0x000000008fb00000|100%| S|CS|TAMS 0x000000008fa00000, 0x000000008fa00000| Complete 
| 149|0x000000008fb00000, 0x000000008fc00000, 0x000000008fc00000|100%| S|CS|TAMS 0x000000008fb00000, 0x000000008fb00000| Complete 
| 150|0x000000008fc00000, 0x000000008fc00000, 0x000000008fd00000|  0%| F|  |TAMS 0x000000008fc00000, 0x000000008fc00000| Untracked 
| 151|0x000000008fd00000, 0x000000008fd00000, 0x000000008fe00000|  0%| F|  |TAMS 0x000000008fd00000, 0x000000008fd00000| Untracked 
| 152|0x000000008fe00000, 0x000000008fe00000, 0x000000008ff00000|  0%| F|  |TAMS 0x000000008fe00000, 0x000000008fe00000| Untracked 
| 153|0x000000008ff00000, 0x000000008ff00000, 0x0000000090000000|  0%| F|  |TAMS 0x000000008ff00000, 0x000000008ff00000| Untracked 
| 154|0x0000000090000000, 0x0000000090000000, 0x0000000090100000|  0%| F|  |TAMS 0x0000000090000000, 0x0000000090000000| Untracked 
| 155|0x0000000090100000, 0x0000000090100000, 0x0000000090200000|  0%| F|  |TAMS 0x0000000090100000, 0x0000000090100000| Untracked 
| 156|0x0000000090200000, 0x0000000090200000, 0x0000000090300000|  0%| F|  |TAMS 0x0000000090200000, 0x0000000090200000| Untracked 
| 157|0x0000000090300000, 0x0000000090300000, 0x0000000090400000|  0%| F|  |TAMS 0x0000000090300000, 0x0000000090300000| Untracked 
| 158|0x0000000090400000, 0x0000000090400000, 0x0000000090500000|  0%| F|  |TAMS 0x0000000090400000, 0x0000000090400000| Untracked 
| 159|0x0000000090500000, 0x0000000090500000, 0x0000000090600000|  0%| F|  |TAMS 0x0000000090500000, 0x0000000090500000| Untracked 
| 160|0x0000000090600000, 0x0000000090600000, 0x0000000090700000|  0%| F|  |TAMS 0x0000000090600000, 0x0000000090600000| Untracked 
| 161|0x0000000090700000, 0x0000000090700000, 0x0000000090800000|  0%| F|  |TAMS 0x0000000090700000, 0x0000000090700000| Untracked 
| 162|0x0000000090800000, 0x0000000090800000, 0x0000000090900000|  0%| F|  |TAMS 0x0000000090800000, 0x0000000090800000| Untracked 
| 163|0x0000000090900000, 0x0000000090900000, 0x0000000090a00000|  0%| F|  |TAMS 0x0000000090900000, 0x0000000090900000| Untracked 
| 164|0x0000000090a00000, 0x0000000090a00000, 0x0000000090b00000|  0%| F|  |TAMS 0x0000000090a00000, 0x0000000090a00000| Untracked 
| 165|0x0000000090b00000, 0x0000000090b00000, 0x0000000090c00000|  0%| F|  |TAMS 0x0000000090b00000, 0x0000000090b00000| Untracked 
| 166|0x0000000090c00000, 0x0000000090c00000, 0x0000000090d00000|  0%| F|  |TAMS 0x0000000090c00000, 0x0000000090c00000| Untracked 
| 167|0x0000000090d00000, 0x0000000090d00000, 0x0000000090e00000|  0%| F|  |TAMS 0x0000000090d00000, 0x0000000090d00000| Untracked 
| 168|0x0000000090e00000, 0x0000000090e00000, 0x0000000090f00000|  0%| F|  |TAMS 0x0000000090e00000, 0x0000000090e00000| Untracked 
| 169|0x0000000090f00000, 0x0000000090f00000, 0x0000000091000000|  0%| F|  |TAMS 0x0000000090f00000, 0x0000000090f00000| Untracked 
| 170|0x0000000091000000, 0x0000000091000000, 0x0000000091100000|  0%| F|  |TAMS 0x0000000091000000, 0x0000000091000000| Untracked 
| 171|0x0000000091100000, 0x0000000091100000, 0x0000000091200000|  0%| F|  |TAMS 0x0000000091100000, 0x0000000091100000| Untracked 
| 172|0x0000000091200000, 0x0000000091200000, 0x0000000091300000|  0%| F|  |TAMS 0x0000000091200000, 0x0000000091200000| Untracked 
| 173|0x0000000091300000, 0x0000000091300000, 0x0000000091400000|  0%| F|  |TAMS 0x0000000091300000, 0x0000000091300000| Untracked 
| 174|0x0000000091400000, 0x0000000091400000, 0x0000000091500000|  0%| F|  |TAMS 0x0000000091400000, 0x0000000091400000| Untracked 
| 175|0x0000000091500000, 0x0000000091500000, 0x0000000091600000|  0%| F|  |TAMS 0x0000000091500000, 0x0000000091500000| Untracked 
| 176|0x0000000091600000, 0x0000000091600000, 0x0000000091700000|  0%| F|  |TAMS 0x0000000091600000, 0x0000000091600000| Untracked 
| 177|0x0000000091700000, 0x0000000091700000, 0x0000000091800000|  0%| F|  |TAMS 0x0000000091700000, 0x0000000091700000| Untracked 
| 178|0x0000000091800000, 0x0000000091800000, 0x0000000091900000|  0%| F|  |TAMS 0x0000000091800000, 0x0000000091800000| Untracked 
| 179|0x0000000091900000, 0x0000000091900000, 0x0000000091a00000|  0%| F|  |TAMS 0x0000000091900000, 0x0000000091900000| Untracked 
| 180|0x0000000091a00000, 0x0000000091a00000, 0x0000000091b00000|  0%| F|  |TAMS 0x0000000091a00000, 0x0000000091a00000| Untracked 
| 181|0x0000000091b00000, 0x0000000091b00000, 0x0000000091c00000|  0%| F|  |TAMS 0x0000000091b00000, 0x0000000091b00000| Untracked 
| 182|0x0000000091c00000, 0x0000000091c00000, 0x0000000091d00000|  0%| F|  |TAMS 0x0000000091c00000, 0x0000000091c00000| Untracked 
| 183|0x0000000091d00000, 0x0000000091d00000, 0x0000000091e00000|  0%| F|  |TAMS 0x0000000091d00000, 0x0000000091d00000| Untracked 
| 184|0x0000000091e00000, 0x0000000091e00000, 0x0000000091f00000|  0%| F|  |TAMS 0x0000000091e00000, 0x0000000091e00000| Untracked 
| 185|0x0000000091f00000, 0x0000000091f00000, 0x0000000092000000|  0%| F|  |TAMS 0x0000000091f00000, 0x0000000091f00000| Untracked 
| 186|0x0000000092000000, 0x0000000092000000, 0x0000000092100000|  0%| F|  |TAMS 0x0000000092000000, 0x0000000092000000| Untracked 
| 187|0x0000000092100000, 0x0000000092100000, 0x0000000092200000|  0%| F|  |TAMS 0x0000000092100000, 0x0000000092100000| Untracked 
| 188|0x0000000092200000, 0x0000000092200000, 0x0000000092300000|  0%| F|  |TAMS 0x0000000092200000, 0x0000000092200000| Untracked 
| 189|0x0000000092300000, 0x0000000092300000, 0x0000000092400000|  0%| F|  |TAMS 0x0000000092300000, 0x0000000092300000| Untracked 
| 190|0x0000000092400000, 0x0000000092400000, 0x0000000092500000|  0%| F|  |TAMS 0x0000000092400000, 0x0000000092400000| Untracked 
| 191|0x0000000092500000, 0x0000000092500000, 0x0000000092600000|  0%| F|  |TAMS 0x0000000092500000, 0x0000000092500000| Untracked 
| 192|0x0000000092600000, 0x0000000092600000, 0x0000000092700000|  0%| F|  |TAMS 0x0000000092600000, 0x0000000092600000| Untracked 
| 193|0x0000000092700000, 0x0000000092700000, 0x0000000092800000|  0%| F|  |TAMS 0x0000000092700000, 0x0000000092700000| Untracked 
| 194|0x0000000092800000, 0x0000000092800000, 0x0000000092900000|  0%| F|  |TAMS 0x0000000092800000, 0x0000000092800000| Untracked 
| 195|0x0000000092900000, 0x0000000092900000, 0x0000000092a00000|  0%| F|  |TAMS 0x0000000092900000, 0x0000000092900000| Untracked 
| 196|0x0000000092a00000, 0x0000000092a00000, 0x0000000092b00000|  0%| F|  |TAMS 0x0000000092a00000, 0x0000000092a00000| Untracked 
| 197|0x0000000092b00000, 0x0000000092b00000, 0x0000000092c00000|  0%| F|  |TAMS 0x0000000092b00000, 0x0000000092b00000| Untracked 
| 198|0x0000000092c00000, 0x0000000092c00000, 0x0000000092d00000|  0%| F|  |TAMS 0x0000000092c00000, 0x0000000092c00000| Untracked 
| 199|0x0000000092d00000, 0x0000000092d00000, 0x0000000092e00000|  0%| F|  |TAMS 0x0000000092d00000, 0x0000000092d00000| Untracked 
| 200|0x0000000092e00000, 0x0000000092e00000, 0x0000000092f00000|  0%| F|  |TAMS 0x0000000092e00000, 0x0000000092e00000| Untracked 
| 201|0x0000000092f00000, 0x0000000092f00000, 0x0000000093000000|  0%| F|  |TAMS 0x0000000092f00000, 0x0000000092f00000| Untracked 
| 202|0x0000000093000000, 0x0000000093000000, 0x0000000093100000|  0%| F|  |TAMS 0x0000000093000000, 0x0000000093000000| Untracked 
| 203|0x0000000093100000, 0x0000000093100000, 0x0000000093200000|  0%| F|  |TAMS 0x0000000093100000, 0x0000000093100000| Untracked 
| 204|0x0000000093200000, 0x0000000093200000, 0x0000000093300000|  0%| F|  |TAMS 0x0000000093200000, 0x0000000093200000| Untracked 
| 205|0x0000000093300000, 0x0000000093300000, 0x0000000093400000|  0%| F|  |TAMS 0x0000000093300000, 0x0000000093300000| Untracked 
| 206|0x0000000093400000, 0x0000000093400000, 0x0000000093500000|  0%| F|  |TAMS 0x0000000093400000, 0x0000000093400000| Untracked 
| 207|0x0000000093500000, 0x0000000093500000, 0x0000000093600000|  0%| F|  |TAMS 0x0000000093500000, 0x0000000093500000| Untracked 
| 208|0x0000000093600000, 0x0000000093600000, 0x0000000093700000|  0%| F|  |TAMS 0x0000000093600000, 0x0000000093600000| Untracked 
| 209|0x0000000093700000, 0x0000000093700000, 0x0000000093800000|  0%| F|  |TAMS 0x0000000093700000, 0x0000000093700000| Untracked 
| 210|0x0000000093800000, 0x0000000093800000, 0x0000000093900000|  0%| F|  |TAMS 0x0000000093800000, 0x0000000093800000| Untracked 
| 211|0x0000000093900000, 0x0000000093900000, 0x0000000093a00000|  0%| F|  |TAMS 0x0000000093900000, 0x0000000093900000| Untracked 
| 212|0x0000000093a00000, 0x0000000093a00000, 0x0000000093b00000|  0%| F|  |TAMS 0x0000000093a00000, 0x0000000093a00000| Untracked 
| 213|0x0000000093b00000, 0x0000000093b00000, 0x0000000093c00000|  0%| F|  |TAMS 0x0000000093b00000, 0x0000000093b00000| Untracked 
| 214|0x0000000093c00000, 0x0000000093c00000, 0x0000000093d00000|  0%| F|  |TAMS 0x0000000093c00000, 0x0000000093c00000| Untracked 
| 215|0x0000000093d00000, 0x0000000093d00000, 0x0000000093e00000|  0%| F|  |TAMS 0x0000000093d00000, 0x0000000093d00000| Untracked 
| 216|0x0000000093e00000, 0x0000000093e00000, 0x0000000093f00000|  0%| F|  |TAMS 0x0000000093e00000, 0x0000000093e00000| Untracked 
| 217|0x0000000093f00000, 0x0000000093f00000, 0x0000000094000000|  0%| F|  |TAMS 0x0000000093f00000, 0x0000000093f00000| Untracked 
| 218|0x0000000094000000, 0x0000000094000000, 0x0000000094100000|  0%| F|  |TAMS 0x0000000094000000, 0x0000000094000000| Untracked 
| 219|0x0000000094100000, 0x0000000094100000, 0x0000000094200000|  0%| F|  |TAMS 0x0000000094100000, 0x0000000094100000| Untracked 
| 220|0x0000000094200000, 0x0000000094200000, 0x0000000094300000|  0%| F|  |TAMS 0x0000000094200000, 0x0000000094200000| Untracked 
| 221|0x0000000094300000, 0x0000000094300000, 0x0000000094400000|  0%| F|  |TAMS 0x0000000094300000, 0x0000000094300000| Untracked 
| 222|0x0000000094400000, 0x0000000094400000, 0x0000000094500000|  0%| F|  |TAMS 0x0000000094400000, 0x0000000094400000| Untracked 
| 223|0x0000000094500000, 0x0000000094500000, 0x0000000094600000|  0%| F|  |TAMS 0x0000000094500000, 0x0000000094500000| Untracked 
| 224|0x0000000094600000, 0x0000000094600000, 0x0000000094700000|  0%| F|  |TAMS 0x0000000094600000, 0x0000000094600000| Untracked 
| 225|0x0000000094700000, 0x0000000094700000, 0x0000000094800000|  0%| F|  |TAMS 0x0000000094700000, 0x0000000094700000| Untracked 
| 226|0x0000000094800000, 0x0000000094800000, 0x0000000094900000|  0%| F|  |TAMS 0x0000000094800000, 0x0000000094800000| Untracked 
| 227|0x0000000094900000, 0x0000000094900000, 0x0000000094a00000|  0%| F|  |TAMS 0x0000000094900000, 0x0000000094900000| Untracked 
| 228|0x0000000094a00000, 0x0000000094a00000, 0x0000000094b00000|  0%| F|  |TAMS 0x0000000094a00000, 0x0000000094a00000| Untracked 
| 229|0x0000000094b00000, 0x0000000094b00000, 0x0000000094c00000|  0%| F|  |TAMS 0x0000000094b00000, 0x0000000094b00000| Untracked 
| 230|0x0000000094c00000, 0x0000000094c00000, 0x0000000094d00000|  0%| F|  |TAMS 0x0000000094c00000, 0x0000000094c00000| Untracked 
| 231|0x0000000094d00000, 0x0000000094d00000, 0x0000000094e00000|  0%| F|  |TAMS 0x0000000094d00000, 0x0000000094d00000| Untracked 
| 232|0x0000000094e00000, 0x0000000094e00000, 0x0000000094f00000|  0%| F|  |TAMS 0x0000000094e00000, 0x0000000094e00000| Untracked 
| 233|0x0000000094f00000, 0x0000000094f00000, 0x0000000095000000|  0%| F|  |TAMS 0x0000000094f00000, 0x0000000094f00000| Untracked 
| 234|0x0000000095000000, 0x0000000095000000, 0x0000000095100000|  0%| F|  |TAMS 0x0000000095000000, 0x0000000095000000| Untracked 
| 235|0x0000000095100000, 0x0000000095100000, 0x0000000095200000|  0%| F|  |TAMS 0x0000000095100000, 0x0000000095100000| Untracked 
| 236|0x0000000095200000, 0x0000000095200000, 0x0000000095300000|  0%| F|  |TAMS 0x0000000095200000, 0x0000000095200000| Untracked 
| 237|0x0000000095300000, 0x0000000095300000, 0x0000000095400000|  0%| F|  |TAMS 0x0000000095300000, 0x0000000095300000| Untracked 
| 238|0x0000000095400000, 0x0000000095400000, 0x0000000095500000|  0%| F|  |TAMS 0x0000000095400000, 0x0000000095400000| Untracked 
| 239|0x0000000095500000, 0x0000000095500000, 0x0000000095600000|  0%| F|  |TAMS 0x0000000095500000, 0x0000000095500000| Untracked 
| 240|0x0000000095600000, 0x0000000095600000, 0x0000000095700000|  0%| F|  |TAMS 0x0000000095600000, 0x0000000095600000| Untracked 
| 241|0x0000000095700000, 0x0000000095700000, 0x0000000095800000|  0%| F|  |TAMS 0x0000000095700000, 0x0000000095700000| Untracked 
| 242|0x0000000095800000, 0x0000000095800000, 0x0000000095900000|  0%| F|  |TAMS 0x0000000095800000, 0x0000000095800000| Untracked 
| 243|0x0000000095900000, 0x0000000095900000, 0x0000000095a00000|  0%| F|  |TAMS 0x0000000095900000, 0x0000000095900000| Untracked 
| 244|0x0000000095a00000, 0x0000000095a00000, 0x0000000095b00000|  0%| F|  |TAMS 0x0000000095a00000, 0x0000000095a00000| Untracked 
| 245|0x0000000095b00000, 0x0000000095b00000, 0x0000000095c00000|  0%| F|  |TAMS 0x0000000095b00000, 0x0000000095b00000| Untracked 
| 246|0x0000000095c00000, 0x0000000095c00000, 0x0000000095d00000|  0%| F|  |TAMS 0x0000000095c00000, 0x0000000095c00000| Untracked 
| 247|0x0000000095d00000, 0x0000000095d00000, 0x0000000095e00000|  0%| F|  |TAMS 0x0000000095d00000, 0x0000000095d00000| Untracked 
| 248|0x0000000095e00000, 0x0000000095e00000, 0x0000000095f00000|  0%| F|  |TAMS 0x0000000095e00000, 0x0000000095e00000| Untracked 
| 249|0x0000000095f00000, 0x0000000095f00000, 0x0000000096000000|  0%| F|  |TAMS 0x0000000095f00000, 0x0000000095f00000| Untracked 
| 250|0x0000000096000000, 0x0000000096000000, 0x0000000096100000|  0%| F|  |TAMS 0x0000000096000000, 0x0000000096000000| Untracked 
| 251|0x0000000096100000, 0x0000000096100000, 0x0000000096200000|  0%| F|  |TAMS 0x0000000096100000, 0x0000000096100000| Untracked 
| 252|0x0000000096200000, 0x0000000096200000, 0x0000000096300000|  0%| F|  |TAMS 0x0000000096200000, 0x0000000096200000| Untracked 
| 253|0x0000000096300000, 0x0000000096300000, 0x0000000096400000|  0%| F|  |TAMS 0x0000000096300000, 0x0000000096300000| Untracked 
| 254|0x0000000096400000, 0x0000000096400000, 0x0000000096500000|  0%| F|  |TAMS 0x0000000096400000, 0x0000000096400000| Untracked 
| 255|0x0000000096500000, 0x0000000096500000, 0x0000000096600000|  0%| F|  |TAMS 0x0000000096500000, 0x0000000096500000| Untracked 
| 256|0x0000000096600000, 0x0000000096600000, 0x0000000096700000|  0%| F|  |TAMS 0x0000000096600000, 0x0000000096600000| Untracked 
| 257|0x0000000096700000, 0x0000000096700000, 0x0000000096800000|  0%| F|  |TAMS 0x0000000096700000, 0x0000000096700000| Untracked 
| 258|0x0000000096800000, 0x0000000096800000, 0x0000000096900000|  0%| F|  |TAMS 0x0000000096800000, 0x0000000096800000| Untracked 
| 259|0x0000000096900000, 0x0000000096900000, 0x0000000096a00000|  0%| F|  |TAMS 0x0000000096900000, 0x0000000096900000| Untracked 
| 260|0x0000000096a00000, 0x0000000096a00000, 0x0000000096b00000|  0%| F|  |TAMS 0x0000000096a00000, 0x0000000096a00000| Untracked 
| 261|0x0000000096b00000, 0x0000000096b00000, 0x0000000096c00000|  0%| F|  |TAMS 0x0000000096b00000, 0x0000000096b00000| Untracked 
| 262|0x0000000096c00000, 0x0000000096c00000, 0x0000000096d00000|  0%| F|  |TAMS 0x0000000096c00000, 0x0000000096c00000| Untracked 
| 263|0x0000000096d00000, 0x0000000096d00000, 0x0000000096e00000|  0%| F|  |TAMS 0x0000000096d00000, 0x0000000096d00000| Untracked 
| 264|0x0000000096e00000, 0x0000000096e00000, 0x0000000096f00000|  0%| F|  |TAMS 0x0000000096e00000, 0x0000000096e00000| Untracked 
| 265|0x0000000096f00000, 0x0000000096f00000, 0x0000000097000000|  0%| F|  |TAMS 0x0000000096f00000, 0x0000000096f00000| Untracked 
| 266|0x0000000097000000, 0x0000000097000000, 0x0000000097100000|  0%| F|  |TAMS 0x0000000097000000, 0x0000000097000000| Untracked 
| 267|0x0000000097100000, 0x0000000097100000, 0x0000000097200000|  0%| F|  |TAMS 0x0000000097100000, 0x0000000097100000| Untracked 
| 268|0x0000000097200000, 0x0000000097200000, 0x0000000097300000|  0%| F|  |TAMS 0x0000000097200000, 0x0000000097200000| Untracked 
| 269|0x0000000097300000, 0x0000000097300000, 0x0000000097400000|  0%| F|  |TAMS 0x0000000097300000, 0x0000000097300000| Untracked 
| 270|0x0000000097400000, 0x0000000097400000, 0x0000000097500000|  0%| F|  |TAMS 0x0000000097400000, 0x0000000097400000| Untracked 
| 271|0x0000000097500000, 0x0000000097500000, 0x0000000097600000|  0%| F|  |TAMS 0x0000000097500000, 0x0000000097500000| Untracked 
| 272|0x0000000097600000, 0x0000000097600000, 0x0000000097700000|  0%| F|  |TAMS 0x0000000097600000, 0x0000000097600000| Untracked 
| 273|0x0000000097700000, 0x0000000097700000, 0x0000000097800000|  0%| F|  |TAMS 0x0000000097700000, 0x0000000097700000| Untracked 
| 274|0x0000000097800000, 0x0000000097800000, 0x0000000097900000|  0%| F|  |TAMS 0x0000000097800000, 0x0000000097800000| Untracked 
| 275|0x0000000097900000, 0x0000000097900000, 0x0000000097a00000|  0%| F|  |TAMS 0x0000000097900000, 0x0000000097900000| Untracked 
| 276|0x0000000097a00000, 0x0000000097a00000, 0x0000000097b00000|  0%| F|  |TAMS 0x0000000097a00000, 0x0000000097a00000| Untracked 
| 277|0x0000000097b00000, 0x0000000097b00000, 0x0000000097c00000|  0%| F|  |TAMS 0x0000000097b00000, 0x0000000097b00000| Untracked 
| 278|0x0000000097c00000, 0x0000000097c00000, 0x0000000097d00000|  0%| F|  |TAMS 0x0000000097c00000, 0x0000000097c00000| Untracked 
| 279|0x0000000097d00000, 0x0000000097d00000, 0x0000000097e00000|  0%| F|  |TAMS 0x0000000097d00000, 0x0000000097d00000| Untracked 
| 280|0x0000000097e00000, 0x0000000097e00000, 0x0000000097f00000|  0%| F|  |TAMS 0x0000000097e00000, 0x0000000097e00000| Untracked 
| 281|0x0000000097f00000, 0x0000000097f00000, 0x0000000098000000|  0%| F|  |TAMS 0x0000000097f00000, 0x0000000097f00000| Untracked 
| 282|0x0000000098000000, 0x0000000098000000, 0x0000000098100000|  0%| F|  |TAMS 0x0000000098000000, 0x0000000098000000| Untracked 
| 283|0x0000000098100000, 0x0000000098100000, 0x0000000098200000|  0%| F|  |TAMS 0x0000000098100000, 0x0000000098100000| Untracked 
| 284|0x0000000098200000, 0x0000000098200000, 0x0000000098300000|  0%| F|  |TAMS 0x0000000098200000, 0x0000000098200000| Untracked 
| 285|0x0000000098300000, 0x0000000098300000, 0x0000000098400000|  0%| F|  |TAMS 0x0000000098300000, 0x0000000098300000| Untracked 
| 286|0x0000000098400000, 0x0000000098400000, 0x0000000098500000|  0%| F|  |TAMS 0x0000000098400000, 0x0000000098400000| Untracked 
| 287|0x0000000098500000, 0x0000000098500000, 0x0000000098600000|  0%| F|  |TAMS 0x0000000098500000, 0x0000000098500000| Untracked 
| 288|0x0000000098600000, 0x0000000098600000, 0x0000000098700000|  0%| F|  |TAMS 0x0000000098600000, 0x0000000098600000| Untracked 
| 289|0x0000000098700000, 0x0000000098700000, 0x0000000098800000|  0%| F|  |TAMS 0x0000000098700000, 0x0000000098700000| Untracked 
| 290|0x0000000098800000, 0x0000000098800000, 0x0000000098900000|  0%| F|  |TAMS 0x0000000098800000, 0x0000000098800000| Untracked 
| 291|0x0000000098900000, 0x0000000098900000, 0x0000000098a00000|  0%| F|  |TAMS 0x0000000098900000, 0x0000000098900000| Untracked 
| 292|0x0000000098a00000, 0x0000000098a00000, 0x0000000098b00000|  0%| F|  |TAMS 0x0000000098a00000, 0x0000000098a00000| Untracked 
| 293|0x0000000098b00000, 0x0000000098b00000, 0x0000000098c00000|  0%| F|  |TAMS 0x0000000098b00000, 0x0000000098b00000| Untracked 
| 294|0x0000000098c00000, 0x0000000098c00000, 0x0000000098d00000|  0%| F|  |TAMS 0x0000000098c00000, 0x0000000098c00000| Untracked 
| 295|0x0000000098d00000, 0x0000000098d00000, 0x0000000098e00000|  0%| F|  |TAMS 0x0000000098d00000, 0x0000000098d00000| Untracked 
| 296|0x0000000098e00000, 0x0000000098e00000, 0x0000000098f00000|  0%| F|  |TAMS 0x0000000098e00000, 0x0000000098e00000| Untracked 
| 297|0x0000000098f00000, 0x0000000098f00000, 0x0000000099000000|  0%| F|  |TAMS 0x0000000098f00000, 0x0000000098f00000| Untracked 
| 298|0x0000000099000000, 0x0000000099000000, 0x0000000099100000|  0%| F|  |TAMS 0x0000000099000000, 0x0000000099000000| Untracked 
| 299|0x0000000099100000, 0x0000000099100000, 0x0000000099200000|  0%| F|  |TAMS 0x0000000099100000, 0x0000000099100000| Untracked 
| 300|0x0000000099200000, 0x0000000099200000, 0x0000000099300000|  0%| F|  |TAMS 0x0000000099200000, 0x0000000099200000| Untracked 
| 301|0x0000000099300000, 0x0000000099400000, 0x0000000099400000|100%| E|  |TAMS 0x0000000099300000, 0x0000000099300000| Complete 

Card table byte_map: [0x000001fc73c60000,0x000001fc74030000] _byte_map_base: 0x000001fc7382d000

Marking Bits (Prev, Next): (CMBitMap*) 0x000001fc6940f3d0, (CMBitMap*) 0x000001fc6940f390
 Prev Bits: [0x000001fc76270000, 0x000001fc780d8000)
 Next Bits: [0x000001fc74400000, 0x000001fc76268000)

Polling page: 0x000001fc69460000

Metaspace:

Usage:
  Non-class:     69.89 MB used.
      Class:      8.93 MB used.
       Both:     78.82 MB used.

Virtual space:
  Non-class space:      128.00 MB reserved,      70.44 MB ( 55%) committed,  2 nodes.
      Class space:        1.00 GB reserved,       9.38 MB ( <1%) committed,  1 nodes.
             Both:        1.12 GB reserved,      79.81 MB (  7%) committed. 

Chunk freelists:
   Non-Class:  8.97 MB
       Class:  6.50 MB
        Both:  15.47 MB

MaxMetaspaceSize: unlimited
CompressedClassSpaceSize: 1.00 GB
Initial GC threshold: 21.00 MB
Current GC threshold: 105.31 MB
CDS: off
MetaspaceReclaimPolicy: balanced
 - commit_granule_bytes: 65536.
 - commit_granule_words: 8192.
 - virtual_space_node_default_size: 8388608.
 - enlarge_chunks_in_place: 1.
 - new_chunks_are_fully_committed: 0.
 - uncommit_free_chunks: 1.
 - use_allocation_guard: 0.
 - handle_deallocations: 1.


Internal statistics:

num_allocs_failed_limit: 6.
num_arena_births: 774.
num_arena_deaths: 0.
num_vsnodes_births: 3.
num_vsnodes_deaths: 0.
num_space_committed: 1277.
num_space_uncommitted: 0.
num_chunks_returned_to_freelist: 6.
num_chunks_taken_from_freelist: 2868.
num_chunk_merges: 3.
num_chunk_splits: 2019.
num_chunks_enlarged: 1455.
num_inconsistent_stats: 0.

CodeHeap 'non-profiled nmethods': size=120000Kb used=3701Kb max_used=3808Kb free=116298Kb
 bounds [0x000001fc07ad0000, 0x000001fc07ea0000, 0x000001fc0f000000]
CodeHeap 'profiled nmethods': size=120000Kb used=13750Kb max_used=15625Kb free=106250Kb
 bounds [0x000001fc00000000, 0x000001fc00f60000, 0x000001fc07530000]
CodeHeap 'non-nmethods': size=5760Kb used=1500Kb max_used=1549Kb free=4260Kb
 bounds [0x000001fc07530000, 0x000001fc077a0000, 0x000001fc07ad0000]
 total_blobs=7511 nmethods=6648 adapters=775
 compilation: enabled
              stopped_count=0, restarted_count=0
 full_count=0

Compilation events (20 events):
Event: 36.381 Thread 0x000001fc7ac36d60 8282       3       com.st.ipmodeconfigmanager.engine.ConditionMgr::isAValidExpression (43 bytes)
Event: 36.382 Thread 0x000001fc7ac36d60 nmethod 8282 0x000001fc00055690 code [0x000001fc000558c0, 0x000001fc00055f08]
Event: 36.414 Thread 0x000001fc7ac36d60 8283       2       java.util.Spliterators::spliterator (16 bytes)
Event: 36.414 Thread 0x000001fc7ac36d60 nmethod 8283 0x000001fc000f6d90 code [0x000001fc000f6f40, 0x000001fc000f7178]
Event: 36.414 Thread 0x000001fc7ac36d60 8284       2       java.util.Spliterators$ArraySpliterator::<init> (10 bytes)
Event: 36.414 Thread 0x000001fc7ac36d60 nmethod 8284 0x000001fc00986e90 code [0x000001fc00987020, 0x000001fc00987198]
Event: 36.414 Thread 0x000001fc7ac36d60 8285       2       java.util.HashSet::<init> (18 bytes)
Event: 36.415 Thread 0x000001fc7ac36d60 nmethod 8285 0x000001fc002e9210 code [0x000001fc002e93c0, 0x000001fc002e95a8]
Event: 36.415 Thread 0x000001fc7ac36d60 8286       2       java.util.LinkedHashMap::<init> (12 bytes)
Event: 36.415 Thread 0x000001fc7ac36d60 nmethod 8286 0x000001fc006ca610 code [0x000001fc006ca7a0, 0x000001fc006ca8c8]
Event: 36.591 Thread 0x000001fc7ac36d60 8287       2       sun.nio.cs.StreamEncoder::implWrite (137 bytes)
Event: 36.592 Thread 0x000001fc7ac36d60 nmethod 8287 0x000001fc0090d590 code [0x000001fc0090d760, 0x000001fc0090dac8]
Event: 36.596 Thread 0x000001fc7ac36d60 8289       2       java.util.concurrent.CopyOnWriteArrayList::spliterator (11 bytes)
Event: 36.596 Thread 0x000001fc7ac36d60 nmethod 8289 0x000001fc0010af10 code [0x000001fc0010b0c0, 0x000001fc0010b2f8]
Event: 36.596 Thread 0x000001fc7ac36d60 8291       2       sun.nio.cs.UTF_8::newDecoder (9 bytes)
Event: 36.597 Thread 0x000001fc7ac36d60 nmethod 8291 0x000001fc00373290 code [0x000001fc00373460, 0x000001fc00373608]
Event: 36.597 Thread 0x000001fc7ac36d60 8292       2       sun.nio.cs.UTF_8$Decoder::<init> (8 bytes)
Event: 36.597 Thread 0x000001fc7ac36d60 nmethod 8292 0x000001fc006d3210 code [0x000001fc006d33e0, 0x000001fc006d3508]
Event: 36.597 Thread 0x000001fc7ac36d60 8290       2       java.util.Spliterators$1Adapter::accept (11 bytes)
Event: 36.597 Thread 0x000001fc7ac36d60 nmethod 8290 0x000001fc006ef510 code [0x000001fc006ef6a0, 0x000001fc006ef7f8]

GC Heap History (20 events):
Event: 21.912 GC heap before
{Heap before GC invocations=16 (full 0):
 garbage-first heap   total 98304K, used 48652K [0x0000000086600000, 0x0000000100000000)
  region size 1024K, 6 young (6144K), 5 survivors (5120K)
 Metaspace       used 63676K, committed 64576K, reserved 1114112K
  class space    used 7317K, committed 7744K, reserved 1048576K
}
Event: 21.924 GC heap after
{Heap after GC invocations=17 (full 0):
 garbage-first heap   total 98304K, used 45943K [0x0000000086600000, 0x0000000100000000)
  region size 1024K, 1 young (1024K), 1 survivors (1024K)
 Metaspace       used 63676K, committed 64576K, reserved 1114112K
  class space    used 7317K, committed 7744K, reserved 1048576K
}
Event: 22.008 GC heap before
{Heap before GC invocations=18 (full 0):
 garbage-first heap   total 106496K, used 72567K [0x0000000086600000, 0x0000000100000000)
  region size 1024K, 2 young (2048K), 1 survivors (1024K)
 Metaspace       used 63734K, committed 64704K, reserved 1114112K
  class space    used 7327K, committed 7744K, reserved 1048576K
}
Event: 22.012 GC heap after
{Heap after GC invocations=19 (full 0):
 garbage-first heap   total 106496K, used 45873K [0x0000000086600000, 0x0000000100000000)
  region size 1024K, 1 young (1024K), 1 survivors (1024K)
 Metaspace       used 63734K, committed 64704K, reserved 1114112K
  class space    used 7327K, committed 7744K, reserved 1048576K
}
Event: 22.019 GC heap before
{Heap before GC invocations=19 (full 0):
 garbage-first heap   total 106496K, used 47921K [0x0000000086600000, 0x0000000100000000)
  region size 1024K, 2 young (2048K), 1 survivors (1024K)
 Metaspace       used 63737K, committed 64704K, reserved 1114112K
  class space    used 7327K, committed 7744K, reserved 1048576K
}
Event: 22.021 GC heap after
{Heap after GC invocations=20 (full 0):
 garbage-first heap   total 106496K, used 45782K [0x0000000086600000, 0x0000000100000000)
  region size 1024K, 1 young (1024K), 1 survivors (1024K)
 Metaspace       used 63737K, committed 64704K, reserved 1114112K
  class space    used 7327K, committed 7744K, reserved 1048576K
}
Event: 22.026 GC heap before
{Heap before GC invocations=20 (full 0):
 garbage-first heap   total 106496K, used 47830K [0x0000000086600000, 0x0000000100000000)
  region size 1024K, 2 young (2048K), 1 survivors (1024K)
 Metaspace       used 63740K, committed 64704K, reserved 1114112K
  class space    used 7327K, committed 7744K, reserved 1048576K
}
Event: 22.034 GC heap after
{Heap after GC invocations=21 (full 0):
 garbage-first heap   total 309248K, used 45762K [0x0000000086600000, 0x0000000100000000)
  region size 1024K, 1 young (1024K), 1 survivors (1024K)
 Metaspace       used 63740K, committed 64704K, reserved 1114112K
  class space    used 7327K, committed 7744K, reserved 1048576K
}
Event: 22.314 GC heap before
{Heap before GC invocations=21 (full 0):
 garbage-first heap   total 309248K, used 142018K [0x0000000086600000, 0x0000000100000000)
  region size 1024K, 5 young (5120K), 1 survivors (1024K)
 Metaspace       used 64108K, committed 65024K, reserved 1114112K
  class space    used 7398K, committed 7808K, reserved 1048576K
}
Event: 22.319 GC heap after
{Heap after GC invocations=22 (full 0):
 garbage-first heap   total 309248K, used 46090K [0x0000000086600000, 0x0000000100000000)
  region size 1024K, 1 young (1024K), 1 survivors (1024K)
 Metaspace       used 64108K, committed 65024K, reserved 1114112K
  class space    used 7398K, committed 7808K, reserved 1048576K
}
Event: 22.528 GC heap before
{Heap before GC invocations=22 (full 0):
 garbage-first heap   total 309248K, used 139274K [0x0000000086600000, 0x0000000100000000)
  region size 1024K, 2 young (2048K), 1 survivors (1024K)
 Metaspace       used 64306K, committed 65344K, reserved 1114112K
  class space    used 7414K, committed 7936K, reserved 1048576K
}
Event: 22.532 GC heap after
{Heap after GC invocations=23 (full 0):
 garbage-first heap   total 309248K, used 46146K [0x0000000086600000, 0x0000000100000000)
  region size 1024K, 1 young (1024K), 1 survivors (1024K)
 Metaspace       used 64306K, committed 65344K, reserved 1114112K
  class space    used 7414K, committed 7936K, reserved 1048576K
}
Event: 22.760 GC heap before
{Heap before GC invocations=23 (full 0):
 garbage-first heap   total 309248K, used 143426K [0x0000000086600000, 0x0000000100000000)
  region size 1024K, 6 young (6144K), 1 survivors (1024K)
 Metaspace       used 64434K, committed 65408K, reserved 1114112K
  class space    used 7426K, committed 7936K, reserved 1048576K
}
Event: 22.764 GC heap after
{Heap after GC invocations=24 (full 0):
 garbage-first heap   total 309248K, used 50281K [0x0000000086600000, 0x0000000100000000)
  region size 1024K, 1 young (1024K), 1 survivors (1024K)
 Metaspace       used 64434K, committed 65408K, reserved 1114112K
  class space    used 7426K, committed 7936K, reserved 1048576K
}
Event: 22.985 GC heap before
{Heap before GC invocations=24 (full 0):
 garbage-first heap   total 309248K, used 145513K [0x0000000086600000, 0x0000000100000000)
  region size 1024K, 8 young (8192K), 1 survivors (1024K)
 Metaspace       used 64434K, committed 65408K, reserved 1114112K
  class space    used 7426K, committed 7936K, reserved 1048576K
}
Event: 22.989 GC heap after
{Heap after GC invocations=25 (full 0):
 garbage-first heap   total 309248K, used 59538K [0x0000000086600000, 0x0000000100000000)
  region size 1024K, 1 young (1024K), 1 survivors (1024K)
 Metaspace       used 64434K, committed 65408K, reserved 1114112K
  class space    used 7426K, committed 7936K, reserved 1048576K
}
Event: 30.188 GC heap before
{Heap before GC invocations=25 (full 0):
 garbage-first heap   total 309248K, used 296082K [0x0000000086600000, 0x0000000100000000)
  region size 1024K, 175 young (179200K), 1 survivors (1024K)
 Metaspace       used 69783K, committed 70784K, reserved 1114112K
  class space    used 7987K, committed 8448K, reserved 1048576K
}
Event: 30.196 GC heap after
{Heap after GC invocations=26 (full 0):
 garbage-first heap   total 309248K, used 86072K [0x0000000086600000, 0x0000000100000000)
  region size 1024K, 4 young (4096K), 4 survivors (4096K)
 Metaspace       used 69783K, committed 70784K, reserved 1114112K
  class space    used 7987K, committed 8448K, reserved 1048576K
}
Event: 34.679 GC heap before
{Heap before GC invocations=26 (full 0):
 garbage-first heap   total 309248K, used 258104K [0x0000000086600000, 0x0000000100000000)
  region size 1024K, 173 young (177152K), 4 survivors (4096K)
 Metaspace       used 78197K, committed 79168K, reserved 1179648K
  class space    used 8877K, committed 9344K, reserved 1048576K
}
Event: 34.692 GC heap after
{Heap after GC invocations=27 (full 0):
 garbage-first heap   total 309248K, used 98486K [0x0000000086600000, 0x0000000100000000)
  region size 1024K, 16 young (16384K), 16 survivors (16384K)
 Metaspace       used 78197K, committed 79168K, reserved 1179648K
  class space    used 8877K, committed 9344K, reserved 1048576K
}

Dll operation events (19 events):
Event: 0.308 Loaded shared library D:\software\STMicroelectronics\STM32Cube\STM32CubeMX\jre\bin\java.dll
Event: 0.419 Loaded shared library D:\software\STMicroelectronics\STM32Cube\STM32CubeMX\jre\bin\jsvml.dll
Event: 0.597 Loaded shared library D:\software\STMicroelectronics\STM32Cube\STM32CubeMX\jre\bin\net.dll
Event: 0.658 Loaded shared library D:\software\STMicroelectronics\STM32Cube\STM32CubeMX\jre\bin\nio.dll
Event: 0.766 Loaded shared library D:\software\STMicroelectronics\STM32Cube\STM32CubeMX\jre\bin\zip.dll
Event: 0.858 Loaded shared library D:\software\STMicroelectronics\STM32Cube\STM32CubeMX\jre\bin\jimage.dll
Event: 1.446 Loaded shared library D:\software\STMicroelectronics\STM32Cube\STM32CubeMX\jre\bin\management.dll
Event: 1.520 Loaded shared library D:\software\STMicroelectronics\STM32Cube\STM32CubeMX\jre\bin\management_ext.dll
Event: 2.716 Loaded shared library D:\software\STMicroelectronics\STM32Cube\STM32CubeMX\jre\bin\awt.dll
Event: 3.622 Loaded shared library D:\software\STMicroelectronics\STM32Cube\STM32CubeMX\jre\bin\freetype.dll
Event: 3.682 Loaded shared library D:\software\STMicroelectronics\STM32Cube\STM32CubeMX\jre\bin\fontmanager.dll
Event: 4.422 Loaded shared library D:\software\STMicroelectronics\STM32Cube\STM32CubeMX\jre\bin\verify.dll
Event: 4.780 Loaded shared library D:\software\STMicroelectronics\STM32Cube\STM32CubeMX\jre\bin\prefs.dll
Event: 19.234 Loaded shared library D:\software\STMicroelectronics\STM32Cube\STM32CubeMX\jre\bin\sunmscapi.dll
Event: 19.996 Loaded shared library D:\software\STMicroelectronics\STM32Cube\STM32CubeMX\jre\bin\extnet.dll
Event: 22.466 Loaded shared library D:\software\STMicroelectronics\STM32Cube\STM32CubeMX\jre\bin\javajpeg.dll
Event: 22.565 Loaded shared library D:\software\STMicroelectronics\STM32Cube\STM32CubeMX\jre\bin\lcms.dll
Event: 30.544 Loaded shared library C:\Users\23317\.stm32cubemx\.jxbrowser-7.38.2\Chromium\toolkit64.dll
Event: 31.481 Loaded shared library C:\Users\23317\.stm32cubemx\.jxbrowser-7.38.2\Chromium\ipc64.dll

Deoptimization events (20 events):
Event: 36.028 Thread 0x000001fc102d4040 DEOPT PACKING pc=0x000001fc00dce04a sp=0x00000028e6dfebf0
Event: 36.028 Thread 0x000001fc102d4040 DEOPT UNPACKING pc=0x000001fc0758ace3 sp=0x00000028e6dfe0b0 mode 0
Event: 36.032 Thread 0x000001fc102d4040 DEOPT PACKING pc=0x000001fc00dce04a sp=0x00000028e6dfebf0
Event: 36.032 Thread 0x000001fc102d4040 DEOPT UNPACKING pc=0x000001fc0758ace3 sp=0x00000028e6dfe0b0 mode 0
Event: 36.035 Thread 0x000001fc102d4040 DEOPT PACKING pc=0x000001fc00dce04a sp=0x00000028e6dfebf0
Event: 36.035 Thread 0x000001fc102d4040 DEOPT UNPACKING pc=0x000001fc0758ace3 sp=0x00000028e6dfe0b0 mode 0
Event: 36.037 Thread 0x000001fc102d4040 DEOPT PACKING pc=0x000001fc00dce04a sp=0x00000028e6dfebf0
Event: 36.038 Thread 0x000001fc102d4040 DEOPT UNPACKING pc=0x000001fc0758ace3 sp=0x00000028e6dfe0b0 mode 0
Event: 36.041 Thread 0x000001fc102d4040 DEOPT PACKING pc=0x000001fc00dce04a sp=0x00000028e6dfebf0
Event: 36.041 Thread 0x000001fc102d4040 DEOPT UNPACKING pc=0x000001fc0758ace3 sp=0x00000028e6dfe0b0 mode 0
Event: 36.043 Thread 0x000001fc102d4040 DEOPT PACKING pc=0x000001fc00dce04a sp=0x00000028e6dfebf0
Event: 36.043 Thread 0x000001fc102d4040 DEOPT UNPACKING pc=0x000001fc0758ace3 sp=0x00000028e6dfe0b0 mode 0
Event: 36.046 Thread 0x000001fc102d4040 DEOPT PACKING pc=0x000001fc00dce04a sp=0x00000028e6dfebf0
Event: 36.046 Thread 0x000001fc102d4040 DEOPT UNPACKING pc=0x000001fc0758ace3 sp=0x00000028e6dfe0b0 mode 0
Event: 36.191 Thread 0x000001fc102d4040 DEOPT PACKING pc=0x000001fc00d6f263 sp=0x00000028e6dfebb0
Event: 36.191 Thread 0x000001fc102d4040 DEOPT UNPACKING pc=0x000001fc0758ace3 sp=0x00000028e6dfe2c8 mode 0
Event: 36.193 Thread 0x000001fc102d4040 DEOPT PACKING pc=0x000001fc00d5d259 sp=0x00000028e6dfe9d0
Event: 36.193 Thread 0x000001fc102d4040 DEOPT UNPACKING pc=0x000001fc0758ace3 sp=0x00000028e6dfe030 mode 0
Event: 36.594 Thread 0x000001fc102d4040 DEOPT PACKING pc=0x000001fc00dce04a sp=0x00000028e6dfebf0
Event: 36.594 Thread 0x000001fc102d4040 DEOPT UNPACKING pc=0x000001fc0758ace3 sp=0x00000028e6dfe0b0 mode 0

Classes unloaded (0 events):
No events

Classes redefined (0 events):
No events

Internal exceptions (20 events):
Event: 36.592 Thread 0x000001fc110dedf0 Exception <a 'java/io/IOException'{0x00000000987af150}> (0x00000000987af150) 
thrown [s\src\hotspot\share\prims\jni.cpp, line 516]
Event: 36.592 Thread 0x000001fc110dedf0 Exception <a 'java/io/IOException'{0x00000000987af4f8}> (0x00000000987af4f8) 
thrown [s\src\hotspot\share\prims\jni.cpp, line 516]
Event: 36.592 Thread 0x000001fc110dedf0 Exception <a 'java/io/IOException'{0x00000000987afce8}> (0x00000000987afce8) 
thrown [s\src\hotspot\share\prims\jni.cpp, line 516]
Event: 36.592 Thread 0x000001fc110dedf0 Exception <a 'java/io/IOException'{0x00000000987b0090}> (0x00000000987b0090) 
thrown [s\src\hotspot\share\prims\jni.cpp, line 516]
Event: 36.592 Thread 0x000001fc110dedf0 Exception <a 'java/io/IOException'{0x00000000987b0438}> (0x00000000987b0438) 
thrown [s\src\hotspot\share\prims\jni.cpp, line 516]
Event: 36.592 Thread 0x000001fc110dedf0 Exception <a 'java/io/IOException'{0x00000000987b0b48}> (0x00000000987b0b48) 
thrown [s\src\hotspot\share\prims\jni.cpp, line 516]
Event: 36.592 Thread 0x000001fc110dedf0 Exception <a 'java/io/IOException'{0x00000000987b0ef0}> (0x00000000987b0ef0) 
thrown [s\src\hotspot\share\prims\jni.cpp, line 516]
Event: 36.592 Thread 0x000001fc110dedf0 Exception <a 'java/io/IOException'{0x00000000987b1738}> (0x00000000987b1738) 
thrown [s\src\hotspot\share\prims\jni.cpp, line 516]
Event: 36.592 Thread 0x000001fc110dedf0 Exception <a 'java/io/IOException'{0x00000000987b1ae0}> (0x00000000987b1ae0) 
thrown [s\src\hotspot\share\prims\jni.cpp, line 516]
Event: 36.592 Thread 0x000001fc110dedf0 Exception <a 'java/io/IOException'{0x00000000987b1e88}> (0x00000000987b1e88) 
thrown [s\src\hotspot\share\prims\jni.cpp, line 516]
Event: 36.592 Thread 0x000001fc110dedf0 Exception <a 'java/io/IOException'{0x00000000987b2638}> (0x00000000987b2638) 
thrown [s\src\hotspot\share\prims\jni.cpp, line 516]
Event: 36.592 Thread 0x000001fc110dedf0 Exception <a 'java/io/IOException'{0x00000000987b29e0}> (0x00000000987b29e0) 
thrown [s\src\hotspot\share\prims\jni.cpp, line 516]
Event: 36.592 Thread 0x000001fc110dedf0 Exception <a 'java/io/IOException'{0x00000000987b3278}> (0x00000000987b3278) 
thrown [s\src\hotspot\share\prims\jni.cpp, line 516]
Event: 36.592 Thread 0x000001fc110dedf0 Exception <a 'java/io/IOException'{0x00000000987b3620}> (0x00000000987b3620) 
thrown [s\src\hotspot\share\prims\jni.cpp, line 516]
Event: 36.592 Thread 0x000001fc110dedf0 Exception <a 'java/io/IOException'{0x00000000987b39c8}> (0x00000000987b39c8) 
thrown [s\src\hotspot\share\prims\jni.cpp, line 516]
Event: 36.593 Thread 0x000001fc110dedf0 Exception <a 'java/io/IOException'{0x00000000987b4140}> (0x00000000987b4140) 
thrown [s\src\hotspot\share\prims\jni.cpp, line 516]
Event: 36.593 Thread 0x000001fc110dedf0 Exception <a 'java/io/IOException'{0x00000000987b44e8}> (0x00000000987b44e8) 
thrown [s\src\hotspot\share\prims\jni.cpp, line 516]
Event: 36.593 Thread 0x000001fc110dedf0 Exception <a 'java/io/IOException'{0x00000000987b4db8}> (0x00000000987b4db8) 
thrown [s\src\hotspot\share\prims\jni.cpp, line 516]
Event: 36.593 Thread 0x000001fc110dedf0 Exception <a 'java/io/IOException'{0x00000000987b5160}> (0x00000000987b5160) 
thrown [s\src\hotspot\share\prims\jni.cpp, line 516]
Event: 36.593 Thread 0x000001fc110dedf0 Exception <a 'java/io/IOException'{0x00000000987b5508}> (0x00000000987b5508) 
thrown [s\src\hotspot\share\prims\jni.cpp, line 516]

VM Operations (20 events):
Event: 30.621 Executing VM operation: HandshakeAllThreads
Event: 30.621 Executing VM operation: HandshakeAllThreads done
Event: 31.272 Executing VM operation: ICBufferFull
Event: 31.272 Executing VM operation: ICBufferFull done
Event: 32.281 Executing VM operation: Cleanup
Event: 32.281 Executing VM operation: Cleanup done
Event: 33.293 Executing VM operation: Cleanup
Event: 33.293 Executing VM operation: Cleanup done
Event: 34.303 Executing VM operation: Cleanup
Event: 34.318 Executing VM operation: Cleanup done
Event: 34.678 Executing VM operation: G1CollectForAllocation
Event: 34.692 Executing VM operation: G1CollectForAllocation done
Event: 34.749 Executing VM operation: HandshakeAllThreads
Event: 34.750 Executing VM operation: HandshakeAllThreads done
Event: 35.068 Executing VM operation: HandshakeAllThreads
Event: 35.068 Executing VM operation: HandshakeAllThreads done
Event: 35.102 Executing VM operation: HandshakeAllThreads
Event: 35.102 Executing VM operation: HandshakeAllThreads done
Event: 36.104 Executing VM operation: Cleanup
Event: 36.104 Executing VM operation: Cleanup done

Events (20 events):
Event: 35.116 Thread 0x000001fc7ac51420 flushing nmethod 0x000001fc00e06490
Event: 35.116 Thread 0x000001fc7ac51420 flushing nmethod 0x000001fc00e13090
Event: 35.116 Thread 0x000001fc7ac51420 flushing nmethod 0x000001fc00e13e90
Event: 35.117 Thread 0x000001fc7ac51420 flushing nmethod 0x000001fc00e64690
Event: 35.117 Thread 0x000001fc7ac51420 flushing nmethod 0x000001fc00e64a90
Event: 35.117 Thread 0x000001fc7ac51420 flushing nmethod 0x000001fc00e65090
Event: 35.117 Thread 0x000001fc7ac51420 flushing nmethod 0x000001fc00e65490
Event: 35.117 Thread 0x000001fc7ac51420 flushing nmethod 0x000001fc00e65d90
Event: 35.117 Thread 0x000001fc7ac51420 flushing nmethod 0x000001fc00e66210
Event: 35.117 Thread 0x000001fc7ac51420 flushing nmethod 0x000001fc00e69490
Event: 35.117 Thread 0x000001fc7ac51420 flushing nmethod 0x000001fc00e9d090
Event: 35.645 Thread 0x000001fc110de3d0 Thread added: 0x000001fc110de3d0
Event: 35.645 Thread 0x000001fc110df810 Thread added: 0x000001fc110df810
Event: 35.645 Thread 0x000001fc110dfd20 Thread added: 0x000001fc110dfd20
Event: 35.779 Thread 0x000001fc110df300 Thread exited: 0x000001fc110df300
Event: 36.588 loading class java/lang/Throwable$WrappedPrintStream
Event: 36.588 loading class java/lang/Throwable$PrintStreamOrWriter
Event: 36.588 loading class java/lang/Throwable$PrintStreamOrWriter done
Event: 36.588 loading class java/lang/Throwable$WrappedPrintStream done
Event: 36.593 Thread 0x000001fc110dedf0 Thread exited: 0x000001fc110dedf0


Dynamic libraries:
0x00007ff69cd20000 - 0x00007ff69cd2e000 	D:\software\STMicroelectronics\STM32Cube\STM32CubeMX\jre\bin\javaw.exe
0x00007fff77e50000 - 0x00007fff78067000 	C:\WINDOWS\SYSTEM32\ntdll.dll
0x00007fff76cd0000 - 0x00007fff76d94000 	C:\WINDOWS\System32\KERNEL32.DLL
0x00007fff75290000 - 0x00007fff7563d000 	C:\WINDOWS\System32\KERNELBASE.dll
0x00007fff70110000 - 0x00007fff701a7000 	C:\WINDOWS\SYSTEM32\apphelp.dll
0x00007fff756b0000 - 0x00007fff757c1000 	C:\WINDOWS\System32\ucrtbase.dll
0x00007fff707d0000 - 0x00007fff707e7000 	D:\software\STMicroelectronics\STM32Cube\STM32CubeMX\jre\bin\jli.dll
0x00007fff76350000 - 0x00007fff764fe000 	C:\WINDOWS\System32\USER32.dll
0x00007fff74440000 - 0x00007fff746d3000 	C:\WINDOWS\WinSxS\amd64_microsoft.windows.common-controls_6595b64144ccf1df_6.0.22621.3672_none_2713b9d173822955\COMCTL32.dll
0x00007fff758f0000 - 0x00007fff75916000 	C:\WINDOWS\System32\win32u.dll
0x00007fff772f0000 - 0x00007fff77397000 	C:\WINDOWS\System32\msvcrt.dll
0x00007fff76320000 - 0x00007fff76349000 	C:\WINDOWS\System32\GDI32.dll
0x00007fff75170000 - 0x00007fff75289000 	C:\WINDOWS\System32\gdi32full.dll
0x00007fff757d0000 - 0x00007fff7586a000 	C:\WINDOWS\System32\msvcp_win.dll
0x00007fff6fa00000 - 0x00007fff6fa1b000 	D:\software\STMicroelectronics\STM32Cube\STM32CubeMX\jre\bin\VCRUNTIME140.dll
0x00007fff77d80000 - 0x00007fff77db1000 	C:\WINDOWS\System32\IMM32.DLL
0x00007fff713a0000 - 0x00007fff713ac000 	D:\software\STMicroelectronics\STM32Cube\STM32CubeMX\jre\bin\vcruntime140_1.dll
0x00007fff4b7b0000 - 0x00007fff4b83d000 	D:\software\STMicroelectronics\STM32Cube\STM32CubeMX\jre\bin\msvcp140.dll
0x00007ffef8230000 - 0x00007ffef8e92000 	D:\software\STMicroelectronics\STM32Cube\STM32CubeMX\jre\bin\server\jvm.dll
0x00007fff766c0000 - 0x00007fff76772000 	C:\WINDOWS\System32\ADVAPI32.dll
0x00007fff75e90000 - 0x00007fff75f39000 	C:\WINDOWS\System32\sechost.dll
0x00007fff75920000 - 0x00007fff75948000 	C:\WINDOWS\System32\bcrypt.dll
0x00007fff76500000 - 0x00007fff76614000 	C:\WINDOWS\System32\RPCRT4.dll
0x00007fff75030000 - 0x00007fff7507d000 	C:\WINDOWS\SYSTEM32\POWRPROF.dll
0x00007fff6de90000 - 0x00007fff6dec4000 	C:\WINDOWS\SYSTEM32\WINMM.dll
0x00007fff6ded0000 - 0x00007fff6ded9000 	C:\WINDOWS\SYSTEM32\WSOCK32.dll
0x00007fff75f60000 - 0x00007fff75fd1000 	C:\WINDOWS\System32\WS2_32.dll
0x00007fff6db00000 - 0x00007fff6db0a000 	C:\WINDOWS\SYSTEM32\VERSION.dll
0x00007fff74f60000 - 0x00007fff74f73000 	C:\WINDOWS\SYSTEM32\UMPDC.dll
0x00007fff73880000 - 0x00007fff73898000 	C:\WINDOWS\SYSTEM32\kernel.appcore.dll
0x00007fff6dbd0000 - 0x00007fff6dbda000 	D:\software\STMicroelectronics\STM32Cube\STM32CubeMX\jre\bin\jimage.dll
0x00007fff74ac0000 - 0x00007fff74cf2000 	C:\WINDOWS\SYSTEM32\DBGHELP.DLL
0x00007fff76780000 - 0x00007fff76b0d000 	C:\WINDOWS\System32\combase.dll
0x00007fff773a0000 - 0x00007fff77477000 	C:\WINDOWS\System32\OLEAUT32.dll
0x00007fff748c0000 - 0x00007fff748f2000 	C:\WINDOWS\SYSTEM32\dbgcore.DLL
0x00007fff75870000 - 0x00007fff758eb000 	C:\WINDOWS\System32\bcryptPrimitives.dll
0x00007fff60a80000 - 0x00007fff60aa5000 	D:\software\STMicroelectronics\STM32Cube\STM32CubeMX\jre\bin\java.dll
0x00007fff30520000 - 0x00007fff305f7000 	D:\software\STMicroelectronics\STM32Cube\STM32CubeMX\jre\bin\jsvml.dll
0x00007fff77500000 - 0x00007fff77d68000 	C:\WINDOWS\System32\SHELL32.dll
0x00007fff727d0000 - 0x00007fff730ce000 	C:\WINDOWS\SYSTEM32\windows.storage.dll
0x00007fff72660000 - 0x00007fff7279f000 	C:\WINDOWS\SYSTEM32\wintypes.dll
0x00007fff75c30000 - 0x00007fff75d29000 	C:\WINDOWS\System32\SHCORE.dll
0x00007fff762c0000 - 0x00007fff7631e000 	C:\WINDOWS\System32\shlwapi.dll
0x00007fff750a0000 - 0x00007fff750c1000 	C:\WINDOWS\SYSTEM32\profapi.dll
0x00007fff616b0000 - 0x00007fff616c9000 	D:\software\STMicroelectronics\STM32Cube\STM32CubeMX\jre\bin\net.dll
0x00007fff70b10000 - 0x00007fff70c46000 	C:\WINDOWS\SYSTEM32\WINHTTP.dll
0x00007fff73cb0000 - 0x00007fff73d19000 	C:\WINDOWS\system32\mswsock.dll
0x00007fff60c00000 - 0x00007fff60c16000 	D:\software\STMicroelectronics\STM32Cube\STM32CubeMX\jre\bin\nio.dll
0x00007fff60990000 - 0x00007fff609a8000 	D:\software\STMicroelectronics\STM32Cube\STM32CubeMX\jre\bin\zip.dll
0x00007fff6dbc0000 - 0x00007fff6dbc9000 	D:\software\STMicroelectronics\STM32Cube\STM32CubeMX\jre\bin\management.dll
0x00007fff61760000 - 0x00007fff6176b000 	D:\software\STMicroelectronics\STM32Cube\STM32CubeMX\jre\bin\management_ext.dll
0x00007fff760e0000 - 0x00007fff760e8000 	C:\WINDOWS\System32\PSAPI.DLL
0x00007fff485b0000 - 0x00007fff485c7000 	C:\WINDOWS\system32\napinsp.dll
0x00007fff48590000 - 0x00007fff485ab000 	C:\WINDOWS\system32\pnrpnsp.dll
0x00007fff733a0000 - 0x00007fff73498000 	C:\WINDOWS\SYSTEM32\DNSAPI.dll
0x00007fff73330000 - 0x00007fff7335d000 	C:\WINDOWS\SYSTEM32\IPHLPAPI.DLL
0x00007fff76620000 - 0x00007fff76629000 	C:\WINDOWS\System32\NSI.dll
0x00007fff48570000 - 0x00007fff48581000 	C:\WINDOWS\System32\winrnr.dll
0x00007fff4de30000 - 0x00007fff4de45000 	C:\WINDOWS\system32\wshbth.dll
0x00007fff48540000 - 0x00007fff48567000 	C:\WINDOWS\system32\nlansp_c.dll
0x00007fff6ced0000 - 0x00007fff6ceda000 	C:\Windows\System32\rasadhlp.dll
0x00007fff6d630000 - 0x00007fff6d6b3000 	C:\WINDOWS\System32\fwpuclnt.dll
0x00007fff1e920000 - 0x00007fff1eab0000 	D:\software\STMicroelectronics\STM32Cube\STM32CubeMX\jre\bin\awt.dll
0x00007fff74d10000 - 0x00007fff74d2b000 	C:\WINDOWS\SYSTEM32\CRYPTSP.dll
0x00007fff73f70000 - 0x00007fff73fa5000 	C:\WINDOWS\system32\rsaenh.dll
0x00007fff73d20000 - 0x00007fff73d48000 	C:\WINDOWS\SYSTEM32\USERENV.dll
0x00007fff73f50000 - 0x00007fff73f5c000 	C:\WINDOWS\SYSTEM32\CRYPTBASE.dll
0x00007fff707a0000 - 0x00007fff707b9000 	C:\WINDOWS\SYSTEM32\dhcpcsvc6.DLL
0x00007fff70700000 - 0x00007fff7071f000 	C:\WINDOWS\SYSTEM32\dhcpcsvc.DLL
0x00007fff71c60000 - 0x00007fff71d10000 	C:\WINDOWS\system32\uxtheme.dll
0x00007fff75d30000 - 0x00007fff75e8b000 	C:\WINDOWS\System32\MSCTF.dll
0x00007fff76110000 - 0x00007fff762b5000 	C:\WINDOWS\System32\ole32.dll
0x00007fff71e90000 - 0x00007fff71ebb000 	C:\WINDOWS\system32\DWMAPI.DLL
0x00007fff4c6e0000 - 0x00007fff4c7e0000 	C:\WINDOWS\system32\opengl32.dll
0x00007fff4cc00000 - 0x00007fff4cc2d000 	C:\WINDOWS\SYSTEM32\GLU32.dll
0x00007fff71d40000 - 0x00007fff71d77000 	C:\WINDOWS\SYSTEM32\dxcore.dll
0x00007fff4b720000 - 0x00007fff4b7a7000 	D:\software\STMicroelectronics\STM32Cube\STM32CubeMX\jre\bin\freetype.dll
0x00007fff24760000 - 0x00007fff24842000 	D:\software\STMicroelectronics\STM32Cube\STM32CubeMX\jre\bin\fontmanager.dll
0x00007fff61600000 - 0x00007fff61610000 	D:\software\STMicroelectronics\STM32Cube\STM32CubeMX\jre\bin\verify.dll
0x00007fff614d0000 - 0x00007fff614d9000 	D:\software\STMicroelectronics\STM32Cube\STM32CubeMX\jre\bin\prefs.dll
0x00007fff61490000 - 0x00007fff6149e000 	D:\software\STMicroelectronics\STM32Cube\STM32CubeMX\jre\bin\sunmscapi.dll
0x00007fff75a10000 - 0x00007fff75b77000 	C:\WINDOWS\System32\CRYPT32.dll
0x00007fff74320000 - 0x00007fff7434e000 	C:\WINDOWS\SYSTEM32\ncrypt.dll
0x00007fff742e0000 - 0x00007fff74317000 	C:\WINDOWS\SYSTEM32\NTASN1.dll
0x00007fff73fc0000 - 0x00007fff73fd2000 	C:\WINDOWS\SYSTEM32\MSASN1.dll
0x00007fff73f20000 - 0x00007fff73f46000 	C:\WINDOWS\SYSTEM32\gpapi.dll
0x00007fff612f0000 - 0x00007fff612f9000 	D:\software\STMicroelectronics\STM32Cube\STM32CubeMX\jre\bin\extnet.dll
0x00007fff5fff0000 - 0x00007fff6001d000 	D:\software\STMicroelectronics\STM32Cube\STM32CubeMX\jre\bin\javajpeg.dll
0x00007fff44040000 - 0x00007fff44080000 	D:\software\STMicroelectronics\STM32Cube\STM32CubeMX\jre\bin\lcms.dll
0x00007fff75b80000 - 0x00007fff75c30000 	C:\WINDOWS\System32\clbcatq.dll
0x00007fff71890000 - 0x00007fff71a41000 	C:\WINDOWS\SYSTEM32\WindowsCodecs.dll
0x00007fff51870000 - 0x00007fff518ce000 	C:\WINDOWS\system32\dataexchange.dll
0x00007fff6ad60000 - 0x00007fff6afea000 	C:\WINDOWS\system32\twinapi.appcore.dll
0x00007fff6c340000 - 0x00007fff6c48e000 	C:\WINDOWS\SYSTEM32\textinputframework.dll
0x00007fff519d0000 - 0x00007fff51a39000 	C:\WINDOWS\system32\Oleacc.dll
0x00007fff53240000 - 0x00007fff53685000 	C:\WINDOWS\SYSTEM32\UIAutomationCore.dll
0x00007fff20a70000 - 0x00007fff20b7b000 	C:\Users\23317\.stm32cubemx\.jxbrowser-7.38.2\Chromium\toolkit64.dll
0x00007fff1e630000 - 0x00007fff1e73c000 	C:\Users\23317\.stm32cubemx\.jxbrowser-7.38.2\Chromium\ipc64.dll

dbghelp: loaded successfully - version: 4.0.5 - missing functions: none
symbol engine: initialized successfully - sym options: 0x614 - pdb path: .;D:\software\STMicroelectronics\STM32Cube\STM32CubeMX\jre\bin;C:\WINDOWS\SYSTEM32;C:\WINDOWS\WinSxS\amd64_microsoft.windows.common-controls_6595b64144ccf1df_6.0.22621.3672_none_2713b9d173822955;D:\software\STMicroelectronics\STM32Cube\STM32CubeMX\jre\bin\server;C:\Users\23317\.stm32cubemx\.jxbrowser-7.38.2\Chromium

VM Arguments:
jvm_args: -Dfile.encoding=UTF-8 -Djavax.net.ssl.trustStoreType=WINDOWS-ROOT -Dsun.java2d.d3d=false 
java_command: com.st.microxplorer.maingui.STM32CubeMX D:\workspace\cubemx\jp360ica_96755\jp360ica_96755.ioc
java_class_path (initial): D:\software\STMicroelectronics\STM32Cube\STM32CubeMX\STM32CubeMX.exe;anything
Launcher Type: SUN_STANDARD

[Global flags]
     intx CICompilerCount                          = 4                                         {product} {ergonomic}
     uint ConcGCThreads                            = 2                                         {product} {ergonomic}
     uint G1ConcRefinementThreads                  = 8                                         {product} {ergonomic}
   size_t G1HeapRegionSize                         = 1048576                                   {product} {ergonomic}
    uintx GCDrainStackTargetSize                   = 64                                        {product} {ergonomic}
   size_t InitialHeapSize                          = 127926272                                 {product} {ergonomic}
   size_t MarkStackSize                            = 4194304                                   {product} {ergonomic}
   size_t MaxHeapSize                              = 2040528896                                {product} {ergonomic}
   size_t MaxNewSize                               = 1223688192                                {product} {ergonomic}
   size_t MinHeapDeltaBytes                        = 1048576                                   {product} {ergonomic}
   size_t MinHeapSize                              = 8388608                                   {product} {ergonomic}
    uintx NonNMethodCodeHeapSize                   = 5839372                                {pd product} {ergonomic}
    uintx NonProfiledCodeHeapSize                  = 122909434                              {pd product} {ergonomic}
    uintx ProfiledCodeHeapSize                     = 122909434                              {pd product} {ergonomic}
    uintx ReservedCodeCacheSize                    = 251658240                              {pd product} {ergonomic}
     bool SegmentedCodeCache                       = true                                      {product} {ergonomic}
   size_t SoftMaxHeapSize                          = 2040528896                             {manageable} {ergonomic}
     bool UseCompressedClassPointers               = true                           {product lp64_product} {ergonomic}
     bool UseCompressedOops                        = true                           {product lp64_product} {ergonomic}
     bool UseG1GC                                  = true                                      {product} {ergonomic}
     bool UseLargePagesIndividualAllocation        = false                                  {pd product} {ergonomic}

Logging:
Log output configuration:
 #0: stdout all=warning uptime,level,tags
 #1: stderr all=off uptime,level,tags

Environment Variables:
JAVA_TOOL_OPTIONS=-Dfile.encoding=UTF-8
PATH=D:\software\STMicroelectronics\STM32Cube\STM32CubeMX\;C:\WINDOWS\system32;C:\WINDOWS;C:\WINDOWS\System32\Wbem;C:\WINDOWS\System32\WindowsPowerShell\v1.0\;C:\WINDOWS\System32\OpenSSH\;C:\Program Files\Microsoft VS Code\bin;D:\software\PortableGit\cmd;C:\Users\23317\AppData\Local\Microsoft\WindowsApps;C:\ProgramData\miniconda3;C:\ProgramData\miniconda3\Scripts;C:\ProgramData\miniconda3\Library\lib;D:\software\mingw64\bin;C:\Users\23317\AppData\Roaming\yt_config_tool\ninja-win;C:\Users\23317\AppData\Roaming\yt_config_tool\gcc-arm-none-eabi-10.3-2021.10\bin;C:\Users\23317\AppData\Roaming\yt_config_tool\cmake-3.26.4-windows-x86_64\bin;D:\binmerge\bin-merge;C:\Keil_v5\ARM\Segger;;D:\software\STMicroelectronics\STM32Cube\STM32CubeMX\.\jre\\bin
USERNAME=23317
OS=Windows_NT
PROCESSOR_IDENTIFIER=Intel64 Family 6 Model 126 Stepping 5, GenuineIntel
TMP=C:\Users\23317\AppData\Local\Temp
TEMP=C:\Users\23317\AppData\Local\Temp



Periodic native trim disabled


---------------  S Y S T E M  ---------------

OS:
 Windows 11 , 64 bit Build 22621 (10.0.22621.3958)
OS uptime: 11 days 22:14 hours
Hyper-V role detected

CPU: total 8 (initial active 8) (4 cores per cpu, 2 threads per core) family 6 model 126 stepping 5 microcode 0xbc, cx8, cmov, fxsr, ht, mmx, 3dnowpref, sse, sse2, sse3, ssse3, sse4.1, sse4.2, popcnt, lzcnt, tsc, tscinvbit, avx, avx2, aes, erms, clmul, bmi1, bmi2, adx, avx512f, avx512dq, avx512cd, avx512bw, avx512vl, sha, fma, vzeroupper, avx512_vpopcntdq, avx512_vpclmulqdq, avx512_vaes, avx512_vnni, clflush, clflushopt, avx512_vbmi2, avx512_vbmi, hv
Processor Information for all 8 processors :
  Max Mhz: 1190, Current Mhz: 991, Mhz Limit: 987

Memory: 4k page, system-wide physical 7778M (241M free)
TotalPageFile size 20326M (AvailPageFile size 25M)
current process WorkingSet (physical memory assigned to process): 483M, peak: 490M
current process commit charge ("private bytes"): 533M, peak: 536M

vm_info: OpenJDK 64-Bit Server VM (17.0.11+9) for windows-amd64 JRE (17.0.11+9), built on Apr 17 2024 06:07:48 by "admin" with MS VC++ 16.10 / 16.11 (VS2019)

END.
